Log file open, 01/18/21 15:40:04
LogInit: Display: Running engine for game: TCRFAS
LogPlatformFile: Not using cached read wrapper
LogTaskGraph: Started task graph with 5 named threads and 47 total threads with 3 sets of task threads.
LogStats: Stats thread started at 1.636922
LogD3D11RHI: Loaded GFSDK_Aftermath_Lib.x64.dll
LogICUInternationalization: ICU TimeZone Detection - Raw Offset: -5:00, Platform Override: ''
LogPluginManager: Mounting plugin Paper2D
LogPluginManager: Mounting plugin AISupport
LogPluginManager: Mounting plugin LightPropagationVolume
LogPluginManager: Mounting plugin CameraShakePreviewer
LogPluginManager: Mounting plugin ActorLayerUtilities
LogPluginManager: Mounting plugin AnimationSharing
LogPluginManager: Mounting plugin CLionSourceCodeAccess
LogPluginManager: Mounting plugin CodeLiteSourceCodeAccess
LogPluginManager: Mounting plugin GitSourceControl
LogPluginManager: Mounting plugin KDevelopSourceCodeAccess
LogPluginManager: Mounting plugin NullSourceCodeAccess
LogPluginManager: Mounting plugin PerforceSourceControl
LogPluginManager: Mounting plugin PlasticSourceControl
LogPluginManager: Mounting plugin RiderSourceCodeAccess
LogPluginManager: Mounting plugin SubversionSourceControl
LogPluginManager: Mounting plugin UObjectPlugin
LogPluginManager: Mounting plugin VisualStudioCodeSourceCodeAccess
LogPluginManager: Mounting plugin VisualStudioSourceCodeAccess
LogPluginManager: Mounting plugin XCodeSourceCodeAccess
LogPluginManager: Mounting plugin AssetManagerEditor
LogPluginManager: Mounting plugin CryptoKeys
LogPluginManager: Mounting plugin CurveEditorTools
LogPluginManager: Mounting plugin DataValidation
LogPluginManager: Mounting plugin EditorScriptingUtilities
LogPluginManager: Mounting plugin FacialAnimation
LogPluginManager: Mounting plugin GameplayTagsEditor
LogPluginManager: Mounting plugin GeometryMode
LogPluginManager: Mounting plugin MacGraphicsSwitching
LogPluginManager: Mounting plugin MaterialAnalyzer
LogPluginManager: Mounting plugin MobileLauncherProfileWizard
LogPluginManager: Mounting plugin PluginBrowser
LogPluginManager: Mounting plugin SpeedTreeImporter
LogPluginManager: Mounting plugin DatasmithContent
LogPluginManager: Mounting plugin VariantManagerContent
LogPluginManager: Mounting plugin AlembicImporter
LogPluginManager: Mounting plugin AutomationUtils
LogPluginManager: Mounting plugin BackChannel
LogPluginManager: Mounting plugin ChaosCloth
LogPluginManager: Mounting plugin ChaosClothEditor
LogPluginManager: Mounting plugin ChaosEditor
LogPluginManager: Mounting plugin ChaosNiagara
LogPluginManager: Mounting plugin ChaosSolverPlugin
LogPluginManager: Mounting plugin CharacterAI
LogPluginManager: Mounting plugin GeometryCache
LogPluginManager: Mounting plugin GeometryCollectionPlugin
LogPluginManager: Mounting plugin GeometryProcessing
LogPluginManager: Mounting plugin PlanarCut
LogPluginManager: Mounting plugin PlatformCrypto
LogPluginManager: Mounting plugin ProxyLODPlugin
LogPluginManager: Mounting plugin SkeletalReduction
LogPluginManager: Mounting plugin Niagara
LogPluginManager: Mounting plugin MagicLeap
LogPluginManager: Mounting plugin MagicLeapLightEstimation
LogPluginManager: Mounting plugin MagicLeapMedia
LogPluginManager: Mounting plugin MagicLeapPassableWorld
LogPluginManager: Mounting plugin MLSDK
LogPluginManager: Mounting plugin AndroidMedia
LogPluginManager: Mounting plugin AvfMedia
LogPluginManager: Mounting plugin ImgMedia
LogPluginManager: Mounting plugin MediaCompositing
LogPluginManager: Mounting plugin MediaPlayerEditor
LogPluginManager: Mounting plugin WebMMedia
LogPluginManager: Mounting plugin WmfMedia
LogPluginManager: Mounting plugin MeshPainting
LogPluginManager: Mounting plugin TcpMessaging
LogPluginManager: Mounting plugin UdpMessaging
LogPluginManager: Mounting plugin ActorSequence
LogPluginManager: Mounting plugin LevelSequenceEditor
LogPluginManager: Mounting plugin MatineeToLevelSequence
LogPluginManager: Mounting plugin MovieRenderPipeline
LogPluginManager: Mounting plugin TemplateSequence
LogPluginManager: Mounting plugin NetcodeUnitTest
LogPluginManager: Mounting plugin NUTUnrealEngine4
LogPluginManager: Mounting plugin OnlineSubsystemGooglePlay
LogPluginManager: Mounting plugin OnlineSubsystemIOS
LogPluginManager: Mounting plugin OnlineSubsystem
LogPluginManager: Mounting plugin OnlineSubsystemNull
LogPluginManager: Mounting plugin OnlineSubsystemUtils
LogPluginManager: Mounting plugin LauncherChunkInstaller
LogPluginManager: Mounting plugin AndroidDeviceProfileSelector
LogPluginManager: Mounting plugin AndroidMoviePlayer
LogPluginManager: Mounting plugin AndroidPermission
LogPluginManager: Mounting plugin AppleImageUtils
LogPluginManager: Mounting plugin AppleMoviePlayer
LogPluginManager: Mounting plugin ArchVisCharacter
LogPluginManager: Mounting plugin AssetTags
LogPluginManager: Mounting plugin AudioCapture
LogPluginManager: Mounting plugin CableComponent
LogPluginManager: Mounting plugin CustomMeshComponent
LogPluginManager: Mounting plugin EditableMesh
LogPluginManager: Mounting plugin ExampleDeviceProfileSelector
LogPluginManager: Mounting plugin GoogleCloudMessaging
LogPluginManager: Mounting plugin GooglePAD
LogPluginManager: Mounting plugin IOSDeviceProfileSelector
LogPluginManager: Mounting plugin LinuxDeviceProfileSelector
LogPluginManager: Mounting plugin LocationServicesBPLibrary
LogPluginManager: Mounting plugin MobilePatchingUtils
LogPluginManager: Mounting plugin OculusVR
LogPluginManager: Mounting plugin PhysXVehicles
LogPluginManager: Mounting plugin PostSplashScreen
LogPluginManager: Mounting plugin ProceduralMeshComponent
LogPluginManager: Mounting plugin RuntimePhysXCooking
LogPluginManager: Mounting plugin SignificanceManager
LogPluginManager: Mounting plugin SoundFields
LogPluginManager: Mounting plugin SteamVR
LogPluginManager: Mounting plugin Synthesis
LogPluginManager: Mounting plugin WebMMoviePlayer
LogPluginManager: Mounting plugin WindowsMoviePlayer
LogPluginManager: Mounting plugin ScreenshotTools
LogPluginManager: Mounting plugin RiderLink
LogInit: Using libcurl 7.55.1-DEV
LogInit:  - built for x86_64-pc-win32
LogInit:  - supports SSL with OpenSSL/1.1.1
LogInit:  - supports HTTP deflate (compression) using libz 1.2.8
LogInit:  - other features:
LogInit:      CURL_VERSION_SSL
LogInit:      CURL_VERSION_LIBZ
LogInit:      CURL_VERSION_IPV6
LogInit:      CURL_VERSION_ASYNCHDNS
LogInit:      CURL_VERSION_LARGEFILE
LogInit:      CURL_VERSION_IDN
LogInit:  CurlRequestOptions (configurable via config and command line):
LogInit:  - bVerifyPeer = true  - Libcurl will verify peer certificate
LogInit:  - bUseHttpProxy = false  - Libcurl will NOT use HTTP proxy
LogInit:  - bDontReuseConnections = false  - Libcurl will reuse connections
LogInit:  - MaxHostConnections = 16  - Libcurl will limit the number of connections to a host
LogInit:  - LocalHostAddr = Default
LogInit:  - BufferSize = 65536
LogOnline: OSS: Creating online subsystem instance for: NULL
LogInit: WinSock: version 1.1 (2.2), MaxSocks=32767, MaxUdp=65467
LogOnline: OSS: TryLoadSubsystemAndSetDefault: Loaded subsystem for module [NULL]
LogInit: Build: ++UE4+Release-4.25-CL-14469661
LogInit: Engine Version: 4.25.4-14469661+++UE4+Release-4.25
LogInit: Compatible Engine Version: 4.25.0-13144385+++UE4+Release-4.25
LogInit: Net CL: 13144385
LogInit: OS: Windows 10 (Release 1909) (), CPU: AMD Ryzen 7 3700X 8-Core Processor             , GPU: NVIDIA GeForce GTX 1660 Ti
LogInit: Compiled (64-bit): Oct 11 2020 08:10:49
LogInit: Compiled with Visual C++: 19.24.28315.00
LogInit: Build Configuration: Development
LogInit: Branch Name: ++UE4+Release-4.25
LogInit: Command Line: 
LogInit: Base Directory: C:/Program Files (x86)/UE_4.25/Engine/Binaries/Win64/
LogInit: Allocator: TBB
LogInit: Installed Engine Build: 1
LogDevObjectVersion: Number of dev versions registered: 26
LogDevObjectVersion:   Dev-Blueprints (B0D832E4-1F89-4F0D-ACCF-7EB736FD4AA2): 10
LogDevObjectVersion:   Dev-Build (E1C64328-A22C-4D53-A36C-8E866417BD8C): 0
LogDevObjectVersion:   Dev-Core (375EC13C-06E4-48FB-B500-84F0262A717E): 4
LogDevObjectVersion:   Dev-Editor (E4B068ED-F494-42E9-A231-DA0B2E46BB41): 38
LogDevObjectVersion:   Dev-Framework (CFFC743F-43B0-4480-9391-14DF171D2073): 37
LogDevObjectVersion:   Dev-Mobile (B02B49B5-BB20-44E9-A304-32B752E40360): 2
LogDevObjectVersion:   Dev-Networking (A4E4105C-59A1-49B5-A7C5-40C4547EDFEE): 0
LogDevObjectVersion:   Dev-Online (39C831C9-5AE6-47DC-9A44-9C173E1C8E7C): 0
LogDevObjectVersion:   Dev-Physics (78F01B33-EBEA-4F98-B9B4-84EACCB95AA2): 4
LogDevObjectVersion:   Dev-Platform (6631380F-2D4D-43E0-8009-CF276956A95A): 0
LogDevObjectVersion:   Dev-Rendering (12F88B9F-8875-4AFC-A67C-D90C383ABD29): 43
LogDevObjectVersion:   Dev-Sequencer (7B5AE74C-D270-4C10-A958-57980B212A5A): 12
LogDevObjectVersion:   Dev-VR (D7296918-1DD6-4BDD-9DE2-64A83CC13884): 3
LogDevObjectVersion:   Dev-LoadTimes (C2A15278-BFE7-4AFE-6C17-90FF531DF755): 1
LogDevObjectVersion:   Private-Geometry (6EACA3D4-40EC-4CC1-B786-8BED09428FC5): 3
LogDevObjectVersion:   Dev-AnimPhys (29E575DD-E0A3-4627-9D10-D276232CDCEA): 17
LogDevObjectVersion:   Dev-Anim (AF43A65D-7FD3-4947-9873-3E8ED9C1BB05): 7
LogDevObjectVersion:   Dev-ReflectionCapture (6B266CEC-1EC7-4B8F-A30B-E4D90942FC07): 1
LogDevObjectVersion:   Dev-Automation (0DF73D61-A23F-47EA-B727-89E90C41499A): 1
LogDevObjectVersion:   FortniteMain (601D1886-AC64-4F84-AA16-D3DE0DEAC7D6): 31
LogDevObjectVersion:   Dev-Enterprise (9DFFBCD6-494F-0158-E221-12823C92A888): 10
LogDevObjectVersion:   Dev-Niagara (F2AED0AC-9AFE-416F-8664-AA7FFA26D6FC): 1
LogDevObjectVersion:   Dev-Destruction (174F1F0B-B4C6-45A5-B13F-2EE8D0FB917D): 10
LogDevObjectVersion:   Dev-Physics-Ext (35F94A83-E258-406C-A318-09F59610247C): 37
LogDevObjectVersion:   Dev-PhysicsMaterial-Chaos (B68FC16E-8B1B-42E2-B453-215C058844FE): 1
LogDevObjectVersion:   Dev-CineCamera (B2E18506-4273-CFC2-A54E-F4BB758BBA07): 1
LogInit: Presizing for max 25165824 objects, including 0 objects not considered by GC, pre-allocating 0 bytes for permanent pool.
LogConfig: Applying CVar settings from Section [/Script/Engine.StreamingSettings] File [F:/PersonalProjects/TC-RFAS/TCRFAS/Saved/Config/Windows/Engine.ini]
LogConfig: Setting CVar [[s.MinBulkDataSizeForAsyncLoading:131072]]
LogConfig: Setting CVar [[s.AsyncLoadingThreadEnabled:0]]
LogConfig: Setting CVar [[s.EventDrivenLoaderEnabled:1]]
LogConfig: Setting CVar [[s.WarnIfTimeLimitExceeded:0]]
LogConfig: Setting CVar [[s.TimeLimitExceededMultiplier:1.5]]
LogConfig: Setting CVar [[s.TimeLimitExceededMinTime:0.005]]
LogConfig: Setting CVar [[s.UseBackgroundLevelStreaming:1]]
LogConfig: Setting CVar [[s.PriorityAsyncLoadingExtraTime:15.0]]
LogConfig: Setting CVar [[s.LevelStreamingActorsUpdateTimeLimit:5.0]]
LogConfig: Setting CVar [[s.PriorityLevelStreamingActorsUpdateExtraTime:5.0]]
LogConfig: Setting CVar [[s.LevelStreamingComponentsRegistrationGranularity:10]]
LogConfig: Setting CVar [[s.UnregisterComponentsTimeLimit:1.0]]
LogConfig: Setting CVar [[s.LevelStreamingComponentsUnregistrationGranularity:5]]
LogConfig: Setting CVar [[s.FlushStreamingOnExit:1]]
LogInit: Object subsystem initialized
LogConfig: Setting CVar [[con.DebugEarlyDefault:1]]
LogConfig: Setting CVar [[r.setres:1280x720]]
[2021.01.18-20.40.05:438][  0]LogConfig: Setting CVar [[r.VSync:0]]
[2021.01.18-20.40.05:438][  0]LogConfig: Setting CVar [[r.RHICmdBypass:0]]
[2021.01.18-20.40.05:439][  0]LogConfig: Applying CVar settings from Section [/Script/Engine.RendererSettings] File [F:/PersonalProjects/TC-RFAS/TCRFAS/Saved/Config/Windows/Engine.ini]
[2021.01.18-20.40.05:439][  0]LogConfig: Setting CVar [[r.GPUCrashDebugging:0]]
[2021.01.18-20.40.05:439][  0]LogConfig: Applying CVar settings from Section [/Script/Engine.RendererOverrideSettings] File [F:/PersonalProjects/TC-RFAS/TCRFAS/Saved/Config/Windows/Engine.ini]
[2021.01.18-20.40.05:439][  0]LogConfig: Applying CVar settings from Section [/Script/Engine.StreamingSettings] File [F:/PersonalProjects/TC-RFAS/TCRFAS/Saved/Config/Windows/Engine.ini]
[2021.01.18-20.40.05:439][  0]LogConfig: Setting CVar [[s.MinBulkDataSizeForAsyncLoading:131072]]
[2021.01.18-20.40.05:439][  0]LogConfig: Setting CVar [[s.AsyncLoadingThreadEnabled:0]]
[2021.01.18-20.40.05:439][  0]LogConfig: Setting CVar [[s.EventDrivenLoaderEnabled:1]]
[2021.01.18-20.40.05:439][  0]LogConfig: Setting CVar [[s.WarnIfTimeLimitExceeded:0]]
[2021.01.18-20.40.05:439][  0]LogConfig: Setting CVar [[s.TimeLimitExceededMultiplier:1.5]]
[2021.01.18-20.40.05:439][  0]LogConfig: Setting CVar [[s.TimeLimitExceededMinTime:0.005]]
[2021.01.18-20.40.05:439][  0]LogConfig: Setting CVar [[s.UseBackgroundLevelStreaming:1]]
[2021.01.18-20.40.05:439][  0]LogConfig: Setting CVar [[s.PriorityAsyncLoadingExtraTime:15.0]]
[2021.01.18-20.40.05:439][  0]LogConfig: Setting CVar [[s.LevelStreamingActorsUpdateTimeLimit:5.0]]
[2021.01.18-20.40.05:439][  0]LogConfig: Setting CVar [[s.PriorityLevelStreamingActorsUpdateExtraTime:5.0]]
[2021.01.18-20.40.05:439][  0]LogConfig: Setting CVar [[s.LevelStreamingComponentsRegistrationGranularity:10]]
[2021.01.18-20.40.05:439][  0]LogConfig: Setting CVar [[s.UnregisterComponentsTimeLimit:1.0]]
[2021.01.18-20.40.05:439][  0]LogConfig: Setting CVar [[s.LevelStreamingComponentsUnregistrationGranularity:5]]
[2021.01.18-20.40.05:439][  0]LogConfig: Setting CVar [[s.FlushStreamingOnExit:1]]
[2021.01.18-20.40.05:439][  0]LogConfig: Applying CVar settings from Section [/Script/Engine.GarbageCollectionSettings] File [F:/PersonalProjects/TC-RFAS/TCRFAS/Saved/Config/Windows/Engine.ini]
[2021.01.18-20.40.05:439][  0]LogConfig: Setting CVar [[gc.MaxObjectsNotConsideredByGC:1]]
[2021.01.18-20.40.05:439][  0]LogConfig: Setting CVar [[gc.SizeOfPermanentObjectPool:0]]
[2021.01.18-20.40.05:439][  0]LogConfig: Setting CVar [[gc.FlushStreamingOnGC:0]]
[2021.01.18-20.40.05:439][  0]LogConfig: Setting CVar [[gc.NumRetriesBeforeForcingGC:10]]
[2021.01.18-20.40.05:439][  0]LogConfig: Setting CVar [[gc.AllowParallelGC:1]]
[2021.01.18-20.40.05:439][  0]LogConfig: Setting CVar [[gc.TimeBetweenPurgingPendingKillObjects:61.1]]
[2021.01.18-20.40.05:439][  0]LogConfig: Setting CVar [[gc.MaxObjectsInEditor:25165824]]
[2021.01.18-20.40.05:439][  0]LogConfig: Setting CVar [[gc.IncrementalBeginDestroyEnabled:1]]
[2021.01.18-20.40.05:439][  0]LogConfig: Setting CVar [[gc.CreateGCClusters:1]]
[2021.01.18-20.40.05:439][  0]LogConfig: Setting CVar [[gc.MinGCClusterSize:5]]
[2021.01.18-20.40.05:439][  0]LogConfig: Setting CVar [[gc.ActorClusteringEnabled:0]]
[2021.01.18-20.40.05:439][  0]LogConfig: Setting CVar [[gc.BlueprintClusteringEnabled:0]]
[2021.01.18-20.40.05:439][  0]LogConfig: Setting CVar [[gc.UseDisregardForGCOnDedicatedServers:0]]
[2021.01.18-20.40.05:439][  0]LogConfig: Applying CVar settings from Section [/Script/Engine.NetworkSettings] File [F:/PersonalProjects/TC-RFAS/TCRFAS/Saved/Config/Windows/Engine.ini]
[2021.01.18-20.40.05:439][  0]LogConfig: Applying CVar settings from Section [/Script/UnrealEd.CookerSettings] File [F:/PersonalProjects/TC-RFAS/TCRFAS/Saved/Config/Windows/Engine.ini]
[2021.01.18-20.40.05:446][  0]LogConfig: Applying CVar settings from Section [ViewDistanceQuality@3] File [F:/PersonalProjects/TC-RFAS/TCRFAS/Saved/Config/Windows/Scalability.ini]
[2021.01.18-20.40.05:446][  0]LogConfig: Setting CVar [[r.SkeletalMeshLODBias:0]]
[2021.01.18-20.40.05:446][  0]LogConfig: Setting CVar [[r.ViewDistanceScale:1.0]]
[2021.01.18-20.40.05:446][  0]LogConfig: Applying CVar settings from Section [AntiAliasingQuality@3] File [F:/PersonalProjects/TC-RFAS/TCRFAS/Saved/Config/Windows/Scalability.ini]
[2021.01.18-20.40.05:446][  0]LogConfig: Setting CVar [[r.PostProcessAAQuality:4]]
[2021.01.18-20.40.05:446][  0]LogConfig: Applying CVar settings from Section [ShadowQuality@3] File [F:/PersonalProjects/TC-RFAS/TCRFAS/Saved/Config/Windows/Scalability.ini]
[2021.01.18-20.40.05:446][  0]LogConfig: Setting CVar [[r.LightFunctionQuality:1]]
[2021.01.18-20.40.05:446][  0]LogConfig: Setting CVar [[r.ShadowQuality:5]]
[2021.01.18-20.40.05:446][  0]LogConfig: Setting CVar [[r.Shadow.CSM.MaxCascades:10]]
[2021.01.18-20.40.05:446][  0]LogConfig: Setting CVar [[r.Shadow.MaxResolution:2048]]
[2021.01.18-20.40.05:446][  0]LogConfig: Setting CVar [[r.Shadow.MaxCSMResolution:2048]]
[2021.01.18-20.40.05:446][  0]LogConfig: Setting CVar [[r.Shadow.RadiusThreshold:0.01]]
[2021.01.18-20.40.05:446][  0]LogConfig: Setting CVar [[r.Shadow.DistanceScale:1.0]]
[2021.01.18-20.40.05:446][  0]LogConfig: Setting CVar [[r.Shadow.CSM.TransitionScale:1.0]]
[2021.01.18-20.40.05:446][  0]LogConfig: Setting CVar [[r.Shadow.PreShadowResolutionFactor:1.0]]
[2021.01.18-20.40.05:446][  0]LogConfig: Setting CVar [[r.DistanceFieldShadowing:1]]
[2021.01.18-20.40.05:446][  0]LogConfig: Setting CVar [[r.DistanceFieldAO:1]]
[2021.01.18-20.40.05:446][  0]LogConfig: Setting CVar [[r.AOQuality:2]]
[2021.01.18-20.40.05:446][  0]LogConfig: Setting CVar [[r.VolumetricFog:1]]
[2021.01.18-20.40.05:446][  0]LogConfig: Setting CVar [[r.VolumetricFog.GridPixelSize:8]]
[2021.01.18-20.40.05:446][  0]LogConfig: Setting CVar [[r.VolumetricFog.GridSizeZ:128]]
[2021.01.18-20.40.05:446][  0]LogConfig: Setting CVar [[r.VolumetricFog.HistoryMissSupersampleCount:4]]
[2021.01.18-20.40.05:446][  0]LogConfig: Setting CVar [[r.LightMaxDrawDistanceScale:1]]
[2021.01.18-20.40.05:446][  0]LogConfig: Setting CVar [[r.CapsuleShadows:1]]
[2021.01.18-20.40.05:446][  0]LogConfig: Applying CVar settings from Section [PostProcessQuality@3] File [F:/PersonalProjects/TC-RFAS/TCRFAS/Saved/Config/Windows/Scalability.ini]
[2021.01.18-20.40.05:446][  0]LogConfig: Setting CVar [[r.MotionBlurQuality:4]]
[2021.01.18-20.40.05:446][  0]LogConfig: Setting CVar [[r.AmbientOcclusionMipLevelFactor:0.4]]
[2021.01.18-20.40.05:446][  0]LogConfig: Setting CVar [[r.AmbientOcclusionMaxQuality:100]]
[2021.01.18-20.40.05:446][  0]LogConfig: Setting CVar [[r.AmbientOcclusionLevels:-1]]
[2021.01.18-20.40.05:447][  0]LogConfig: Setting CVar [[r.AmbientOcclusionRadiusScale:1.0]]
[2021.01.18-20.40.05:447][  0]LogConfig: Setting CVar [[r.DepthOfFieldQuality:2]]
[2021.01.18-20.40.05:447][  0]LogConfig: Setting CVar [[r.RenderTargetPoolMin:400]]
[2021.01.18-20.40.05:447][  0]LogConfig: Setting CVar [[r.LensFlareQuality:2]]
[2021.01.18-20.40.05:447][  0]LogConfig: Setting CVar [[r.SceneColorFringeQuality:1]]
[2021.01.18-20.40.05:447][  0]LogConfig: Setting CVar [[r.EyeAdaptationQuality:2]]
[2021.01.18-20.40.05:447][  0]LogConfig: Setting CVar [[r.BloomQuality:5]]
[2021.01.18-20.40.05:447][  0]LogConfig: Setting CVar [[r.FastBlurThreshold:100]]
[2021.01.18-20.40.05:447][  0]LogConfig: Setting CVar [[r.Upscale.Quality:3]]
[2021.01.18-20.40.05:447][  0]LogConfig: Setting CVar [[r.Tonemapper.GrainQuantization:1]]
[2021.01.18-20.40.05:447][  0]LogConfig: Setting CVar [[r.LightShaftQuality:1]]
[2021.01.18-20.40.05:447][  0]LogConfig: Setting CVar [[r.Filter.SizeScale:1]]
[2021.01.18-20.40.05:447][  0]LogConfig: Setting CVar [[r.Tonemapper.Quality:5]]
[2021.01.18-20.40.05:447][  0]LogConfig: Setting CVar [[r.DOF.Gather.AccumulatorQuality:1        ; higher gathering accumulator quality]]
[2021.01.18-20.40.05:447][  0]LogConfig: Setting CVar [[r.DOF.Gather.PostfilterMethod:1          ; Median3x3 postfilering method]]
[2021.01.18-20.40.05:447][  0]LogConfig: Setting CVar [[r.DOF.Gather.EnableBokehSettings:0       ; no bokeh simulation when gathering]]
[2021.01.18-20.40.05:447][  0]LogConfig: Setting CVar [[r.DOF.Gather.RingCount:4                 ; medium number of samples when gathering]]
[2021.01.18-20.40.05:447][  0]LogConfig: Setting CVar [[r.DOF.Scatter.ForegroundCompositing:1    ; additive foreground scattering]]
[2021.01.18-20.40.05:447][  0]LogConfig: Setting CVar [[r.DOF.Scatter.BackgroundCompositing:2    ; additive background scattering]]
[2021.01.18-20.40.05:447][  0]LogConfig: Setting CVar [[r.DOF.Scatter.EnableBokehSettings:1      ; bokeh simulation when scattering]]
[2021.01.18-20.40.05:447][  0]LogConfig: Setting CVar [[r.DOF.Scatter.MaxSpriteRatio:0.1         ; only a maximum of 10% of scattered bokeh]]
[2021.01.18-20.40.05:447][  0]LogConfig: Setting CVar [[r.DOF.Recombine.Quality:1                ; cheap slight out of focus]]
[2021.01.18-20.40.05:447][  0]LogConfig: Setting CVar [[r.DOF.Recombine.EnableBokehSettings:0    ; no bokeh simulation on slight out of focus]]
[2021.01.18-20.40.05:447][  0]LogConfig: Setting CVar [[r.DOF.TemporalAAQuality:1                ; more stable temporal accumulation]]
[2021.01.18-20.40.05:447][  0]LogConfig: Setting CVar [[r.DOF.Kernel.MaxForegroundRadius:0.025]]
[2021.01.18-20.40.05:447][  0]LogConfig: Setting CVar [[r.DOF.Kernel.MaxBackgroundRadius:0.025]]
[2021.01.18-20.40.05:447][  0]LogConfig: Applying CVar settings from Section [TextureQuality@3] File [F:/PersonalProjects/TC-RFAS/TCRFAS/Saved/Config/Windows/Scalability.ini]
[2021.01.18-20.40.05:447][  0]LogConfig: Setting CVar [[r.Streaming.MipBias:0]]
[2021.01.18-20.40.05:447][  0]LogConfig: Setting CVar [[r.Streaming.AmortizeCPUToGPUCopy:0]]
[2021.01.18-20.40.05:447][  0]LogConfig: Setting CVar [[r.Streaming.MaxNumTexturesToStreamPerFrame:0]]
[2021.01.18-20.40.05:447][  0]LogConfig: Setting CVar [[r.Streaming.Boost:1]]
[2021.01.18-20.40.05:447][  0]LogConfig: Setting CVar [[r.MaxAnisotropy:8]]
[2021.01.18-20.40.05:447][  0]LogConfig: Setting CVar [[r.VT.MaxAnisotropy:8]]
[2021.01.18-20.40.05:447][  0]LogConfig: Setting CVar [[r.Streaming.LimitPoolSizeToVRAM:0]]
[2021.01.18-20.40.05:447][  0]LogConfig: Setting CVar [[r.Streaming.PoolSize:1000]]
[2021.01.18-20.40.05:447][  0]LogConfig: Setting CVar [[r.Streaming.MaxEffectiveScreenSize:0]]
[2021.01.18-20.40.05:447][  0]LogConfig: Applying CVar settings from Section [EffectsQuality@3] File [F:/PersonalProjects/TC-RFAS/TCRFAS/Saved/Config/Windows/Scalability.ini]
[2021.01.18-20.40.05:447][  0]LogConfig: Setting CVar [[r.TranslucencyLightingVolumeDim:64]]
[2021.01.18-20.40.05:447][  0]LogConfig: Setting CVar [[r.RefractionQuality:2]]
[2021.01.18-20.40.05:447][  0]LogConfig: Setting CVar [[r.SSR.Quality:3]]
[2021.01.18-20.40.05:447][  0]LogConfig: Setting CVar [[r.SSR.HalfResSceneColor:0]]
[2021.01.18-20.40.05:447][  0]LogConfig: Setting CVar [[r.SceneColorFormat:4]]
[2021.01.18-20.40.05:447][  0]LogConfig: Setting CVar [[r.DetailMode:2]]
[2021.01.18-20.40.05:447][  0]LogConfig: Setting CVar [[r.TranslucencyVolumeBlur:1]]
[2021.01.18-20.40.05:447][  0]LogConfig: Setting CVar [[r.MaterialQualityLevel:1 ; High quality]]
[2021.01.18-20.40.05:447][  0]LogConfig: Setting CVar [[r.SSS.Scale:1]]
[2021.01.18-20.40.05:447][  0]LogConfig: Setting CVar [[r.SSS.SampleSet:2]]
[2021.01.18-20.40.05:447][  0]LogConfig: Setting CVar [[r.SSS.Quality:1]]
[2021.01.18-20.40.05:447][  0]LogConfig: Setting CVar [[r.SSS.HalfRes:0]]
[2021.01.18-20.40.05:447][  0]LogConfig: Setting CVar [[r.SSGI.Quality:3]]
[2021.01.18-20.40.05:447][  0]LogConfig: Setting CVar [[r.EmitterSpawnRateScale:1.0]]
[2021.01.18-20.40.05:447][  0]LogConfig: Setting CVar [[r.ParticleLightQuality:2]]
[2021.01.18-20.40.05:447][  0]LogConfig: Setting CVar [[r.SkyAtmosphere.AerialPerspectiveLUT.FastApplyOnOpaque:1 ; Always have FastSkyLUT 1 in this case to avoid wrong sky]]
[2021.01.18-20.40.05:447][  0]LogConfig: Setting CVar [[r.SkyAtmosphere.AerialPerspectiveLUT.SampleCountPerSlice:1]]
[2021.01.18-20.40.05:447][  0]LogConfig: Setting CVar [[r.SkyAtmosphere.AerialPerspectiveLUT.DepthResolution:16.0]]
[2021.01.18-20.40.05:447][  0]LogConfig: Setting CVar [[r.SkyAtmosphere.FastSkyLUT:1]]
[2021.01.18-20.40.05:447][  0]LogConfig: Setting CVar [[r.SkyAtmosphere.FastSkyLUT.SampleCountMin:4.0]]
[2021.01.18-20.40.05:447][  0]LogConfig: Setting CVar [[r.SkyAtmosphere.FastSkyLUT.SampleCountMax:32.0]]
[2021.01.18-20.40.05:447][  0]LogConfig: Setting CVar [[r.SkyAtmosphere.SampleCountMin:4.0]]
[2021.01.18-20.40.05:447][  0]LogConfig: Setting CVar [[r.SkyAtmosphere.SampleCountMax:32.0]]
[2021.01.18-20.40.05:447][  0]LogConfig: Setting CVar [[r.SkyAtmosphere.TransmittanceLUT.UseSmallFormat:0]]
[2021.01.18-20.40.05:447][  0]LogConfig: Setting CVar [[r.SkyAtmosphere.TransmittanceLUT.SampleCount:10.0]]
[2021.01.18-20.40.05:447][  0]LogConfig: Setting CVar [[r.SkyAtmosphere.MultiScatteringLUT.SampleCount:15.0]]
[2021.01.18-20.40.05:447][  0]LogConfig: Applying CVar settings from Section [FoliageQuality@3] File [F:/PersonalProjects/TC-RFAS/TCRFAS/Saved/Config/Windows/Scalability.ini]
[2021.01.18-20.40.05:447][  0]LogConfig: Setting CVar [[foliage.DensityScale:1.0]]
[2021.01.18-20.40.05:447][  0]LogConfig: Setting CVar [[grass.DensityScale:1.0]]
[2021.01.18-20.40.05:447][  0]LogConfig: Applying CVar settings from Section [ShadingQuality@3] File [F:/PersonalProjects/TC-RFAS/TCRFAS/Saved/Config/Windows/Scalability.ini]
[2021.01.18-20.40.05:447][  0]LogConfig: Setting CVar [[r.HairStrands.SkyLighting.SampleCount:16]]
[2021.01.18-20.40.05:447][  0]LogConfig: Setting CVar [[r.HairStrands.SkyLighting.JitterIntegration:0]]
[2021.01.18-20.40.05:447][  0]LogConfig: Setting CVar [[r.HairStrands.SkyAO.SampleCount:16]]
[2021.01.18-20.40.05:447][  0]LogConfig: Setting CVar [[r.HairStrands.DeepShadow.SuperSampling:0]]
[2021.01.18-20.40.05:447][  0]LogConfig: Setting CVar [[r.HairStrands.VisibilityPPLL:0]]
[2021.01.18-20.40.05:447][  0]LogConfig: Setting CVar [[r.HairStrands.RasterizationScale:0.5]]
[2021.01.18-20.40.05:447][  0]LogConfig: Setting CVar [[r.HairStrands.VelocityRasterizationScale:1]]
[2021.01.18-20.40.05:448][  0]LogInit: Selected Device Profile: [Windows]
[2021.01.18-20.40.05:448][  0]LogInit: Applying CVar settings loaded from the selected device profile: [Windows]
[2021.01.18-20.40.05:449][  0]LogHAL: Display: Platform has ~ 32 GB [34306547712 / 34359738368 / 32], which maps to Largest [LargestMinGB=32, LargerMinGB=12, DefaultMinGB=8, SmallerMinGB=6, SmallestMinGB=0)
[2021.01.18-20.40.05:450][  0]LogInit: Going up to parent DeviceProfile []
[2021.01.18-20.40.05:450][  0]LogConfig: Applying CVar settings from Section [ViewDistanceQuality@3] File [F:/PersonalProjects/TC-RFAS/TCRFAS/Saved/Config/Windows/Scalability.ini]
[2021.01.18-20.40.05:450][  0]LogConfig: Setting CVar [[r.SkeletalMeshLODBias:0]]
[2021.01.18-20.40.05:450][  0]LogConfig: Setting CVar [[r.ViewDistanceScale:1.0]]
[2021.01.18-20.40.05:450][  0]LogConfig: Applying CVar settings from Section [AntiAliasingQuality@3] File [F:/PersonalProjects/TC-RFAS/TCRFAS/Saved/Config/Windows/Scalability.ini]
[2021.01.18-20.40.05:450][  0]LogConfig: Setting CVar [[r.PostProcessAAQuality:4]]
[2021.01.18-20.40.05:450][  0]LogConfig: Applying CVar settings from Section [ShadowQuality@3] File [F:/PersonalProjects/TC-RFAS/TCRFAS/Saved/Config/Windows/Scalability.ini]
[2021.01.18-20.40.05:450][  0]LogConfig: Setting CVar [[r.LightFunctionQuality:1]]
[2021.01.18-20.40.05:450][  0]LogConfig: Setting CVar [[r.ShadowQuality:5]]
[2021.01.18-20.40.05:450][  0]LogConfig: Setting CVar [[r.Shadow.CSM.MaxCascades:10]]
[2021.01.18-20.40.05:450][  0]LogConfig: Setting CVar [[r.Shadow.MaxResolution:2048]]
[2021.01.18-20.40.05:450][  0]LogConfig: Setting CVar [[r.Shadow.MaxCSMResolution:2048]]
[2021.01.18-20.40.05:450][  0]LogConfig: Setting CVar [[r.Shadow.RadiusThreshold:0.01]]
[2021.01.18-20.40.05:450][  0]LogConfig: Setting CVar [[r.Shadow.DistanceScale:1.0]]
[2021.01.18-20.40.05:450][  0]LogConfig: Setting CVar [[r.Shadow.CSM.TransitionScale:1.0]]
[2021.01.18-20.40.05:450][  0]LogConfig: Setting CVar [[r.Shadow.PreShadowResolutionFactor:1.0]]
[2021.01.18-20.40.05:450][  0]LogConfig: Setting CVar [[r.DistanceFieldShadowing:1]]
[2021.01.18-20.40.05:450][  0]LogConfig: Setting CVar [[r.DistanceFieldAO:1]]
[2021.01.18-20.40.05:450][  0]LogConfig: Setting CVar [[r.AOQuality:2]]
[2021.01.18-20.40.05:450][  0]LogConfig: Setting CVar [[r.VolumetricFog:1]]
[2021.01.18-20.40.05:450][  0]LogConfig: Setting CVar [[r.VolumetricFog.GridPixelSize:8]]
[2021.01.18-20.40.05:450][  0]LogConfig: Setting CVar [[r.VolumetricFog.GridSizeZ:128]]
[2021.01.18-20.40.05:450][  0]LogConfig: Setting CVar [[r.VolumetricFog.HistoryMissSupersampleCount:4]]
[2021.01.18-20.40.05:450][  0]LogConfig: Setting CVar [[r.LightMaxDrawDistanceScale:1]]
[2021.01.18-20.40.05:450][  0]LogConfig: Setting CVar [[r.CapsuleShadows:1]]
[2021.01.18-20.40.05:450][  0]LogConfig: Applying CVar settings from Section [PostProcessQuality@3] File [F:/PersonalProjects/TC-RFAS/TCRFAS/Saved/Config/Windows/Scalability.ini]
[2021.01.18-20.40.05:450][  0]LogConfig: Setting CVar [[r.MotionBlurQuality:4]]
[2021.01.18-20.40.05:450][  0]LogConfig: Setting CVar [[r.AmbientOcclusionMipLevelFactor:0.4]]
[2021.01.18-20.40.05:450][  0]LogConfig: Setting CVar [[r.AmbientOcclusionMaxQuality:100]]
[2021.01.18-20.40.05:450][  0]LogConfig: Setting CVar [[r.AmbientOcclusionLevels:-1]]
[2021.01.18-20.40.05:450][  0]LogConfig: Setting CVar [[r.AmbientOcclusionRadiusScale:1.0]]
[2021.01.18-20.40.05:450][  0]LogConfig: Setting CVar [[r.DepthOfFieldQuality:2]]
[2021.01.18-20.40.05:450][  0]LogConfig: Setting CVar [[r.RenderTargetPoolMin:400]]
[2021.01.18-20.40.05:450][  0]LogConfig: Setting CVar [[r.LensFlareQuality:2]]
[2021.01.18-20.40.05:450][  0]LogConfig: Setting CVar [[r.SceneColorFringeQuality:1]]
[2021.01.18-20.40.05:450][  0]LogConfig: Setting CVar [[r.EyeAdaptationQuality:2]]
[2021.01.18-20.40.05:450][  0]LogConfig: Setting CVar [[r.BloomQuality:5]]
[2021.01.18-20.40.05:450][  0]LogConfig: Setting CVar [[r.FastBlurThreshold:100]]
[2021.01.18-20.40.05:450][  0]LogConfig: Setting CVar [[r.Upscale.Quality:3]]
[2021.01.18-20.40.05:450][  0]LogConfig: Setting CVar [[r.Tonemapper.GrainQuantization:1]]
[2021.01.18-20.40.05:450][  0]LogConfig: Setting CVar [[r.LightShaftQuality:1]]
[2021.01.18-20.40.05:450][  0]LogConfig: Setting CVar [[r.Filter.SizeScale:1]]
[2021.01.18-20.40.05:450][  0]LogConfig: Setting CVar [[r.Tonemapper.Quality:5]]
[2021.01.18-20.40.05:450][  0]LogConfig: Setting CVar [[r.DOF.Gather.AccumulatorQuality:1        ; higher gathering accumulator quality]]
[2021.01.18-20.40.05:450][  0]LogConfig: Setting CVar [[r.DOF.Gather.PostfilterMethod:1          ; Median3x3 postfilering method]]
[2021.01.18-20.40.05:450][  0]LogConfig: Setting CVar [[r.DOF.Gather.EnableBokehSettings:0       ; no bokeh simulation when gathering]]
[2021.01.18-20.40.05:450][  0]LogConfig: Setting CVar [[r.DOF.Gather.RingCount:4                 ; medium number of samples when gathering]]
[2021.01.18-20.40.05:450][  0]LogConfig: Setting CVar [[r.DOF.Scatter.ForegroundCompositing:1    ; additive foreground scattering]]
[2021.01.18-20.40.05:450][  0]LogConfig: Setting CVar [[r.DOF.Scatter.BackgroundCompositing:2    ; additive background scattering]]
[2021.01.18-20.40.05:450][  0]LogConfig: Setting CVar [[r.DOF.Scatter.EnableBokehSettings:1      ; bokeh simulation when scattering]]
[2021.01.18-20.40.05:450][  0]LogConfig: Setting CVar [[r.DOF.Scatter.MaxSpriteRatio:0.1         ; only a maximum of 10% of scattered bokeh]]
[2021.01.18-20.40.05:450][  0]LogConfig: Setting CVar [[r.DOF.Recombine.Quality:1                ; cheap slight out of focus]]
[2021.01.18-20.40.05:450][  0]LogConfig: Setting CVar [[r.DOF.Recombine.EnableBokehSettings:0    ; no bokeh simulation on slight out of focus]]
[2021.01.18-20.40.05:450][  0]LogConfig: Setting CVar [[r.DOF.TemporalAAQuality:1                ; more stable temporal accumulation]]
[2021.01.18-20.40.05:450][  0]LogConfig: Setting CVar [[r.DOF.Kernel.MaxForegroundRadius:0.025]]
[2021.01.18-20.40.05:450][  0]LogConfig: Setting CVar [[r.DOF.Kernel.MaxBackgroundRadius:0.025]]
[2021.01.18-20.40.05:450][  0]LogConfig: Applying CVar settings from Section [TextureQuality@3] File [F:/PersonalProjects/TC-RFAS/TCRFAS/Saved/Config/Windows/Scalability.ini]
[2021.01.18-20.40.05:450][  0]LogConfig: Setting CVar [[r.Streaming.MipBias:0]]
[2021.01.18-20.40.05:450][  0]LogConfig: Setting CVar [[r.Streaming.AmortizeCPUToGPUCopy:0]]
[2021.01.18-20.40.05:450][  0]LogConfig: Setting CVar [[r.Streaming.MaxNumTexturesToStreamPerFrame:0]]
[2021.01.18-20.40.05:450][  0]LogConfig: Setting CVar [[r.Streaming.Boost:1]]
[2021.01.18-20.40.05:450][  0]LogConfig: Setting CVar [[r.MaxAnisotropy:8]]
[2021.01.18-20.40.05:450][  0]LogConfig: Setting CVar [[r.VT.MaxAnisotropy:8]]
[2021.01.18-20.40.05:450][  0]LogConfig: Setting CVar [[r.Streaming.LimitPoolSizeToVRAM:0]]
[2021.01.18-20.40.05:450][  0]LogConfig: Setting CVar [[r.Streaming.PoolSize:1000]]
[2021.01.18-20.40.05:451][  0]LogConfig: Setting CVar [[r.Streaming.MaxEffectiveScreenSize:0]]
[2021.01.18-20.40.05:451][  0]LogConfig: Applying CVar settings from Section [EffectsQuality@3] File [F:/PersonalProjects/TC-RFAS/TCRFAS/Saved/Config/Windows/Scalability.ini]
[2021.01.18-20.40.05:451][  0]LogConfig: Setting CVar [[r.TranslucencyLightingVolumeDim:64]]
[2021.01.18-20.40.05:451][  0]LogConfig: Setting CVar [[r.RefractionQuality:2]]
[2021.01.18-20.40.05:451][  0]LogConfig: Setting CVar [[r.SSR.Quality:3]]
[2021.01.18-20.40.05:451][  0]LogConfig: Setting CVar [[r.SSR.HalfResSceneColor:0]]
[2021.01.18-20.40.05:451][  0]LogConfig: Setting CVar [[r.SceneColorFormat:4]]
[2021.01.18-20.40.05:451][  0]LogConfig: Setting CVar [[r.DetailMode:2]]
[2021.01.18-20.40.05:451][  0]LogConfig: Setting CVar [[r.TranslucencyVolumeBlur:1]]
[2021.01.18-20.40.05:451][  0]LogConfig: Setting CVar [[r.MaterialQualityLevel:1 ; High quality]]
[2021.01.18-20.40.05:451][  0]LogConfig: Setting CVar [[r.SSS.Scale:1]]
[2021.01.18-20.40.05:451][  0]LogConfig: Setting CVar [[r.SSS.SampleSet:2]]
[2021.01.18-20.40.05:451][  0]LogConfig: Setting CVar [[r.SSS.Quality:1]]
[2021.01.18-20.40.05:451][  0]LogConfig: Setting CVar [[r.SSS.HalfRes:0]]
[2021.01.18-20.40.05:451][  0]LogConfig: Setting CVar [[r.SSGI.Quality:3]]
[2021.01.18-20.40.05:451][  0]LogConfig: Setting CVar [[r.EmitterSpawnRateScale:1.0]]
[2021.01.18-20.40.05:451][  0]LogConfig: Setting CVar [[r.ParticleLightQuality:2]]
[2021.01.18-20.40.05:451][  0]LogConfig: Setting CVar [[r.SkyAtmosphere.AerialPerspectiveLUT.FastApplyOnOpaque:1 ; Always have FastSkyLUT 1 in this case to avoid wrong sky]]
[2021.01.18-20.40.05:451][  0]LogConfig: Setting CVar [[r.SkyAtmosphere.AerialPerspectiveLUT.SampleCountPerSlice:1]]
[2021.01.18-20.40.05:451][  0]LogConfig: Setting CVar [[r.SkyAtmosphere.AerialPerspectiveLUT.DepthResolution:16.0]]
[2021.01.18-20.40.05:451][  0]LogConfig: Setting CVar [[r.SkyAtmosphere.FastSkyLUT:1]]
[2021.01.18-20.40.05:451][  0]LogConfig: Setting CVar [[r.SkyAtmosphere.FastSkyLUT.SampleCountMin:4.0]]
[2021.01.18-20.40.05:451][  0]LogConfig: Setting CVar [[r.SkyAtmosphere.FastSkyLUT.SampleCountMax:32.0]]
[2021.01.18-20.40.05:451][  0]LogConfig: Setting CVar [[r.SkyAtmosphere.SampleCountMin:4.0]]
[2021.01.18-20.40.05:451][  0]LogConfig: Setting CVar [[r.SkyAtmosphere.SampleCountMax:32.0]]
[2021.01.18-20.40.05:451][  0]LogConfig: Setting CVar [[r.SkyAtmosphere.TransmittanceLUT.UseSmallFormat:0]]
[2021.01.18-20.40.05:451][  0]LogConfig: Setting CVar [[r.SkyAtmosphere.TransmittanceLUT.SampleCount:10.0]]
[2021.01.18-20.40.05:451][  0]LogConfig: Setting CVar [[r.SkyAtmosphere.MultiScatteringLUT.SampleCount:15.0]]
[2021.01.18-20.40.05:451][  0]LogConfig: Applying CVar settings from Section [FoliageQuality@3] File [F:/PersonalProjects/TC-RFAS/TCRFAS/Saved/Config/Windows/Scalability.ini]
[2021.01.18-20.40.05:451][  0]LogConfig: Setting CVar [[foliage.DensityScale:1.0]]
[2021.01.18-20.40.05:451][  0]LogConfig: Setting CVar [[grass.DensityScale:1.0]]
[2021.01.18-20.40.05:451][  0]LogConfig: Applying CVar settings from Section [ShadingQuality@3] File [F:/PersonalProjects/TC-RFAS/TCRFAS/Saved/Config/Windows/Scalability.ini]
[2021.01.18-20.40.05:451][  0]LogConfig: Setting CVar [[r.HairStrands.SkyLighting.SampleCount:16]]
[2021.01.18-20.40.05:451][  0]LogConfig: Setting CVar [[r.HairStrands.SkyLighting.JitterIntegration:0]]
[2021.01.18-20.40.05:451][  0]LogConfig: Setting CVar [[r.HairStrands.SkyAO.SampleCount:16]]
[2021.01.18-20.40.05:451][  0]LogConfig: Setting CVar [[r.HairStrands.DeepShadow.SuperSampling:0]]
[2021.01.18-20.40.05:451][  0]LogConfig: Setting CVar [[r.HairStrands.VisibilityPPLL:0]]
[2021.01.18-20.40.05:451][  0]LogConfig: Setting CVar [[r.HairStrands.RasterizationScale:0.5]]
[2021.01.18-20.40.05:451][  0]LogConfig: Setting CVar [[r.HairStrands.VelocityRasterizationScale:1]]
[2021.01.18-20.40.05:451][  0]LogConfig: Applying CVar settings from Section [Startup] File [../../../Engine/Config/ConsoleVariables.ini]
[2021.01.18-20.40.05:456][  0]LogConfig: Setting CVar [[net.UseAdaptiveNetUpdateFrequency:0]]
[2021.01.18-20.40.05:456][  0]LogConfig: Setting CVar [[p.chaos.AllowCreatePhysxBodies:1]]
[2021.01.18-20.40.05:456][  0]LogConfig: Setting CVar [[fx.SkipVectorVMBackendOptimizations:1]]
[2021.01.18-20.40.05:456][  0]LogConfig: Applying CVar settings from Section [ConsoleVariables] File [F:/PersonalProjects/TC-RFAS/TCRFAS/Saved/Config/Windows/Engine.ini]
[2021.01.18-20.40.05:458][  0]LogInit: Computer: DESKTOP-4CJ4ISN
[2021.01.18-20.40.05:458][  0]LogInit: User: kylej
[2021.01.18-20.40.05:458][  0]LogInit: CPU Page size=4096, Cores=8
[2021.01.18-20.40.05:458][  0]LogInit: High frequency timer resolution =10.000000 MHz
[2021.01.18-20.40.05:458][  0]LogMemory: Memory total: Physical=32.0GB (32GB approx)
[2021.01.18-20.40.05:458][  0]LogMemory: Platform Memory Stats for Windows
[2021.01.18-20.40.05:458][  0]LogMemory: Process Physical Memory: 116.45 MB used, 116.45 MB peak
[2021.01.18-20.40.05:458][  0]LogMemory: Process Virtual Memory: 106.28 MB used, 106.28 MB peak
[2021.01.18-20.40.05:458][  0]LogMemory: Physical Memory: 19029.10 MB used,  13688.17 MB free, 32717.27 MB total
[2021.01.18-20.40.05:458][  0]LogMemory: Virtual Memory: 5193.13 MB used,  134212536.00 MB free, 134217728.00 MB total
[2021.01.18-20.40.05:463][  0]LogWindows: WindowsPlatformFeatures enabled
[2021.01.18-20.40.05:746][  0]LogInit: Physics initialised using underlying interface: PhysX
[2021.01.18-20.40.05:748][  0]LogInit: Using OS detected language (en-US).
[2021.01.18-20.40.05:748][  0]LogInit: Using OS detected locale (en-US).
[2021.01.18-20.40.05:758][  0]LogTextLocalizationManager: No specific localization for 'en-US' exists, so the 'en' localization will be used.
[2021.01.18-20.40.06:001][  0]LogInit: Setting process to per monitor DPI aware
[2021.01.18-20.40.06:095][  0]LogSlate: New Slate User Created.  User Index 0, Is Virtual User: 0
[2021.01.18-20.40.06:095][  0]LogSlate: Slate User Registered.  User Index 0, Is Virtual User: 0
[2021.01.18-20.40.08:481][  0]LogHMD: Failed to initialize OpenVR with code 110
[2021.01.18-20.40.08:481][  0]LogD3D11RHI: D3D11 min allowed feature level: 11_0
[2021.01.18-20.40.08:481][  0]LogD3D11RHI: D3D11 max allowed feature level: 11_0
[2021.01.18-20.40.08:481][  0]LogD3D11RHI: D3D11 adapters:
[2021.01.18-20.40.08:547][  0]LogD3D11RHI:    0. 'NVIDIA GeForce GTX 1660 Ti' (Feature Level 11_0)
[2021.01.18-20.40.08:547][  0]LogD3D11RHI:       5991/0/16358 MB DedicatedVideo/DedicatedSystem/SharedSystem, Outputs:2, VendorId:0x10de
[2021.01.18-20.40.08:549][  0]LogD3D11RHI:    1. 'Microsoft Basic Render Driver' (Feature Level 11_0)
[2021.01.18-20.40.08:549][  0]LogD3D11RHI:       0/0/16358 MB DedicatedVideo/DedicatedSystem/SharedSystem, Outputs:0, VendorId:0x1414
[2021.01.18-20.40.08:549][  0]LogD3D11RHI: Chosen D3D11 Adapter: 0
[2021.01.18-20.40.08:560][  0]LogD3D11RHI: Creating new Direct3DDevice
[2021.01.18-20.40.08:560][  0]LogD3D11RHI:     GPU DeviceId: 0x2182 (for the marketing name, search the web for "GPU Device Id")
[2021.01.18-20.40.08:560][  0]LogWindows: EnumDisplayDevices:
[2021.01.18-20.40.08:560][  0]LogWindows:    0. 'NVIDIA GeForce GTX 1660 Ti' (P:0 D:1)
[2021.01.18-20.40.08:561][  0]LogWindows:    1. 'NVIDIA GeForce GTX 1660 Ti' (P:1 D:1)
[2021.01.18-20.40.08:561][  0]LogWindows:    2. 'NVIDIA GeForce GTX 1660 Ti' (P:0 D:0)
[2021.01.18-20.40.08:561][  0]LogWindows:    3. 'NVIDIA GeForce GTX 1660 Ti' (P:0 D:0)
[2021.01.18-20.40.08:561][  0]LogWindows: DebugString: FoundDriverCount:4 
[2021.01.18-20.40.08:561][  0]LogD3D11RHI:     Adapter Name: NVIDIA GeForce GTX 1660 Ti
[2021.01.18-20.40.08:561][  0]LogD3D11RHI:   Driver Version: 456.71 (internal:27.21.14.5671, unified:456.71)
[2021.01.18-20.40.08:561][  0]LogD3D11RHI:      Driver Date: 9-30-2020
[2021.01.18-20.40.08:561][  0]LogRHI: Texture pool is 4193 MB (70% of 5991 MB)
[2021.01.18-20.40.08:599][  0]LogD3D11RHI: RHI has support for 64 bit atomics
[2021.01.18-20.40.08:599][  0]LogD3D11RHI: Async texture creation enabled
[2021.01.18-20.40.08:599][  0]LogD3D11RHI: Array index from any shader is supported
[2021.01.18-20.40.08:601][  0]LogD3D11RHI: HDR output is supported on display 0 (NvId: 0x80061087).
[2021.01.18-20.40.08:643][  0]LogD3D11RHI: GPU Timing Frequency: 1000.000000 (Debug: 2 2)
[2021.01.18-20.40.09:993][  0]LogTargetPlatformManager: Display: Loaded TargetPlatform 'AllDesktop'
[2021.01.18-20.40.10:015][  0]LogTargetPlatformManager: Display: Loaded TargetPlatform 'Android'
[2021.01.18-20.40.10:015][  0]LogTargetPlatformManager: Display: Loaded TargetPlatform 'Android_ASTC'
[2021.01.18-20.40.10:015][  0]LogTargetPlatformManager: Display: Loaded TargetPlatform 'Android_DXT'
[2021.01.18-20.40.10:015][  0]LogTargetPlatformManager: Display: Loaded TargetPlatform 'Android_ETC2'
[2021.01.18-20.40.10:015][  0]LogTargetPlatformManager: Display: Loaded TargetPlatform 'AndroidClient'
[2021.01.18-20.40.10:015][  0]LogTargetPlatformManager: Display: Loaded TargetPlatform 'Android_ASTCClient'
[2021.01.18-20.40.10:015][  0]LogTargetPlatformManager: Display: Loaded TargetPlatform 'Android_DXTClient'
[2021.01.18-20.40.10:015][  0]LogTargetPlatformManager: Display: Loaded TargetPlatform 'Android_ETC2Client'
[2021.01.18-20.40.10:015][  0]LogTargetPlatformManager: Display: Loaded TargetPlatform 'Android_Multi'
[2021.01.18-20.40.10:015][  0]LogTargetPlatformManager: Display: Loaded TargetPlatform 'Android_MultiClient'
[2021.01.18-20.40.10:053][  0]LogTargetPlatformManager: Display: Loaded TargetPlatform 'IOSClient'
[2021.01.18-20.40.10:053][  0]LogTargetPlatformManager: Display: Loaded TargetPlatform 'IOS'
[2021.01.18-20.40.10:076][  0]LogTargetPlatformManager: Display: Loaded TargetPlatform 'Linux'
[2021.01.18-20.40.10:087][  0]LogTargetPlatformManager: Display: Loaded TargetPlatform 'LinuxNoEditor'
[2021.01.18-20.40.10:097][  0]LogTargetPlatformManager: Display: Loaded TargetPlatform 'LinuxClient'
[2021.01.18-20.40.10:108][  0]LogTargetPlatformManager: Display: Loaded TargetPlatform 'LinuxServer'
[2021.01.18-20.40.10:118][  0]LogTargetPlatformManager: Display: Loaded TargetPlatform 'LinuxAArch64NoEditor'
[2021.01.18-20.40.10:129][  0]LogTargetPlatformManager: Display: Loaded TargetPlatform 'LinuxAArch64Client'
[2021.01.18-20.40.10:139][  0]LogTargetPlatformManager: Display: Loaded TargetPlatform 'LinuxAArch64Server'
[2021.01.18-20.40.10:170][  0]LogTargetPlatformManager: Display: Loaded TargetPlatform 'Lumin'
[2021.01.18-20.40.10:170][  0]LogTargetPlatformManager: Display: Loaded TargetPlatform 'LuminClient'
[2021.01.18-20.40.10:185][  0]LogTargetPlatformManager: Display: Loaded TargetPlatform 'TVOSClient'
[2021.01.18-20.40.10:185][  0]LogTargetPlatformManager: Display: Loaded TargetPlatform 'TVOS'
[2021.01.18-20.40.10:197][  0]LogTargetPlatformManager: Display: Loaded TargetPlatform 'WindowsNoEditor'
[2021.01.18-20.40.10:207][  0]LogTargetPlatformManager: Display: Loaded TargetPlatform 'Windows'
[2021.01.18-20.40.10:218][  0]LogTargetPlatformManager: Display: Loaded TargetPlatform 'WindowsClient'
[2021.01.18-20.40.10:228][  0]LogTargetPlatformManager: Display: Loaded TargetPlatform 'WindowsServer'
[2021.01.18-20.40.10:228][  0]LogTargetPlatformManager: Display: Building Assets For Windows
[2021.01.18-20.40.10:276][  0]LogAudioDebug: Display: Lib vorbis DLL was dynamically loaded.
[2021.01.18-20.40.10:441][  0]LogShaderCompilers: Guid format shader working directory is 11 characters bigger than the processId version (F:/PersonalProjects/TC-RFAS/TCRFAS/Intermediate/Shaders/WorkingDirectory/12152/).
[2021.01.18-20.40.10:441][  0]LogShaderCompilers: Cleaned the shader compiler working directory 'C:/Users/kylej/AppData/Local/Temp/UnrealShaderWorkingDir/8A3ECA6C46B9531D74C19B9D8D9A3A94/'.
[2021.01.18-20.40.10:442][  0]LogXGEController: Cleaning working directory: C:/Users/kylej/AppData/Local/Temp/UnrealXGEWorkingDir/
[2021.01.18-20.40.10:443][  0]LogXGEController: Cannot use XGE Controller as Incredibuild is not installed on this machine.
[2021.01.18-20.40.10:443][  0]LogShaderCompilers: Cannot use XGE Shader Compiler as Incredibuild is not installed on this machine.
[2021.01.18-20.40.10:443][  0]LogShaderCompilers: Display: Using Local Shader Compiler.
[2021.01.18-20.40.13:244][  0]LogDerivedDataCache: Display: Max Cache Size: 512 MB
[2021.01.18-20.40.13:437][  0]LogDerivedDataCache: Loaded boot cache 0.19s 75MB C:/Users/kylej/AppData/Local/UnrealEngine/4.25/DerivedDataCache/Boot.ddc.
[2021.01.18-20.40.13:437][  0]LogDerivedDataCache: Display: Loaded Boot cache: C:/Users/kylej/AppData/Local/UnrealEngine/4.25/DerivedDataCache/Boot.ddc
[2021.01.18-20.40.13:448][  0]LogDerivedDataCache: FDerivedDataBackendGraph:  Pak pak cache file F:/PersonalProjects/TC-RFAS/TCRFAS/DerivedDataCache/DDC.ddp not found, will not use a pak cache.
[2021.01.18-20.40.13:448][  0]LogDerivedDataCache: Unable to find inner node Pak for hierarchical cache Hierarchy.
[2021.01.18-20.40.13:449][  0]LogDerivedDataCache: FDerivedDataBackendGraph:  CompressedPak pak cache file F:/PersonalProjects/TC-RFAS/TCRFAS/DerivedDataCache/Compressed.ddp not found, will not use a pak cache.
[2021.01.18-20.40.13:449][  0]LogDerivedDataCache: Unable to find inner node CompressedPak for hierarchical cache Hierarchy.
[2021.01.18-20.40.13:470][  0]LogDerivedDataCache: Display: Pak cache opened for reading ../../../Engine/DerivedDataCache/Compressed.ddp.
[2021.01.18-20.40.13:471][  0]LogDerivedDataCache: FDerivedDataBackendGraph:  EnterprisePak pak cache file ../../../Enterprise/DerivedDataCache/Compressed.ddp not found, will not use a pak cache.
[2021.01.18-20.40.13:471][  0]LogDerivedDataCache: Unable to find inner node EnterprisePak for hierarchical cache Hierarchy.
[2021.01.18-20.40.13:472][  0]LogDerivedDataCache: Using Local data cache path C:/Users/kylej/AppData/Local/UnrealEngine/Common/DerivedDataCache: Writable
[2021.01.18-20.40.13:472][  0]LogDerivedDataCache: Shared data cache path not found in *engine.ini, will not use an Shared cache.
[2021.01.18-20.40.13:472][  0]LogDerivedDataCache: Unable to find inner node Shared for hierarchical cache Hierarchy.
[2021.01.18-20.40.13:522][  0]LogSlate: Using FreeType 2.10.0
[2021.01.18-20.40.13:540][  0]LogSlate: SlateFontServices - WITH_FREETYPE: 1, WITH_HARFBUZZ: 1
[2021.01.18-20.40.13:575][  0]LogAssetRegistry: FAssetRegistry took 0.0054 seconds to start up
[2021.01.18-20.40.13:919][  0]LogInit: Selected Device Profile: [Windows]
[2021.01.18-20.40.14:224][  0]LogMeshReduction: Using QuadricMeshReduction for automatic static mesh reduction
[2021.01.18-20.40.14:224][  0]LogMeshReduction: Using SimplygonMeshReduction for automatic skeletal mesh reduction
[2021.01.18-20.40.14:224][  0]LogMeshReduction: Using ProxyLODMeshReduction for automatic mesh merging
[2021.01.18-20.40.14:224][  0]LogMeshReduction: No distributed automatic mesh merging module available
[2021.01.18-20.40.14:225][  0]LogMeshMerging: No distributed automatic mesh merging module available
[2021.01.18-20.40.14:300][  0]LogNetVersion: TCRFAS 1.0.0, NetCL: 13144385, EngineNetVer: 14, GameNetVer: 0 (Checksum: 1694999402)
[2021.01.18-20.40.15:626][  0]LogAISub: UAISubsystem::UAISubsystem AISubsystem (0000023EE134A9C0), frame # 0
[2021.01.18-20.40.15:626][  0]LogAISub: UAISubsystem::UAISubsystem AIPerceptionSystem (0000023EE1212700), frame # 0
[2021.01.18-20.40.15:634][  0]LogAISub: UAISubsystem::UAISubsystem EnvQueryManager (0000023EE1251C00), frame # 0
[2021.01.18-20.40.15:759][  0]LogPackageLocalizationCache: Processed 19 localized package path(s) for 1 prioritized culture(s) in 0.073514 seconds
[2021.01.18-20.40.15:764][  0]LogUObjectArray: 15917 objects as part of root set at end of initial load.
[2021.01.18-20.40.15:764][  0]LogUObjectAllocator: 3965568 out of 0 bytes used by permanent object pool.
[2021.01.18-20.40.15:764][  0]LogUObjectArray: CloseDisregardForGC: 0/0 objects in disregard for GC pool
[2021.01.18-20.40.17:417][  0]LogTcpMessaging: Initializing TcpMessaging bridge
[2021.01.18-20.40.17:431][  0]LogUdpMessaging: Initializing bridge on interface 0.0.0.0:0 to multicast group 230.0.0.1:6666.
[2021.01.18-20.40.17:568][  0]FLogRiderLinkModule: INIT START
[2021.01.18-20.40.17:568][  0]FLogRiderLinkModule: INIT FINISH
[2021.01.18-20.40.17:762][  0]SourceControl: Source control is disabled
[2021.01.18-20.40.17:763][  0]SourceControl: Source control is disabled
[2021.01.18-20.40.17:791][  0]SourceControl: Source control is disabled
[2021.01.18-20.40.17:808][  0]SourceControl: Source control is disabled
[2021.01.18-20.40.17:830][  0]SourceControl: Source control is disabled
[2021.01.18-20.40.18:607][  0]LogAndroidPermission: UAndroidPermissionCallbackProxy::GetInstance
[2021.01.18-20.40.18:647][  0]LogAudioCaptureCore: Display: No Audio Capture implementations found. Audio input will be silent.
[2021.01.18-20.40.18:647][  0]LogAudioCaptureCore: Display: No Audio Capture implementations found. Audio input will be silent.
[2021.01.18-20.40.18:795][  0]LogOcInput: OculusInput pre-init called
[2021.01.18-20.40.18:822][  0]LogWindows: Failed to load 'OVRPlugin.dll' (GetLastError=126)
[2021.01.18-20.40.18:822][  0]LogWindows: File 'OVRPlugin.dll' does not exist
[2021.01.18-20.40.19:118][  0]LogEngine: Initializing Engine...
[2021.01.18-20.40.19:121][  0]LogHMD: Failed to initialize OpenVR with code 110
[2021.01.18-20.40.19:121][  0]LogMagicLeap: Warning: VR disabled because ZI is not enabled.  To enable, in the editor, Edit -> Project Settings -> Plugins -> Magic Leap Plugin -> Enable Zero Iteration
[2021.01.18-20.40.19:127][  0]LogStats: UGameplayTagsManager::InitializeManager -  0.003 s
[2021.01.18-20.40.19:449][  0]LogInit: Initializing FReadOnlyCVARCache
[2021.01.18-20.40.19:534][  0]LogAIModule: Creating AISystem for world Untitled
[2021.01.18-20.40.19:534][  0]LogAISub: UAISubsystem::UAISubsystem EnvQueryManager (0000023EE3803C00), frame # 0
[2021.01.18-20.40.19:534][  0]LogAISub: UAISubsystem::UAISubsystem AIPerceptionSystem (0000023EE37FF880), frame # 0
[2021.01.18-20.40.19:561][  0]LogAudioMixer: Display: Audio Mixer Platform Settings:
[2021.01.18-20.40.19:561][  0]LogAudioMixer: Display: 	Sample Rate:						  48000
[2021.01.18-20.40.19:562][  0]LogAudioMixer: Display: 	Callback Buffer Frame Size Requested: 1024
[2021.01.18-20.40.19:562][  0]LogAudioMixer: Display: 	Callback Buffer Frame Size To Use:	  1024
[2021.01.18-20.40.19:562][  0]LogAudioMixer: Display: 	Number of buffers to queue:			  2
[2021.01.18-20.40.19:562][  0]LogAudioMixer: Display: 	Max Channels (voices):				  32
[2021.01.18-20.40.19:562][  0]LogAudioMixer: Display: 	Number of Async Source Workers:		  0
[2021.01.18-20.40.19:562][  0]LogAudio: Display: AudioDevice MaxSources: 32
[2021.01.18-20.40.19:566][  0]LogAudio: Display: Using built-in audio occlusion.
[2021.01.18-20.40.19:566][  0]LogAudioMixer: Display: Initializing audio mixer.
[2021.01.18-20.40.19:603][  0]LogAudioMixer: Display: 0: FrontLeft
[2021.01.18-20.40.19:603][  0]LogAudioMixer: Display: 1: FrontRight
[2021.01.18-20.40.19:639][  0]LogAudioMixer: Display: Using Audio Device Headset Earphone (Razer Audio Controller - Chat)
[2021.01.18-20.40.19:642][  0]LogAudioMixer: Display: Initializing Sound Submixes...
[2021.01.18-20.40.19:667][  0]LogAudioMixer: Display: Creating Master Submix 'MasterSubmixDefault'
[2021.01.18-20.40.19:667][  0]LogAudioMixer: Display: Creating Master Submix 'MasterReverbSubmixDefault'
[2021.01.18-20.40.19:669][  0]LogAudioMixer: Display: Creating Master Submix 'MasterEQSubmixDefault'
[2021.01.18-20.40.19:670][  0]LogInit: FAudioDevice initialized.
[2021.01.18-20.40.19:673][  0]LogNetVersion: Set ProjectVersion to 1.0.0.0. Version Checksum will be recalculated on next use.
[2021.01.18-20.40.19:755][  0]LogDerivedDataCache: Saved boot cache 0.08s 75MB C:/Users/kylej/AppData/Local/UnrealEngine/4.25/DerivedDataCache/Boot.ddc.
[2021.01.18-20.40.19:759][  0]LogInit: Texture streaming: Enabled
[2021.01.18-20.40.19:784][  0]LogEngineSessionManager: EngineSessionManager initialized
[2021.01.18-20.40.19:784][  0]LogEditorSessionSummary: Verbose: Initializing EditorSessionSummaryWriter for editor session tracking
[2021.01.18-20.40.19:791][  0]LogEditorSessionSummary: EditorSessionSummaryWriter initialized
[2021.01.18-20.40.19:854][  0]LogInit: Transaction tracking system initialized
[2021.01.18-20.40.19:912][  0]BlueprintLog: New page: Editor Load
[2021.01.18-20.40.20:129][  0]LocalizationService: Localization service is disabled
[2021.01.18-20.40.20:640][  0]LogFileCache: Scanning file cache for directory 'F:/PersonalProjects/TC-RFAS/TCRFAS/Content/' took 0.00s
[2021.01.18-20.40.20:640][  0]LogCook: Display: Max memory allowance for cook 16384mb min free memory 0mb
[2021.01.18-20.40.20:640][  0]LogCook: Display: Mobile HDR setting 1
[2021.01.18-20.40.21:164][  0]SourceControl: Source control is disabled
[2021.01.18-20.40.21:164][  0]LogUnrealEdMisc: Loading editor; pre map load, took 21.171
[2021.01.18-20.40.21:166][  0]Cmd: MAP LOAD FILE="F:/PersonalProjects/TC-RFAS/TCRFAS/Content/Forest1.umap" TEMPLATE=0 SHOWPROGRESS=1 FEATURELEVEL=3
[2021.01.18-20.40.21:181][  0]LightingResults: New page: Lighting Build
[2021.01.18-20.40.21:190][  0]LogWorld: UWorld::CleanupWorld for Untitled, bSessionEnded=true, bCleanupResources=true
[2021.01.18-20.40.21:191][  0]LogSlate: InvalidateAllWidgets triggered.  All widgets were invalidated
[2021.01.18-20.40.21:192][  0]MapCheck: New page: Map Check
[2021.01.18-20.40.21:192][  0]LightingResults: New page: Lighting Build
[2021.01.18-20.40.21:214][  0]LogAISub: UAISubsystem::~UAISubsystem EnvQueryManager (0000023EE3803C00), frame # 0
[2021.01.18-20.40.21:215][  0]LogAISub: UAISubsystem::~UAISubsystem AIPerceptionSystem (0000023EE37FF880), frame # 0
[2021.01.18-20.40.21:216][  0]LogUObjectHash: Compacting FUObjectHashTables data took   0.64ms
[2021.01.18-20.40.21:482][  0]LogAIModule: Creating AISystem for world Forest1
[2021.01.18-20.40.21:482][  0]LogAISub: UAISubsystem::UAISubsystem EnvQueryManager (0000023EEC33BE00), frame # 0
[2021.01.18-20.40.21:482][  0]LogAISub: UAISubsystem::UAISubsystem AIPerceptionSystem (0000023EEBE820C0), frame # 0
[2021.01.18-20.40.21:513][  0]LogEditorServer: Finished looking for orphan Actors (0.000 secs)
[2021.01.18-20.40.21:527][  0]LogUObjectHash: Compacting FUObjectHashTables data took   0.69ms
[2021.01.18-20.40.21:528][  0]Cmd: MAP CHECKDEP NOCLEARLOG
[2021.01.18-20.40.21:529][  0]MapCheck: Map check complete: 0 Error(s), 0 Warning(s), took 0.733ms to complete.
[2021.01.18-20.40.21:529][  0]LogFileHelpers: Loading map 'Forest1' took 0.363
[2021.01.18-20.40.21:583][  0]LogUnrealEdMisc: Total Editor Startup Time, took 21.590
[2021.01.18-20.40.21:848][  0]LogSlate: Updating window title bar state: overlay mode, drag disabled, window buttons hidden, title bar hidden
[2021.01.18-20.40.21:856][  0]LogSlate: Updating window title bar state: overlay mode, drag disabled, window buttons hidden, title bar hidden
[2021.01.18-20.40.21:862][  0]LogSlate: Updating window title bar state: overlay mode, drag disabled, window buttons hidden, title bar hidden
[2021.01.18-20.40.21:868][  0]LogSlate: Updating window title bar state: overlay mode, drag disabled, window buttons hidden, title bar hidden
[2021.01.18-20.40.21:889][  0]LogCollectionManager: Loaded 0 collections in 0.001659 seconds
[2021.01.18-20.40.21:939][  0]LogFileCache: Scanning file cache for directory 'F:/PersonalProjects/TC-RFAS/TCRFAS/Saved/Collections/' took 0.00s
[2021.01.18-20.40.21:939][  0]LogFileCache: Scanning file cache for directory 'F:/PersonalProjects/TC-RFAS/TCRFAS/Content/Developers/kylej/Collections/' took 0.00s
[2021.01.18-20.40.21:939][  0]LogFileCache: Scanning file cache for directory 'F:/PersonalProjects/TC-RFAS/TCRFAS/Content/Collections/' took 0.00s
[2021.01.18-20.40.21:939][  0]LogContentBrowser: Native class hierarchy populated in 0.0121 seconds. Added 3444 classes and 823 folders.
[2021.01.18-20.40.21:955][  0]LogContentBrowser: Native class hierarchy updated for 'WidgetCarousel' in 0.0003 seconds. Added 0 classes and 0 folders.
[2021.01.18-20.40.22:288][  0]LogContentBrowser: Native class hierarchy updated for 'AddContentDialog' in 0.0003 seconds. Added 0 classes and 0 folders.
[2021.01.18-20.40.22:412][  0]LogSlate: Took 0.006120 seconds to synchronously load lazily loaded font '../../../Engine/Content/Slate/Fonts/Roboto-Regular.ttf' (155K)
[2021.01.18-20.40.22:424][  0]LogSlate: Took 0.006045 seconds to synchronously load lazily loaded font '../../../Engine/Content/Slate/Fonts/Roboto-Bold.ttf' (160K)
[2021.01.18-20.40.22:433][  0]LogSlate: Took 0.006112 seconds to synchronously load lazily loaded font '../../../Engine/Content/Editor/Slate/Fonts/FontAwesome.ttf' (139K)
[2021.01.18-20.40.22:536][  0]LogRenderer: Reallocating scene render targets to support 808x288 Format 10 NumSamples 1 (Frame:1).
[2021.01.18-20.40.22:674][  0]LogContentBrowser: Native class hierarchy updated for 'HierarchicalLODOutliner' in 0.0005 seconds. Added 0 classes and 0 folders.
[2021.01.18-20.40.22:674][  0]LogLoad: (Engine Initialization) Total time: 22.68 seconds
[2021.01.18-20.40.22:674][  0]LogLoad: (Engine Initialization) Total Blueprint compile time: 0.00 seconds
[2021.01.18-20.40.22:708][  0]LogAssetRegistry: Asset discovery search completed in 9.1338 seconds
[2021.01.18-20.40.22:711][  0]LogCollectionManager: Fixed up redirectors for 0 collections in 0.000002 seconds (updated 0 objects)
[2021.01.18-20.40.22:714][  0]LogContentStreaming: Texture pool size now 1000 MB
[2021.01.18-20.40.25:462][207]LogRenderer: Reallocating scene render targets to support 1216x504 Format 10 NumSamples 1 (Frame:209).
[2021.01.18-20.40.27:952][494]LogTemp: Repeating last play command: Selected Viewport
[2021.01.18-20.40.27:959][494]LogPlayLevel: PlayLevel: No blueprints needed recompiling
[2021.01.18-20.40.27:962][494]PIE: New page: PIE session: Forest1 (Jan 18, 2021, 10:40:27 AM)
[2021.01.18-20.40.27:964][494]LogOnline: OSS: Creating online subsystem instance for: NULL
[2021.01.18-20.40.27:965][494]LogOnline: OSS: TryLoadSubsystemAndSetDefault: Loaded subsystem for module [NULL]
[2021.01.18-20.40.27:965][494]LogPlayLevel: Creating play world package: /Game/UEDPIE_0_Forest1
[2021.01.18-20.40.27:967][494]LogPlayLevel: PIE: StaticDuplicateObject took: (0.002039s)
[2021.01.18-20.40.27:968][494]LogAIModule: Creating AISystem for world Forest1
[2021.01.18-20.40.27:968][494]LogAISub: UAISubsystem::UAISubsystem EnvQueryManager (0000023EF8E29E00), frame # 494
[2021.01.18-20.40.27:968][494]LogAISub: UAISubsystem::UAISubsystem AIPerceptionSystem (0000023EEBEBED40), frame # 494
[2021.01.18-20.40.27:968][494]LogPlayLevel: PIE: World Init took: (0.001079s)
[2021.01.18-20.40.27:968][494]LogPlayLevel: PIE: Created PIE world by copying editor world from /Game/Forest1.Forest1 to /Game/UEDPIE_0_Forest1.Forest1 (0.003471s)
[2021.01.18-20.40.27:993][494]LogUObjectHash: Compacting FUObjectHashTables data took   0.63ms
[2021.01.18-20.40.27:995][494]LogAudioMixer: Display: Audio Mixer Platform Settings:
[2021.01.18-20.40.27:995][494]LogAudioMixer: Display: 	Sample Rate:						  48000
[2021.01.18-20.40.27:995][494]LogAudioMixer: Display: 	Callback Buffer Frame Size Requested: 1024
[2021.01.18-20.40.27:995][494]LogAudioMixer: Display: 	Callback Buffer Frame Size To Use:	  1024
[2021.01.18-20.40.27:995][494]LogAudioMixer: Display: 	Number of buffers to queue:			  2
[2021.01.18-20.40.27:995][494]LogAudioMixer: Display: 	Max Channels (voices):				  32
[2021.01.18-20.40.27:995][494]LogAudioMixer: Display: 	Number of Async Source Workers:		  0
[2021.01.18-20.40.27:995][494]LogAudio: Display: AudioDevice MaxSources: 32
[2021.01.18-20.40.27:995][494]LogAudio: Display: Using built-in audio occlusion.
[2021.01.18-20.40.27:995][494]LogAudioMixer: Display: Initializing audio mixer.
[2021.01.18-20.40.28:000][494]LogAudioMixer: Display: 0: FrontLeft
[2021.01.18-20.40.28:000][494]LogAudioMixer: Display: 1: FrontRight
[2021.01.18-20.40.28:012][494]LogAudioMixer: Display: Using Audio Device Headset Earphone (Razer Audio Controller - Chat)
[2021.01.18-20.40.28:012][494]LogAudioMixer: Display: Initializing Sound Submixes...
[2021.01.18-20.40.28:012][494]LogAudioMixer: Display: Creating Master Submix 'MasterSubmixDefault'
[2021.01.18-20.40.28:012][494]LogAudioMixer: Display: Creating Master Submix 'MasterReverbSubmixDefault'
[2021.01.18-20.40.28:012][494]LogAudioMixer: Display: Creating Master Submix 'MasterEQSubmixDefault'
[2021.01.18-20.40.28:023][494]LogInit: FAudioDevice initialized.
[2021.01.18-20.40.28:034][494]LogLoad: Game class is 'TCRFASGameModeBase'
[2021.01.18-20.40.28:035][494]LogWorld: Bringing World /Game/UEDPIE_0_Forest1.Forest1 up for play (max tick rate 0) at 2021.01.18-15.40.28
[2021.01.18-20.40.28:036][494]LogWorld: Bringing up level for play took: 0.000413
[2021.01.18-20.40.28:036][494]LogOnline: OSS: Creating online subsystem instance for: :Context_2
[2021.01.18-20.40.28:040][494]LogContentBrowser: Native class hierarchy updated for 'MovieSceneCapture' in 0.0004 seconds. Added 20 classes and 0 folders.
[2021.01.18-20.40.28:050][494]PIE: Server logged in
[2021.01.18-20.40.28:052][494]PIE: Play in editor total start time 0.093 seconds.
[2021.01.18-20.41.03:454][734]LogSlate: Updating window title bar state: overlay mode, drag disabled, window buttons hidden, title bar hidden
[2021.01.18-20.41.03:454][734]LogWorld: BeginTearingDown for /Game/UEDPIE_0_Forest1
[2021.01.18-20.41.03:458][734]LogWorld: UWorld::CleanupWorld for Forest1, bSessionEnded=true, bCleanupResources=true
[2021.01.18-20.41.03:459][734]LogSlate: InvalidateAllWidgets triggered.  All widgets were invalidated
[2021.01.18-20.41.03:466][734]LogPlayLevel: Display: Shutting down PIE online subsystems
[2021.01.18-20.41.03:467][734]LogSlate: InvalidateAllWidgets triggered.  All widgets were invalidated
[2021.01.18-20.41.03:490][734]LogSlate: Updating window title bar state: overlay mode, drag disabled, window buttons hidden, title bar hidden
[2021.01.18-20.41.03:493][734]LogAISub: UAISubsystem::~UAISubsystem AIPerceptionSystem (0000023EEBEBED40), frame # 4734
[2021.01.18-20.41.03:493][734]LogAISub: UAISubsystem::~UAISubsystem EnvQueryManager (0000023EF8E29E00), frame # 4734
[2021.01.18-20.41.03:495][734]LogUObjectHash: Compacting FUObjectHashTables data took   0.59ms
[2021.01.18-20.41.03:525][737]LogPlayLevel: Display: Destroying online subsystem :Context_2
[2021.01.18-20.42.08:390][197]LogTemp: Repeating last play command: Selected Viewport
[2021.01.18-20.42.08:398][197]LogPlayLevel: PlayLevel: No blueprints needed recompiling
[2021.01.18-20.42.08:398][197]PIE: New page: PIE session: Forest1 (Jan 18, 2021, 10:42:08 AM)
[2021.01.18-20.42.08:398][197]LogPlayLevel: Creating play world package: /Game/UEDPIE_0_Forest1
[2021.01.18-20.42.08:400][197]LogPlayLevel: PIE: StaticDuplicateObject took: (0.001714s)
[2021.01.18-20.42.08:401][197]LogAIModule: Creating AISystem for world Forest1
[2021.01.18-20.42.08:401][197]LogAISub: UAISubsystem::UAISubsystem EnvQueryManager (0000023EF87A2C00), frame # 12197
[2021.01.18-20.42.08:401][197]LogAISub: UAISubsystem::UAISubsystem AIPerceptionSystem (0000023EEBE4E700), frame # 12197
[2021.01.18-20.42.08:401][197]LogPlayLevel: PIE: World Init took: (0.000942s)
[2021.01.18-20.42.08:401][197]LogPlayLevel: PIE: Created PIE world by copying editor world from /Game/Forest1.Forest1 to /Game/UEDPIE_0_Forest1.Forest1 (0.002738s)
[2021.01.18-20.42.08:411][197]LogUObjectHash: Compacting FUObjectHashTables data took   0.61ms
[2021.01.18-20.42.08:412][197]LogAudioMixer: Display: Audio Mixer Platform Settings:
[2021.01.18-20.42.08:412][197]LogAudioMixer: Display: 	Sample Rate:						  48000
[2021.01.18-20.42.08:412][197]LogAudioMixer: Display: 	Callback Buffer Frame Size Requested: 1024
[2021.01.18-20.42.08:412][197]LogAudioMixer: Display: 	Callback Buffer Frame Size To Use:	  1024
[2021.01.18-20.42.08:412][197]LogAudioMixer: Display: 	Number of buffers to queue:			  2
[2021.01.18-20.42.08:412][197]LogAudioMixer: Display: 	Max Channels (voices):				  32
[2021.01.18-20.42.08:412][197]LogAudioMixer: Display: 	Number of Async Source Workers:		  0
[2021.01.18-20.42.08:412][197]LogAudio: Display: AudioDevice MaxSources: 32
[2021.01.18-20.42.08:413][197]LogAudio: Display: Using built-in audio occlusion.
[2021.01.18-20.42.08:413][197]LogAudioMixer: Display: Initializing audio mixer.
[2021.01.18-20.42.08:418][197]LogAudioMixer: Display: 0: FrontLeft
[2021.01.18-20.42.08:418][197]LogAudioMixer: Display: 1: FrontRight
[2021.01.18-20.42.08:429][197]LogAudioMixer: Display: Using Audio Device Headset Earphone (Razer Audio Controller - Chat)
[2021.01.18-20.42.08:429][197]LogAudioMixer: Display: Initializing Sound Submixes...
[2021.01.18-20.42.08:429][197]LogAudioMixer: Display: Creating Master Submix 'MasterSubmixDefault'
[2021.01.18-20.42.08:429][197]LogAudioMixer: Display: Creating Master Submix 'MasterReverbSubmixDefault'
[2021.01.18-20.42.08:430][197]LogAudioMixer: Display: Creating Master Submix 'MasterEQSubmixDefault'
[2021.01.18-20.42.08:439][197]LogInit: FAudioDevice initialized.
[2021.01.18-20.42.08:444][197]LogLoad: Game class is 'TCRFASGameModeBase'
[2021.01.18-20.42.08:445][197]LogWorld: Bringing World /Game/UEDPIE_0_Forest1.Forest1 up for play (max tick rate 0) at 2021.01.18-15.42.08
[2021.01.18-20.42.08:445][197]LogWorld: Bringing up level for play took: 0.000377
[2021.01.18-20.42.08:445][197]LogOnline: OSS: Creating online subsystem instance for: :Context_3
[2021.01.18-20.42.08:453][197]PIE: Server logged in
[2021.01.18-20.42.08:454][197]PIE: Play in editor total start time 0.056 seconds.
[2021.01.18-20.42.13:663][799]LogSlate: Updating window title bar state: overlay mode, drag disabled, window buttons hidden, title bar hidden
[2021.01.18-20.42.13:663][799]LogWorld: BeginTearingDown for /Game/UEDPIE_0_Forest1
[2021.01.18-20.42.13:663][799]LogWorld: UWorld::CleanupWorld for Forest1, bSessionEnded=true, bCleanupResources=true
[2021.01.18-20.42.13:664][799]LogSlate: InvalidateAllWidgets triggered.  All widgets were invalidated
[2021.01.18-20.42.13:671][799]LogPlayLevel: Display: Shutting down PIE online subsystems
[2021.01.18-20.42.13:672][799]LogSlate: InvalidateAllWidgets triggered.  All widgets were invalidated
[2021.01.18-20.42.13:682][799]LogSlate: Updating window title bar state: overlay mode, drag disabled, window buttons hidden, title bar hidden
[2021.01.18-20.42.13:695][799]LogAISub: UAISubsystem::~UAISubsystem AIPerceptionSystem (0000023EEBE4E700), frame # 12799
[2021.01.18-20.42.13:695][799]LogAISub: UAISubsystem::~UAISubsystem EnvQueryManager (0000023EF87A2C00), frame # 12799
[2021.01.18-20.42.13:696][799]LogUObjectHash: Compacting FUObjectHashTables data took   0.57ms
[2021.01.18-20.42.13:744][801]LogPlayLevel: Display: Destroying online subsystem :Context_3
[2021.01.18-20.42.14:282][861]Candidate modules for hot reload:
[2021.01.18-20.42.14:282][861]  TCRFAS
[2021.01.18-20.42.14:282][861]Launching UnrealBuildTool... [C:/Program Files (x86)/UE_4.25/Engine/Binaries/DotNET/UnrealBuildTool.exe  -ModuleWithSuffix=TCRFAS,1216 TCRFASEditor Win64 Development -Project="F:/PersonalProjects/TC-RFAS/TCRFAS/TCRFAS.uproject" "F:/PersonalProjects/TC-RFAS/TCRFAS/TCRFAS.uproject"  -IgnoreJunk]
[2021.01.18-20.42.14:284][861]Warning: Starting HotReload took  0.0s.
[2021.01.18-20.42.36:496][464]Cmd: SELECT NONE
[2021.01.18-20.44.58:097][983]CompilerResultsLog: New page: Compilation - Jan 18, 2021, 10:44:58 AM
[2021.01.18-20.44.58:097][983]CompilerResultsLog: Using 'git status' to determine working set for adaptive non-unity build (F:\PersonalProjects\TC-RFAS).
[2021.01.18-20.44.58:097][983]CompilerResultsLog: Parsing headers for TCRFASEditor
[2021.01.18-20.44.58:097][983]CompilerResultsLog:   Running UnrealHeaderTool "F:\PersonalProjects\TC-RFAS\TCRFAS\TCRFAS.uproject" "F:\PersonalProjects\TC-RFAS\TCRFAS\Intermediate\Build\Win64\TCRFASEditor\Development\TCRFASEditor.uhtmanifest" -LogCmds="loginit warning, logexit warning, logdatabase error" -Unattended -WarningsAsErrors -abslog="C:\Users\kylej\AppData\Local\UnrealBuildTool\Log_UHT.txt" -installed
[2021.01.18-20.44.58:097][983]CompilerResultsLog: Reflection code generated for TCRFASEditor in 20.2365082 seconds
[2021.01.18-20.44.58:097][983]CompilerResultsLog: Building TCRFASEditor...
[2021.01.18-20.44.58:097][983]CompilerResultsLog: Using Visual Studio 2019 14.26.28806 toolchain (C:\Program Files (x86)\Microsoft Visual Studio\2019\Professional\VC\Tools\MSVC\14.26.28801) and Windows 10.0.18362.0 SDK (C:\Program Files (x86)\Windows Kits\10).
[2021.01.18-20.44.58:097][983]CompilerResultsLog: Building 12 actions with 16 processes...
[2021.01.18-20.44.58:097][983]CompilerResultsLog:   [1/12] TCRFAS.init.gen.cpp
[2021.01.18-20.44.58:097][983]CompilerResultsLog:   [2/12] FloorNode.gen.cpp
[2021.01.18-20.44.58:097][983]CompilerResultsLog:   [3/12] Floor_Base.cpp
[2021.01.18-20.44.58:097][983]CompilerResultsLog:   F:\PersonalProjects\TC-RFAS\TCRFAS\Source\TCRFAS\Floor_Base.cpp(44): warning C4996: The ARRAY_COUNT macro has been deprecated in favor of UE_ARRAY_COUNT. Please update your code to the new API before upgrading to the next release, otherwise your project will no longer compile.
[2021.01.18-20.44.58:097][983]CompilerResultsLog:   [4/12] FloorManager.gen.cpp
[2021.01.18-20.44.58:097][983]CompilerResultsLog:   [5/12] PlayerControllerPawn.cpp
[2021.01.18-20.44.58:097][983]CompilerResultsLog:   [6/12] FloorNode.cpp
[2021.01.18-20.44.58:097][983]CompilerResultsLog:   [7/12] PlayerControllerPawn.gen.cpp
[2021.01.18-20.44.58:097][983]CompilerResultsLog:   [8/12] FloorManager.cpp
[2021.01.18-20.44.58:097][983]CompilerResultsLog:   [9/12] TCRFASGameModeBase.cpp
[2021.01.18-20.44.58:097][983]CompilerResultsLog:   [10/12] UE4Editor-TCRFAS-1216.lib
[2021.01.18-20.44.58:097][983]CompilerResultsLog:      Creating library F:\PersonalProjects\TC-RFAS\TCRFAS\Intermediate\Build\Win64\UE4Editor\Development\TCRFAS\UE4Editor-TCRFAS-1216.lib and object F:\PersonalProjects\TC-RFAS\TCRFAS\Intermediate\Build\Win64\UE4Editor\Development\TCRFAS\UE4Editor-TCRFAS-1216.exp
[2021.01.18-20.44.58:097][983]CompilerResultsLog:   [11/12] UE4Editor-TCRFAS-1216.dll
[2021.01.18-20.44.58:097][983]CompilerResultsLog:      Creating library F:\PersonalProjects\TC-RFAS\TCRFAS\Intermediate\Build\Win64\UE4Editor\Development\TCRFAS\UE4Editor-TCRFAS-1216.suppressed.lib and object F:\PersonalProjects\TC-RFAS\TCRFAS\Intermediate\Build\Win64\UE4Editor\Development\TCRFAS\UE4Editor-TCRFAS-1216.suppressed.exp
[2021.01.18-20.44.58:097][983]CompilerResultsLog:   [12/12] TCRFASEditor.target
[2021.01.18-20.44.58:097][983]CompilerResultsLog: Total time in Parallel executor: 142.49 seconds
[2021.01.18-20.44.58:097][983]CompilerResultsLog: Total execution time: 163.73 seconds
[2021.01.18-20.44.58:097][983]LogMainFrame: MainFrame: Module compiling took 163.821 seconds
[2021.01.18-20.44.58:103][983]LogClass: Could not find existing class FloorManager in package /Script/TCRFAS for HotReload, assuming new class
[2021.01.18-20.44.58:104][983]LogClass: Could not find existing class PlayerControllerPawn in package /Script/TCRFAS for HotReload, assuming new class
[2021.01.18-20.44.58:105][983]LogClass: Charactertype HotReload.
[2021.01.18-20.44.58:105][983]LogClass: DomainStages HotReload.
[2021.01.18-20.44.58:105][983]LogClass: Ailment HotReload.
[2021.01.18-20.44.58:105][983]LogClass: ElementalTypes HotReload.
[2021.01.18-20.44.58:105][983]LogClass: Screen HotReload.
[2021.01.18-20.44.58:111][983]LogHotReload: Re-instancing FloorManager after hot-reload.
[2021.01.18-20.44.58:121][983]LogHotReload: Re-instancing PlayerControllerPawn after hot-reload.
[2021.01.18-20.44.58:124][983]LogContentBrowser: Native class hierarchy updated for 'TCRFAS' in 0.0004 seconds. Added 17 classes and 2 folders.
[2021.01.18-20.44.58:125][983]Display: HotReload successful (0 functions remapped  0 scriptstructs remapped)
[2021.01.18-20.44.58:159][983]LogContentBrowser: Native class hierarchy populated in 0.0085 seconds. Added 3444 classes and 823 folders.
[2021.01.18-20.44.58:159][983]Display: HotReload took 163.9s.
[2021.01.18-20.45.01:086][316]LogTemp: Repeating last play command: Selected Viewport
[2021.01.18-20.45.01:095][316]LogPlayLevel: PlayLevel: No blueprints needed recompiling
[2021.01.18-20.45.01:095][316]PIE: New page: PIE session: Forest1 (Jan 18, 2021, 10:45:01 AM)
[2021.01.18-20.45.01:095][316]LogPlayLevel: Creating play world package: /Game/UEDPIE_0_Forest1
[2021.01.18-20.45.01:097][316]LogPlayLevel: PIE: StaticDuplicateObject took: (0.001736s)
[2021.01.18-20.45.01:098][316]LogAIModule: Creating AISystem for world Forest1
[2021.01.18-20.45.01:098][316]LogAISub: UAISubsystem::UAISubsystem EnvQueryManager (0000023E821A5600), frame # 32316
[2021.01.18-20.45.01:098][316]LogAISub: UAISubsystem::UAISubsystem AIPerceptionSystem (0000023EA3826E80), frame # 32316
[2021.01.18-20.45.01:098][316]LogPlayLevel: PIE: World Init took: (0.001097s)
[2021.01.18-20.45.01:098][316]LogPlayLevel: PIE: Created PIE world by copying editor world from /Game/Forest1.Forest1 to /Game/UEDPIE_0_Forest1.Forest1 (0.002931s)
[2021.01.18-20.45.01:108][316]LogUObjectHash: Compacting FUObjectHashTables data took   0.74ms
[2021.01.18-20.45.01:110][316]LogAudioMixer: Display: Audio Mixer Platform Settings:
[2021.01.18-20.45.01:110][316]LogAudioMixer: Display: 	Sample Rate:						  48000
[2021.01.18-20.45.01:110][316]LogAudioMixer: Display: 	Callback Buffer Frame Size Requested: 1024
[2021.01.18-20.45.01:110][316]LogAudioMixer: Display: 	Callback Buffer Frame Size To Use:	  1024
[2021.01.18-20.45.01:110][316]LogAudioMixer: Display: 	Number of buffers to queue:			  2
[2021.01.18-20.45.01:110][316]LogAudioMixer: Display: 	Max Channels (voices):				  32
[2021.01.18-20.45.01:110][316]LogAudioMixer: Display: 	Number of Async Source Workers:		  0
[2021.01.18-20.45.01:110][316]LogAudio: Display: AudioDevice MaxSources: 32
[2021.01.18-20.45.01:110][316]LogAudio: Display: Using built-in audio occlusion.
[2021.01.18-20.45.01:110][316]LogAudioMixer: Display: Initializing audio mixer.
[2021.01.18-20.45.01:115][316]LogAudioMixer: Display: 0: FrontLeft
[2021.01.18-20.45.01:115][316]LogAudioMixer: Display: 1: FrontRight
[2021.01.18-20.45.01:128][316]LogAudioMixer: Display: Using Audio Device Headset Earphone (Razer Audio Controller - Chat)
[2021.01.18-20.45.01:128][316]LogAudioMixer: Display: Initializing Sound Submixes...
[2021.01.18-20.45.01:128][316]LogAudioMixer: Display: Creating Master Submix 'MasterSubmixDefault'
[2021.01.18-20.45.01:128][316]LogAudioMixer: Display: Creating Master Submix 'MasterReverbSubmixDefault'
[2021.01.18-20.45.01:129][316]LogAudioMixer: Display: Creating Master Submix 'MasterEQSubmixDefault'
[2021.01.18-20.45.01:138][316]LogInit: FAudioDevice initialized.
[2021.01.18-20.45.01:148][316]LogLoad: Game class is 'TCRFASGameModeBase'
[2021.01.18-20.45.01:149][316]LogWorld: Bringing World /Game/UEDPIE_0_Forest1.Forest1 up for play (max tick rate 0) at 2021.01.18-15.45.01
[2021.01.18-20.45.01:149][316]LogWorld: Bringing up level for play took: 0.000382
[2021.01.18-20.45.01:149][316]LogOnline: OSS: Creating online subsystem instance for: :Context_4
[2021.01.18-20.45.01:175][316]PIE: Server logged in
[2021.01.18-20.45.01:176][316]PIE: Play in editor total start time 0.083 seconds.
[2021.01.18-20.45.41:013][521]LogSlate: Updating window title bar state: overlay mode, drag disabled, window buttons hidden, title bar hidden
[2021.01.18-20.45.41:013][521]LogWorld: BeginTearingDown for /Game/UEDPIE_0_Forest1
[2021.01.18-20.45.41:014][521]LogWorld: UWorld::CleanupWorld for Forest1, bSessionEnded=true, bCleanupResources=true
[2021.01.18-20.45.41:014][521]LogSlate: InvalidateAllWidgets triggered.  All widgets were invalidated
[2021.01.18-20.45.41:021][521]LogPlayLevel: Display: Shutting down PIE online subsystems
[2021.01.18-20.45.41:022][521]LogSlate: InvalidateAllWidgets triggered.  All widgets were invalidated
[2021.01.18-20.45.41:044][521]LogSlate: Updating window title bar state: overlay mode, drag disabled, window buttons hidden, title bar hidden
[2021.01.18-20.45.41:046][521]LogAISub: UAISubsystem::~UAISubsystem AIPerceptionSystem (0000023EA3826E80), frame # 35521
[2021.01.18-20.45.41:046][521]LogAISub: UAISubsystem::~UAISubsystem EnvQueryManager (0000023E821A5600), frame # 35521
[2021.01.18-20.45.41:047][521]LogUObjectHash: Compacting FUObjectHashTables data took   0.62ms
[2021.01.18-20.45.41:085][524]LogPlayLevel: Display: Destroying online subsystem :Context_4
[2021.01.18-20.46.42:397][674]Candidate modules for hot reload:
[2021.01.18-20.46.42:397][674]  TCRFAS
[2021.01.18-20.46.42:397][674]Launching UnrealBuildTool... [C:/Program Files (x86)/UE_4.25/Engine/Binaries/DotNET/UnrealBuildTool.exe  -ModuleWithSuffix=TCRFAS,9165 TCRFASEditor Win64 Development -Project="F:/PersonalProjects/TC-RFAS/TCRFAS/TCRFAS.uproject" "F:/PersonalProjects/TC-RFAS/TCRFAS/TCRFAS.uproject"  -IgnoreJunk]
[2021.01.18-20.46.42:399][674]Warning: Starting HotReload took  0.0s.
[2021.01.18-20.46.44:349][848]CompilerResultsLog: New page: Compilation - Jan 18, 2021, 10:46:44 AM
[2021.01.18-20.46.44:349][848]CompilerResultsLog: Using 'git status' to determine working set for adaptive non-unity build (F:\PersonalProjects\TC-RFAS).
[2021.01.18-20.46.44:349][848]CompilerResultsLog: Building TCRFASEditor...
[2021.01.18-20.46.44:349][848]CompilerResultsLog: Using Visual Studio 2019 14.26.28806 toolchain (C:\Program Files (x86)\Microsoft Visual Studio\2019\Professional\VC\Tools\MSVC\14.26.28801) and Windows 10.0.18362.0 SDK (C:\Program Files (x86)\Windows Kits\10).
[2021.01.18-20.46.44:349][848]CompilerResultsLog: Building 4 actions with 16 processes...
[2021.01.18-20.46.44:349][848]CompilerResultsLog:   [1/4] Floor_Base.cpp
[2021.01.18-20.46.44:349][848]CompilerResultsLog:   F:\PersonalProjects\TC-RFAS\TCRFAS\Source\TCRFAS\Floor_Base.cpp(44): warning C4996: The ARRAY_COUNT macro has been deprecated in favor of UE_ARRAY_COUNT. Please update your code to the new API before upgrading to the next release, otherwise your project will no longer compile.
[2021.01.18-20.46.44:349][848]CompilerResultsLog:   [2/4] UE4Editor-TCRFAS-9165.lib
[2021.01.18-20.46.44:349][848]CompilerResultsLog:      Creating library F:\PersonalProjects\TC-RFAS\TCRFAS\Intermediate\Build\Win64\UE4Editor\Development\TCRFAS\UE4Editor-TCRFAS-9165.lib and object F:\PersonalProjects\TC-RFAS\TCRFAS\Intermediate\Build\Win64\UE4Editor\Development\TCRFAS\UE4Editor-TCRFAS-9165.exp
[2021.01.18-20.46.44:349][848]CompilerResultsLog:   [3/4] UE4Editor-TCRFAS-9165.dll
[2021.01.18-20.46.44:349][848]CompilerResultsLog:      Creating library F:\PersonalProjects\TC-RFAS\TCRFAS\Intermediate\Build\Win64\UE4Editor\Development\TCRFAS\UE4Editor-TCRFAS-9165.suppressed.lib and object F:\PersonalProjects\TC-RFAS\TCRFAS\Intermediate\Build\Win64\UE4Editor\Development\TCRFAS\UE4Editor-TCRFAS-9165.suppressed.exp
[2021.01.18-20.46.44:349][848]CompilerResultsLog:   [4/4] TCRFASEditor.target
[2021.01.18-20.46.44:349][848]CompilerResultsLog: Total time in Parallel executor: 1.38 seconds
[2021.01.18-20.46.44:349][848]CompilerResultsLog: Total execution time: 1.88 seconds
[2021.01.18-20.46.44:349][848]LogMainFrame: MainFrame: Module compiling took 1.956 seconds
[2021.01.18-20.46.44:356][848]LogClass: Charactertype HotReload.
[2021.01.18-20.46.44:356][848]LogClass: DomainStages HotReload.
[2021.01.18-20.46.44:356][848]LogClass: Ailment HotReload.
[2021.01.18-20.46.44:356][848]LogClass: ElementalTypes HotReload.
[2021.01.18-20.46.44:356][848]LogClass: Screen HotReload.
[2021.01.18-20.46.44:364][848]LogContentBrowser: Native class hierarchy updated for 'TCRFAS' in 0.0004 seconds. Added 17 classes and 2 folders.
[2021.01.18-20.46.44:365][848]Display: HotReload successful (0 functions remapped  0 scriptstructs remapped)
[2021.01.18-20.46.44:392][848]LogContentBrowser: Native class hierarchy populated in 0.0086 seconds. Added 3444 classes and 823 folders.
[2021.01.18-20.46.44:392][848]Display: HotReload took  2.0s.
[2021.01.18-20.47.11:948][ 78]LogTemp: Repeating last play command: Selected Viewport
[2021.01.18-20.47.11:957][ 78]LogPlayLevel: PlayLevel: No blueprints needed recompiling
[2021.01.18-20.47.11:957][ 78]PIE: New page: PIE session: Forest1 (Jan 18, 2021, 10:47:11 AM)
[2021.01.18-20.47.11:958][ 78]LogPlayLevel: Creating play world package: /Game/UEDPIE_0_Forest1
[2021.01.18-20.47.11:959][ 78]LogPlayLevel: PIE: StaticDuplicateObject took: (0.001702s)
[2021.01.18-20.47.11:960][ 78]LogAIModule: Creating AISystem for world Forest1
[2021.01.18-20.47.11:960][ 78]LogAISub: UAISubsystem::UAISubsystem EnvQueryManager (0000023EF8E2A400), frame # 46078
[2021.01.18-20.47.11:960][ 78]LogAISub: UAISubsystem::UAISubsystem AIPerceptionSystem (0000023E8219EE80), frame # 46078
[2021.01.18-20.47.11:960][ 78]LogPlayLevel: PIE: World Init took: (0.001088s)
[2021.01.18-20.47.11:960][ 78]LogPlayLevel: PIE: Created PIE world by copying editor world from /Game/Forest1.Forest1 to /Game/UEDPIE_0_Forest1.Forest1 (0.002896s)
[2021.01.18-20.47.11:970][ 78]LogUObjectHash: Compacting FUObjectHashTables data took   0.59ms
[2021.01.18-20.47.11:971][ 78]LogAudioMixer: Display: Audio Mixer Platform Settings:
[2021.01.18-20.47.11:971][ 78]LogAudioMixer: Display: 	Sample Rate:						  48000
[2021.01.18-20.47.11:971][ 78]LogAudioMixer: Display: 	Callback Buffer Frame Size Requested: 1024
[2021.01.18-20.47.11:971][ 78]LogAudioMixer: Display: 	Callback Buffer Frame Size To Use:	  1024
[2021.01.18-20.47.11:971][ 78]LogAudioMixer: Display: 	Number of buffers to queue:			  2
[2021.01.18-20.47.11:971][ 78]LogAudioMixer: Display: 	Max Channels (voices):				  32
[2021.01.18-20.47.11:971][ 78]LogAudioMixer: Display: 	Number of Async Source Workers:		  0
[2021.01.18-20.47.11:971][ 78]LogAudio: Display: AudioDevice MaxSources: 32
[2021.01.18-20.47.11:972][ 78]LogAudio: Display: Using built-in audio occlusion.
[2021.01.18-20.47.11:972][ 78]LogAudioMixer: Display: Initializing audio mixer.
[2021.01.18-20.47.11:977][ 78]LogAudioMixer: Display: 0: FrontLeft
[2021.01.18-20.47.11:977][ 78]LogAudioMixer: Display: 1: FrontRight
[2021.01.18-20.47.11:989][ 78]LogAudioMixer: Display: Using Audio Device Headset Earphone (Razer Audio Controller - Chat)
[2021.01.18-20.47.11:989][ 78]LogAudioMixer: Display: Initializing Sound Submixes...
[2021.01.18-20.47.11:989][ 78]LogAudioMixer: Display: Creating Master Submix 'MasterSubmixDefault'
[2021.01.18-20.47.11:989][ 78]LogAudioMixer: Display: Creating Master Submix 'MasterReverbSubmixDefault'
[2021.01.18-20.47.11:990][ 78]LogAudioMixer: Display: Creating Master Submix 'MasterEQSubmixDefault'
[2021.01.18-20.47.11:999][ 78]LogInit: FAudioDevice initialized.
[2021.01.18-20.47.12:005][ 78]LogLoad: Game class is 'TCRFASGameModeBase'
[2021.01.18-20.47.12:006][ 78]LogWorld: Bringing World /Game/UEDPIE_0_Forest1.Forest1 up for play (max tick rate 0) at 2021.01.18-15.47.12
[2021.01.18-20.47.12:006][ 78]LogWorld: Bringing up level for play took: 0.000392
[2021.01.18-20.47.12:006][ 78]LogOnline: OSS: Creating online subsystem instance for: :Context_5
[2021.01.18-20.47.12:104][ 78]PIE: Server logged in
[2021.01.18-20.47.12:105][ 78]PIE: Play in editor total start time 0.15 seconds.
[2021.01.18-20.48.37:754][521]LogSlate: Updating window title bar state: overlay mode, drag disabled, window buttons hidden, title bar hidden
[2021.01.18-20.48.37:754][521]LogWorld: BeginTearingDown for /Game/UEDPIE_0_Forest1
[2021.01.18-20.48.37:754][521]LogWorld: UWorld::CleanupWorld for Forest1, bSessionEnded=true, bCleanupResources=true
[2021.01.18-20.48.37:756][521]LogSlate: InvalidateAllWidgets triggered.  All widgets were invalidated
[2021.01.18-20.48.40:252][521]LogWindows: Error: === Critical error: ===
[2021.01.18-20.48.40:252][521]LogWindows: Error: 
[2021.01.18-20.48.40:252][521]LogWindows: Error: Fatal error!
[2021.01.18-20.48.40:252][521]LogWindows: Error: 
[2021.01.18-20.48.40:252][521]LogWindows: Error: Unhandled Exception: EXCEPTION_ACCESS_VIOLATION reading address 0x00000000
[2021.01.18-20.48.40:252][521]LogWindows: Error: 
[2021.01.18-20.48.40:252][521]LogWindows: Error: [Callstack] 0x00007ffc48e6f681 UE4Editor-Core.dll!UnknownFunction []
[2021.01.18-20.48.40:252][521]LogWindows: Error: [Callstack] 0x00007ffc48ca949c UE4Editor-Core.dll!UnknownFunction []
[2021.01.18-20.48.40:252][521]LogWindows: Error: [Callstack] 0x00007ffc2e1cce48 UE4Editor-OnlineSubsystemNull.dll!UnknownFunction []
[2021.01.18-20.48.40:252][521]LogWindows: Error: [Callstack] 0x00007ffc2e1dda45 UE4Editor-OnlineSubsystemNull.dll!UnknownFunction []
[2021.01.18-20.48.40:252][521]LogWindows: Error: [Callstack] 0x00007ffc2e1d1be9 UE4Editor-OnlineSubsystemNull.dll!UnknownFunction []
[2021.01.18-20.48.40:252][521]LogWindows: Error: [Callstack] 0x00007ffc2e1cd955 UE4Editor-OnlineSubsystemNull.dll!UnknownFunction []
[2021.01.18-20.48.40:252][521]LogWindows: Error: [Callstack] 0x00007ffc2e1fabef UE4Editor-OnlineSubsystemNull.dll!UnknownFunction []
[2021.01.18-20.48.40:252][521]LogWindows: Error: [Callstack] 0x00007ffc2da2438e UE4Editor-OnlineSubsystemUtils.dll!UnknownFunction []
[2021.01.18-20.48.40:252][521]LogWindows: Error: [Callstack] 0x00007ffc36debaa1 UE4Editor-UnrealEd.dll!UnknownFunction []
[2021.01.18-20.48.40:253][521]LogWindows: Error: [Callstack] 0x00007ffc368abce5 UE4Editor-UnrealEd.dll!UnknownFunction []
[2021.01.18-20.48.40:253][521]LogWindows: Error: [Callstack] 0x00007ffc371837e6 UE4Editor-UnrealEd.dll!UnknownFunction []
[2021.01.18-20.48.40:253][521]LogWindows: Error: [Callstack] 0x00007ff7a9af7800 UE4Editor.exe!UnknownFunction []
[2021.01.18-20.48.40:253][521]LogWindows: Error: [Callstack] 0x00007ff7a9b0ba7c UE4Editor.exe!UnknownFunction []
[2021.01.18-20.48.40:253][521]LogWindows: Error: [Callstack] 0x00007ff7a9b0bb5a UE4Editor.exe!UnknownFunction []
[2021.01.18-20.48.40:253][521]LogWindows: Error: [Callstack] 0x00007ff7a9b1e31d UE4Editor.exe!UnknownFunction []
[2021.01.18-20.48.40:253][521]LogWindows: Error: [Callstack] 0x00007ff7a9b2145a UE4Editor.exe!UnknownFunction []
[2021.01.18-20.48.40:253][521]LogWindows: Error: [Callstack] 0x00007ffcbd1a7c24 KERNEL32.DLL!UnknownFunction []
[2021.01.18-20.48.40:253][521]LogWindows: Error: [Callstack] 0x00007ffcbed4d4d1 ntdll.dll!UnknownFunction []
[2021.01.18-20.48.40:253][521]LogWindows: Error: 
[2021.01.18-20.48.40:283][521]LogExit: Executing StaticShutdownAfterError
[2021.01.18-20.48.40:288][521]LogWindows: FPlatformMisc::RequestExit(1)
[2021.01.18-20.48.40:288][521]LogCore: Engine exit requested (reason: Win RequestExit)
[2021.01.18-20.48.40:300][521]Log file closed, 01/18/21 15:48:40
