Log file open, 01/19/21 15:00:51
LogInit: Display: Running engine for game: TCRFAS
LogPlatformFile: Not using cached read wrapper
LogTaskGraph: Started task graph with 5 named threads and 47 total threads with 3 sets of task threads.
LogStats: Stats thread started at 0.154963
LogD3D11RHI: Loaded GFSDK_Aftermath_Lib.x64.dll
LogICUInternationalization: ICU TimeZone Detection - Raw Offset: -5:00, Platform Override: ''
LogPluginManager: Mounting plugin Paper2D
LogPluginManager: Mounting plugin AISupport
LogPluginManager: Mounting plugin LightPropagationVolume
LogPluginManager: Mounting plugin CameraShakePreviewer
LogPluginManager: Mounting plugin ActorLayerUtilities
LogPluginManager: Mounting plugin AnimationSharing
LogPluginManager: Mounting plugin CLionSourceCodeAccess
LogPluginManager: Mounting plugin CodeLiteSourceCodeAccess
LogPluginManager: Mounting plugin GitSourceControl
LogPluginManager: Mounting plugin KDevelopSourceCodeAccess
LogPluginManager: Mounting plugin NullSourceCodeAccess
LogPluginManager: Mounting plugin PerforceSourceControl
LogPluginManager: Mounting plugin PlasticSourceControl
LogPluginManager: Mounting plugin RiderSourceCodeAccess
LogPluginManager: Mounting plugin SubversionSourceControl
LogPluginManager: Mounting plugin UObjectPlugin
LogPluginManager: Mounting plugin VisualStudioCodeSourceCodeAccess
LogPluginManager: Mounting plugin VisualStudioSourceCodeAccess
LogPluginManager: Mounting plugin XCodeSourceCodeAccess
LogPluginManager: Mounting plugin AssetManagerEditor
LogPluginManager: Mounting plugin CryptoKeys
LogPluginManager: Mounting plugin CurveEditorTools
LogPluginManager: Mounting plugin DataValidation
LogPluginManager: Mounting plugin EditorScriptingUtilities
LogPluginManager: Mounting plugin FacialAnimation
LogPluginManager: Mounting plugin GameplayTagsEditor
LogPluginManager: Mounting plugin GeometryMode
LogPluginManager: Mounting plugin MacGraphicsSwitching
LogPluginManager: Mounting plugin MaterialAnalyzer
LogPluginManager: Mounting plugin MobileLauncherProfileWizard
LogPluginManager: Mounting plugin PluginBrowser
LogPluginManager: Mounting plugin SpeedTreeImporter
LogPluginManager: Mounting plugin DatasmithContent
LogPluginManager: Mounting plugin VariantManagerContent
LogPluginManager: Mounting plugin AlembicImporter
LogPluginManager: Mounting plugin AutomationUtils
LogPluginManager: Mounting plugin BackChannel
LogPluginManager: Mounting plugin ChaosCloth
LogPluginManager: Mounting plugin ChaosClothEditor
LogPluginManager: Mounting plugin ChaosEditor
LogPluginManager: Mounting plugin ChaosNiagara
LogPluginManager: Mounting plugin ChaosSolverPlugin
LogPluginManager: Mounting plugin CharacterAI
LogPluginManager: Mounting plugin GeometryCache
LogPluginManager: Mounting plugin GeometryCollectionPlugin
LogPluginManager: Mounting plugin GeometryProcessing
LogPluginManager: Mounting plugin PlanarCut
LogPluginManager: Mounting plugin PlatformCrypto
LogPluginManager: Mounting plugin ProxyLODPlugin
LogPluginManager: Mounting plugin SkeletalReduction
LogPluginManager: Mounting plugin Niagara
LogPluginManager: Mounting plugin MagicLeap
LogPluginManager: Mounting plugin MagicLeapLightEstimation
LogPluginManager: Mounting plugin MagicLeapMedia
LogPluginManager: Mounting plugin MagicLeapPassableWorld
LogPluginManager: Mounting plugin MLSDK
LogPluginManager: Mounting plugin AndroidMedia
LogPluginManager: Mounting plugin AvfMedia
LogPluginManager: Mounting plugin ImgMedia
LogPluginManager: Mounting plugin MediaCompositing
LogPluginManager: Mounting plugin MediaPlayerEditor
LogPluginManager: Mounting plugin WebMMedia
LogPluginManager: Mounting plugin WmfMedia
LogPluginManager: Mounting plugin MeshPainting
LogPluginManager: Mounting plugin TcpMessaging
LogPluginManager: Mounting plugin UdpMessaging
LogPluginManager: Mounting plugin ActorSequence
LogPluginManager: Mounting plugin LevelSequenceEditor
LogPluginManager: Mounting plugin MatineeToLevelSequence
LogPluginManager: Mounting plugin MovieRenderPipeline
LogPluginManager: Mounting plugin TemplateSequence
LogPluginManager: Mounting plugin NetcodeUnitTest
LogPluginManager: Mounting plugin NUTUnrealEngine4
LogPluginManager: Mounting plugin OnlineSubsystemGooglePlay
LogPluginManager: Mounting plugin OnlineSubsystemIOS
LogPluginManager: Mounting plugin OnlineSubsystem
LogPluginManager: Mounting plugin OnlineSubsystemNull
LogPluginManager: Mounting plugin OnlineSubsystemUtils
LogPluginManager: Mounting plugin LauncherChunkInstaller
LogPluginManager: Mounting plugin AndroidDeviceProfileSelector
LogPluginManager: Mounting plugin AndroidMoviePlayer
LogPluginManager: Mounting plugin AndroidPermission
LogPluginManager: Mounting plugin AppleImageUtils
LogPluginManager: Mounting plugin AppleMoviePlayer
LogPluginManager: Mounting plugin ArchVisCharacter
LogPluginManager: Mounting plugin AssetTags
LogPluginManager: Mounting plugin AudioCapture
LogPluginManager: Mounting plugin CableComponent
LogPluginManager: Mounting plugin CustomMeshComponent
LogPluginManager: Mounting plugin EditableMesh
LogPluginManager: Mounting plugin ExampleDeviceProfileSelector
LogPluginManager: Mounting plugin GoogleCloudMessaging
LogPluginManager: Mounting plugin GooglePAD
LogPluginManager: Mounting plugin IOSDeviceProfileSelector
LogPluginManager: Mounting plugin LinuxDeviceProfileSelector
LogPluginManager: Mounting plugin LocationServicesBPLibrary
LogPluginManager: Mounting plugin MobilePatchingUtils
LogPluginManager: Mounting plugin OculusVR
LogPluginManager: Mounting plugin PhysXVehicles
LogPluginManager: Mounting plugin PostSplashScreen
LogPluginManager: Mounting plugin ProceduralMeshComponent
LogPluginManager: Mounting plugin RuntimePhysXCooking
LogPluginManager: Mounting plugin SignificanceManager
LogPluginManager: Mounting plugin SoundFields
LogPluginManager: Mounting plugin SteamVR
LogPluginManager: Mounting plugin Synthesis
LogPluginManager: Mounting plugin WebMMoviePlayer
LogPluginManager: Mounting plugin WindowsMoviePlayer
LogPluginManager: Mounting plugin ScreenshotTools
LogPluginManager: Mounting plugin RiderLink
LogInit: Using libcurl 7.55.1-DEV
LogInit:  - built for x86_64-pc-win32
LogInit:  - supports SSL with OpenSSL/1.1.1
LogInit:  - supports HTTP deflate (compression) using libz 1.2.8
LogInit:  - other features:
LogInit:      CURL_VERSION_SSL
LogInit:      CURL_VERSION_LIBZ
LogInit:      CURL_VERSION_IPV6
LogInit:      CURL_VERSION_ASYNCHDNS
LogInit:      CURL_VERSION_LARGEFILE
LogInit:      CURL_VERSION_IDN
LogInit:  CurlRequestOptions (configurable via config and command line):
LogInit:  - bVerifyPeer = true  - Libcurl will verify peer certificate
LogInit:  - bUseHttpProxy = false  - Libcurl will NOT use HTTP proxy
LogInit:  - bDontReuseConnections = false  - Libcurl will reuse connections
LogInit:  - MaxHostConnections = 16  - Libcurl will limit the number of connections to a host
LogInit:  - LocalHostAddr = Default
LogInit:  - BufferSize = 65536
LogOnline: OSS: Creating online subsystem instance for: NULL
LogInit: WinSock: version 1.1 (2.2), MaxSocks=32767, MaxUdp=65467
LogOnline: OSS: TryLoadSubsystemAndSetDefault: Loaded subsystem for module [NULL]
LogInit: Build: ++UE4+Release-4.25-CL-14469661
LogInit: Engine Version: 4.25.4-14469661+++UE4+Release-4.25
LogInit: Compatible Engine Version: 4.25.0-13144385+++UE4+Release-4.25
LogInit: Net CL: 13144385
LogInit: OS: Windows 10 (Release 1909) (), CPU: AMD Ryzen 7 3700X 8-Core Processor             , GPU: NVIDIA GeForce GTX 1660 Ti
LogInit: Compiled (64-bit): Oct 11 2020 08:10:49
LogInit: Compiled with Visual C++: 19.24.28315.00
LogInit: Build Configuration: Development
LogInit: Branch Name: ++UE4+Release-4.25
LogInit: Command Line: 
LogInit: Base Directory: C:/Program Files (x86)/UE_4.25/Engine/Binaries/Win64/
LogInit: Allocator: TBB
LogInit: Installed Engine Build: 1
LogDevObjectVersion: Number of dev versions registered: 26
LogDevObjectVersion:   Dev-Blueprints (B0D832E4-1F89-4F0D-ACCF-7EB736FD4AA2): 10
LogDevObjectVersion:   Dev-Build (E1C64328-A22C-4D53-A36C-8E866417BD8C): 0
LogDevObjectVersion:   Dev-Core (375EC13C-06E4-48FB-B500-84F0262A717E): 4
LogDevObjectVersion:   Dev-Editor (E4B068ED-F494-42E9-A231-DA0B2E46BB41): 38
LogDevObjectVersion:   Dev-Framework (CFFC743F-43B0-4480-9391-14DF171D2073): 37
LogDevObjectVersion:   Dev-Mobile (B02B49B5-BB20-44E9-A304-32B752E40360): 2
LogDevObjectVersion:   Dev-Networking (A4E4105C-59A1-49B5-A7C5-40C4547EDFEE): 0
LogDevObjectVersion:   Dev-Online (39C831C9-5AE6-47DC-9A44-9C173E1C8E7C): 0
LogDevObjectVersion:   Dev-Physics (78F01B33-EBEA-4F98-B9B4-84EACCB95AA2): 4
LogDevObjectVersion:   Dev-Platform (6631380F-2D4D-43E0-8009-CF276956A95A): 0
LogDevObjectVersion:   Dev-Rendering (12F88B9F-8875-4AFC-A67C-D90C383ABD29): 43
LogDevObjectVersion:   Dev-Sequencer (7B5AE74C-D270-4C10-A958-57980B212A5A): 12
LogDevObjectVersion:   Dev-VR (D7296918-1DD6-4BDD-9DE2-64A83CC13884): 3
LogDevObjectVersion:   Dev-LoadTimes (C2A15278-BFE7-4AFE-6C17-90FF531DF755): 1
LogDevObjectVersion:   Private-Geometry (6EACA3D4-40EC-4CC1-B786-8BED09428FC5): 3
LogDevObjectVersion:   Dev-AnimPhys (29E575DD-E0A3-4627-9D10-D276232CDCEA): 17
LogDevObjectVersion:   Dev-Anim (AF43A65D-7FD3-4947-9873-3E8ED9C1BB05): 7
LogDevObjectVersion:   Dev-ReflectionCapture (6B266CEC-1EC7-4B8F-A30B-E4D90942FC07): 1
LogDevObjectVersion:   Dev-Automation (0DF73D61-A23F-47EA-B727-89E90C41499A): 1
LogDevObjectVersion:   FortniteMain (601D1886-AC64-4F84-AA16-D3DE0DEAC7D6): 31
LogDevObjectVersion:   Dev-Enterprise (9DFFBCD6-494F-0158-E221-12823C92A888): 10
LogDevObjectVersion:   Dev-Niagara (F2AED0AC-9AFE-416F-8664-AA7FFA26D6FC): 1
LogDevObjectVersion:   Dev-Destruction (174F1F0B-B4C6-45A5-B13F-2EE8D0FB917D): 10
LogDevObjectVersion:   Dev-Physics-Ext (35F94A83-E258-406C-A318-09F59610247C): 37
LogDevObjectVersion:   Dev-PhysicsMaterial-Chaos (B68FC16E-8B1B-42E2-B453-215C058844FE): 1
LogDevObjectVersion:   Dev-CineCamera (B2E18506-4273-CFC2-A54E-F4BB758BBA07): 1
LogInit: Presizing for max 25165824 objects, including 0 objects not considered by GC, pre-allocating 0 bytes for permanent pool.
LogConfig: Applying CVar settings from Section [/Script/Engine.StreamingSettings] File [F:/PersonalProjects/TC-RFAS/TCRFAS/Saved/Config/Windows/Engine.ini]
LogConfig: Setting CVar [[s.MinBulkDataSizeForAsyncLoading:131072]]
LogConfig: Setting CVar [[s.AsyncLoadingThreadEnabled:0]]
LogConfig: Setting CVar [[s.EventDrivenLoaderEnabled:1]]
LogConfig: Setting CVar [[s.WarnIfTimeLimitExceeded:0]]
LogConfig: Setting CVar [[s.TimeLimitExceededMultiplier:1.5]]
LogConfig: Setting CVar [[s.TimeLimitExceededMinTime:0.005]]
LogConfig: Setting CVar [[s.UseBackgroundLevelStreaming:1]]
LogConfig: Setting CVar [[s.PriorityAsyncLoadingExtraTime:15.0]]
LogConfig: Setting CVar [[s.LevelStreamingActorsUpdateTimeLimit:5.0]]
LogConfig: Setting CVar [[s.PriorityLevelStreamingActorsUpdateExtraTime:5.0]]
LogConfig: Setting CVar [[s.LevelStreamingComponentsRegistrationGranularity:10]]
LogConfig: Setting CVar [[s.UnregisterComponentsTimeLimit:1.0]]
LogConfig: Setting CVar [[s.LevelStreamingComponentsUnregistrationGranularity:5]]
LogConfig: Setting CVar [[s.FlushStreamingOnExit:1]]
LogInit: Object subsystem initialized
LogConfig: Setting CVar [[con.DebugEarlyDefault:1]]
LogConfig: Setting CVar [[r.setres:1280x720]]
[2021.01.19-20.00.51:872][  0]LogConfig: Setting CVar [[r.VSync:0]]
[2021.01.19-20.00.51:872][  0]LogConfig: Setting CVar [[r.RHICmdBypass:0]]
[2021.01.19-20.00.51:872][  0]LogConfig: Applying CVar settings from Section [/Script/Engine.RendererSettings] File [F:/PersonalProjects/TC-RFAS/TCRFAS/Saved/Config/Windows/Engine.ini]
[2021.01.19-20.00.51:872][  0]LogConfig: Setting CVar [[r.GPUCrashDebugging:0]]
[2021.01.19-20.00.51:872][  0]LogConfig: Applying CVar settings from Section [/Script/Engine.RendererOverrideSettings] File [F:/PersonalProjects/TC-RFAS/TCRFAS/Saved/Config/Windows/Engine.ini]
[2021.01.19-20.00.51:872][  0]LogConfig: Applying CVar settings from Section [/Script/Engine.StreamingSettings] File [F:/PersonalProjects/TC-RFAS/TCRFAS/Saved/Config/Windows/Engine.ini]
[2021.01.19-20.00.51:872][  0]LogConfig: Setting CVar [[s.MinBulkDataSizeForAsyncLoading:131072]]
[2021.01.19-20.00.51:872][  0]LogConfig: Setting CVar [[s.AsyncLoadingThreadEnabled:0]]
[2021.01.19-20.00.51:872][  0]LogConfig: Setting CVar [[s.EventDrivenLoaderEnabled:1]]
[2021.01.19-20.00.51:872][  0]LogConfig: Setting CVar [[s.WarnIfTimeLimitExceeded:0]]
[2021.01.19-20.00.51:872][  0]LogConfig: Setting CVar [[s.TimeLimitExceededMultiplier:1.5]]
[2021.01.19-20.00.51:872][  0]LogConfig: Setting CVar [[s.TimeLimitExceededMinTime:0.005]]
[2021.01.19-20.00.51:872][  0]LogConfig: Setting CVar [[s.UseBackgroundLevelStreaming:1]]
[2021.01.19-20.00.51:872][  0]LogConfig: Setting CVar [[s.PriorityAsyncLoadingExtraTime:15.0]]
[2021.01.19-20.00.51:872][  0]LogConfig: Setting CVar [[s.LevelStreamingActorsUpdateTimeLimit:5.0]]
[2021.01.19-20.00.51:872][  0]LogConfig: Setting CVar [[s.PriorityLevelStreamingActorsUpdateExtraTime:5.0]]
[2021.01.19-20.00.51:872][  0]LogConfig: Setting CVar [[s.LevelStreamingComponentsRegistrationGranularity:10]]
[2021.01.19-20.00.51:872][  0]LogConfig: Setting CVar [[s.UnregisterComponentsTimeLimit:1.0]]
[2021.01.19-20.00.51:872][  0]LogConfig: Setting CVar [[s.LevelStreamingComponentsUnregistrationGranularity:5]]
[2021.01.19-20.00.51:872][  0]LogConfig: Setting CVar [[s.FlushStreamingOnExit:1]]
[2021.01.19-20.00.51:872][  0]LogConfig: Applying CVar settings from Section [/Script/Engine.GarbageCollectionSettings] File [F:/PersonalProjects/TC-RFAS/TCRFAS/Saved/Config/Windows/Engine.ini]
[2021.01.19-20.00.51:872][  0]LogConfig: Setting CVar [[gc.MaxObjectsNotConsideredByGC:1]]
[2021.01.19-20.00.51:872][  0]LogConfig: Setting CVar [[gc.SizeOfPermanentObjectPool:0]]
[2021.01.19-20.00.51:872][  0]LogConfig: Setting CVar [[gc.FlushStreamingOnGC:0]]
[2021.01.19-20.00.51:872][  0]LogConfig: Setting CVar [[gc.NumRetriesBeforeForcingGC:10]]
[2021.01.19-20.00.51:872][  0]LogConfig: Setting CVar [[gc.AllowParallelGC:1]]
[2021.01.19-20.00.51:872][  0]LogConfig: Setting CVar [[gc.TimeBetweenPurgingPendingKillObjects:61.1]]
[2021.01.19-20.00.51:872][  0]LogConfig: Setting CVar [[gc.MaxObjectsInEditor:25165824]]
[2021.01.19-20.00.51:872][  0]LogConfig: Setting CVar [[gc.IncrementalBeginDestroyEnabled:1]]
[2021.01.19-20.00.51:872][  0]LogConfig: Setting CVar [[gc.CreateGCClusters:1]]
[2021.01.19-20.00.51:872][  0]LogConfig: Setting CVar [[gc.MinGCClusterSize:5]]
[2021.01.19-20.00.51:872][  0]LogConfig: Setting CVar [[gc.ActorClusteringEnabled:0]]
[2021.01.19-20.00.51:872][  0]LogConfig: Setting CVar [[gc.BlueprintClusteringEnabled:0]]
[2021.01.19-20.00.51:872][  0]LogConfig: Setting CVar [[gc.UseDisregardForGCOnDedicatedServers:0]]
[2021.01.19-20.00.51:872][  0]LogConfig: Applying CVar settings from Section [/Script/Engine.NetworkSettings] File [F:/PersonalProjects/TC-RFAS/TCRFAS/Saved/Config/Windows/Engine.ini]
[2021.01.19-20.00.51:872][  0]LogConfig: Applying CVar settings from Section [/Script/UnrealEd.CookerSettings] File [F:/PersonalProjects/TC-RFAS/TCRFAS/Saved/Config/Windows/Engine.ini]
[2021.01.19-20.00.51:876][  0]LogConfig: Applying CVar settings from Section [ViewDistanceQuality@3] File [F:/PersonalProjects/TC-RFAS/TCRFAS/Saved/Config/Windows/Scalability.ini]
[2021.01.19-20.00.51:876][  0]LogConfig: Setting CVar [[r.SkeletalMeshLODBias:0]]
[2021.01.19-20.00.51:876][  0]LogConfig: Setting CVar [[r.ViewDistanceScale:1.0]]
[2021.01.19-20.00.51:876][  0]LogConfig: Applying CVar settings from Section [AntiAliasingQuality@3] File [F:/PersonalProjects/TC-RFAS/TCRFAS/Saved/Config/Windows/Scalability.ini]
[2021.01.19-20.00.51:876][  0]LogConfig: Setting CVar [[r.PostProcessAAQuality:4]]
[2021.01.19-20.00.51:876][  0]LogConfig: Applying CVar settings from Section [ShadowQuality@3] File [F:/PersonalProjects/TC-RFAS/TCRFAS/Saved/Config/Windows/Scalability.ini]
[2021.01.19-20.00.51:876][  0]LogConfig: Setting CVar [[r.LightFunctionQuality:1]]
[2021.01.19-20.00.51:876][  0]LogConfig: Setting CVar [[r.ShadowQuality:5]]
[2021.01.19-20.00.51:876][  0]LogConfig: Setting CVar [[r.Shadow.CSM.MaxCascades:10]]
[2021.01.19-20.00.51:876][  0]LogConfig: Setting CVar [[r.Shadow.MaxResolution:2048]]
[2021.01.19-20.00.51:876][  0]LogConfig: Setting CVar [[r.Shadow.MaxCSMResolution:2048]]
[2021.01.19-20.00.51:876][  0]LogConfig: Setting CVar [[r.Shadow.RadiusThreshold:0.01]]
[2021.01.19-20.00.51:876][  0]LogConfig: Setting CVar [[r.Shadow.DistanceScale:1.0]]
[2021.01.19-20.00.51:876][  0]LogConfig: Setting CVar [[r.Shadow.CSM.TransitionScale:1.0]]
[2021.01.19-20.00.51:876][  0]LogConfig: Setting CVar [[r.Shadow.PreShadowResolutionFactor:1.0]]
[2021.01.19-20.00.51:876][  0]LogConfig: Setting CVar [[r.DistanceFieldShadowing:1]]
[2021.01.19-20.00.51:876][  0]LogConfig: Setting CVar [[r.DistanceFieldAO:1]]
[2021.01.19-20.00.51:876][  0]LogConfig: Setting CVar [[r.AOQuality:2]]
[2021.01.19-20.00.51:876][  0]LogConfig: Setting CVar [[r.VolumetricFog:1]]
[2021.01.19-20.00.51:876][  0]LogConfig: Setting CVar [[r.VolumetricFog.GridPixelSize:8]]
[2021.01.19-20.00.51:876][  0]LogConfig: Setting CVar [[r.VolumetricFog.GridSizeZ:128]]
[2021.01.19-20.00.51:876][  0]LogConfig: Setting CVar [[r.VolumetricFog.HistoryMissSupersampleCount:4]]
[2021.01.19-20.00.51:876][  0]LogConfig: Setting CVar [[r.LightMaxDrawDistanceScale:1]]
[2021.01.19-20.00.51:876][  0]LogConfig: Setting CVar [[r.CapsuleShadows:1]]
[2021.01.19-20.00.51:876][  0]LogConfig: Applying CVar settings from Section [PostProcessQuality@3] File [F:/PersonalProjects/TC-RFAS/TCRFAS/Saved/Config/Windows/Scalability.ini]
[2021.01.19-20.00.51:876][  0]LogConfig: Setting CVar [[r.MotionBlurQuality:4]]
[2021.01.19-20.00.51:876][  0]LogConfig: Setting CVar [[r.AmbientOcclusionMipLevelFactor:0.4]]
[2021.01.19-20.00.51:876][  0]LogConfig: Setting CVar [[r.AmbientOcclusionMaxQuality:100]]
[2021.01.19-20.00.51:876][  0]LogConfig: Setting CVar [[r.AmbientOcclusionLevels:-1]]
[2021.01.19-20.00.51:876][  0]LogConfig: Setting CVar [[r.AmbientOcclusionRadiusScale:1.0]]
[2021.01.19-20.00.51:876][  0]LogConfig: Setting CVar [[r.DepthOfFieldQuality:2]]
[2021.01.19-20.00.51:876][  0]LogConfig: Setting CVar [[r.RenderTargetPoolMin:400]]
[2021.01.19-20.00.51:876][  0]LogConfig: Setting CVar [[r.LensFlareQuality:2]]
[2021.01.19-20.00.51:876][  0]LogConfig: Setting CVar [[r.SceneColorFringeQuality:1]]
[2021.01.19-20.00.51:876][  0]LogConfig: Setting CVar [[r.EyeAdaptationQuality:2]]
[2021.01.19-20.00.51:876][  0]LogConfig: Setting CVar [[r.BloomQuality:5]]
[2021.01.19-20.00.51:876][  0]LogConfig: Setting CVar [[r.FastBlurThreshold:100]]
[2021.01.19-20.00.51:876][  0]LogConfig: Setting CVar [[r.Upscale.Quality:3]]
[2021.01.19-20.00.51:876][  0]LogConfig: Setting CVar [[r.Tonemapper.GrainQuantization:1]]
[2021.01.19-20.00.51:876][  0]LogConfig: Setting CVar [[r.LightShaftQuality:1]]
[2021.01.19-20.00.51:876][  0]LogConfig: Setting CVar [[r.Filter.SizeScale:1]]
[2021.01.19-20.00.51:877][  0]LogConfig: Setting CVar [[r.Tonemapper.Quality:5]]
[2021.01.19-20.00.51:877][  0]LogConfig: Setting CVar [[r.DOF.Gather.AccumulatorQuality:1        ; higher gathering accumulator quality]]
[2021.01.19-20.00.51:877][  0]LogConfig: Setting CVar [[r.DOF.Gather.PostfilterMethod:1          ; Median3x3 postfilering method]]
[2021.01.19-20.00.51:877][  0]LogConfig: Setting CVar [[r.DOF.Gather.EnableBokehSettings:0       ; no bokeh simulation when gathering]]
[2021.01.19-20.00.51:877][  0]LogConfig: Setting CVar [[r.DOF.Gather.RingCount:4                 ; medium number of samples when gathering]]
[2021.01.19-20.00.51:877][  0]LogConfig: Setting CVar [[r.DOF.Scatter.ForegroundCompositing:1    ; additive foreground scattering]]
[2021.01.19-20.00.51:877][  0]LogConfig: Setting CVar [[r.DOF.Scatter.BackgroundCompositing:2    ; additive background scattering]]
[2021.01.19-20.00.51:877][  0]LogConfig: Setting CVar [[r.DOF.Scatter.EnableBokehSettings:1      ; bokeh simulation when scattering]]
[2021.01.19-20.00.51:877][  0]LogConfig: Setting CVar [[r.DOF.Scatter.MaxSpriteRatio:0.1         ; only a maximum of 10% of scattered bokeh]]
[2021.01.19-20.00.51:877][  0]LogConfig: Setting CVar [[r.DOF.Recombine.Quality:1                ; cheap slight out of focus]]
[2021.01.19-20.00.51:877][  0]LogConfig: Setting CVar [[r.DOF.Recombine.EnableBokehSettings:0    ; no bokeh simulation on slight out of focus]]
[2021.01.19-20.00.51:877][  0]LogConfig: Setting CVar [[r.DOF.TemporalAAQuality:1                ; more stable temporal accumulation]]
[2021.01.19-20.00.51:877][  0]LogConfig: Setting CVar [[r.DOF.Kernel.MaxForegroundRadius:0.025]]
[2021.01.19-20.00.51:877][  0]LogConfig: Setting CVar [[r.DOF.Kernel.MaxBackgroundRadius:0.025]]
[2021.01.19-20.00.51:877][  0]LogConfig: Applying CVar settings from Section [TextureQuality@3] File [F:/PersonalProjects/TC-RFAS/TCRFAS/Saved/Config/Windows/Scalability.ini]
[2021.01.19-20.00.51:877][  0]LogConfig: Setting CVar [[r.Streaming.MipBias:0]]
[2021.01.19-20.00.51:877][  0]LogConfig: Setting CVar [[r.Streaming.AmortizeCPUToGPUCopy:0]]
[2021.01.19-20.00.51:877][  0]LogConfig: Setting CVar [[r.Streaming.MaxNumTexturesToStreamPerFrame:0]]
[2021.01.19-20.00.51:877][  0]LogConfig: Setting CVar [[r.Streaming.Boost:1]]
[2021.01.19-20.00.51:877][  0]LogConfig: Setting CVar [[r.MaxAnisotropy:8]]
[2021.01.19-20.00.51:877][  0]LogConfig: Setting CVar [[r.VT.MaxAnisotropy:8]]
[2021.01.19-20.00.51:877][  0]LogConfig: Setting CVar [[r.Streaming.LimitPoolSizeToVRAM:0]]
[2021.01.19-20.00.51:877][  0]LogConfig: Setting CVar [[r.Streaming.PoolSize:1000]]
[2021.01.19-20.00.51:877][  0]LogConfig: Setting CVar [[r.Streaming.MaxEffectiveScreenSize:0]]
[2021.01.19-20.00.51:877][  0]LogConfig: Applying CVar settings from Section [EffectsQuality@3] File [F:/PersonalProjects/TC-RFAS/TCRFAS/Saved/Config/Windows/Scalability.ini]
[2021.01.19-20.00.51:877][  0]LogConfig: Setting CVar [[r.TranslucencyLightingVolumeDim:64]]
[2021.01.19-20.00.51:877][  0]LogConfig: Setting CVar [[r.RefractionQuality:2]]
[2021.01.19-20.00.51:877][  0]LogConfig: Setting CVar [[r.SSR.Quality:3]]
[2021.01.19-20.00.51:877][  0]LogConfig: Setting CVar [[r.SSR.HalfResSceneColor:0]]
[2021.01.19-20.00.51:877][  0]LogConfig: Setting CVar [[r.SceneColorFormat:4]]
[2021.01.19-20.00.51:877][  0]LogConfig: Setting CVar [[r.DetailMode:2]]
[2021.01.19-20.00.51:877][  0]LogConfig: Setting CVar [[r.TranslucencyVolumeBlur:1]]
[2021.01.19-20.00.51:877][  0]LogConfig: Setting CVar [[r.MaterialQualityLevel:1 ; High quality]]
[2021.01.19-20.00.51:877][  0]LogConfig: Setting CVar [[r.SSS.Scale:1]]
[2021.01.19-20.00.51:877][  0]LogConfig: Setting CVar [[r.SSS.SampleSet:2]]
[2021.01.19-20.00.51:877][  0]LogConfig: Setting CVar [[r.SSS.Quality:1]]
[2021.01.19-20.00.51:877][  0]LogConfig: Setting CVar [[r.SSS.HalfRes:0]]
[2021.01.19-20.00.51:877][  0]LogConfig: Setting CVar [[r.SSGI.Quality:3]]
[2021.01.19-20.00.51:877][  0]LogConfig: Setting CVar [[r.EmitterSpawnRateScale:1.0]]
[2021.01.19-20.00.51:877][  0]LogConfig: Setting CVar [[r.ParticleLightQuality:2]]
[2021.01.19-20.00.51:877][  0]LogConfig: Setting CVar [[r.SkyAtmosphere.AerialPerspectiveLUT.FastApplyOnOpaque:1 ; Always have FastSkyLUT 1 in this case to avoid wrong sky]]
[2021.01.19-20.00.51:877][  0]LogConfig: Setting CVar [[r.SkyAtmosphere.AerialPerspectiveLUT.SampleCountPerSlice:1]]
[2021.01.19-20.00.51:877][  0]LogConfig: Setting CVar [[r.SkyAtmosphere.AerialPerspectiveLUT.DepthResolution:16.0]]
[2021.01.19-20.00.51:877][  0]LogConfig: Setting CVar [[r.SkyAtmosphere.FastSkyLUT:1]]
[2021.01.19-20.00.51:877][  0]LogConfig: Setting CVar [[r.SkyAtmosphere.FastSkyLUT.SampleCountMin:4.0]]
[2021.01.19-20.00.51:877][  0]LogConfig: Setting CVar [[r.SkyAtmosphere.FastSkyLUT.SampleCountMax:32.0]]
[2021.01.19-20.00.51:877][  0]LogConfig: Setting CVar [[r.SkyAtmosphere.SampleCountMin:4.0]]
[2021.01.19-20.00.51:877][  0]LogConfig: Setting CVar [[r.SkyAtmosphere.SampleCountMax:32.0]]
[2021.01.19-20.00.51:877][  0]LogConfig: Setting CVar [[r.SkyAtmosphere.TransmittanceLUT.UseSmallFormat:0]]
[2021.01.19-20.00.51:877][  0]LogConfig: Setting CVar [[r.SkyAtmosphere.TransmittanceLUT.SampleCount:10.0]]
[2021.01.19-20.00.51:877][  0]LogConfig: Setting CVar [[r.SkyAtmosphere.MultiScatteringLUT.SampleCount:15.0]]
[2021.01.19-20.00.51:877][  0]LogConfig: Applying CVar settings from Section [FoliageQuality@3] File [F:/PersonalProjects/TC-RFAS/TCRFAS/Saved/Config/Windows/Scalability.ini]
[2021.01.19-20.00.51:877][  0]LogConfig: Setting CVar [[foliage.DensityScale:1.0]]
[2021.01.19-20.00.51:877][  0]LogConfig: Setting CVar [[grass.DensityScale:1.0]]
[2021.01.19-20.00.51:877][  0]LogConfig: Applying CVar settings from Section [ShadingQuality@3] File [F:/PersonalProjects/TC-RFAS/TCRFAS/Saved/Config/Windows/Scalability.ini]
[2021.01.19-20.00.51:877][  0]LogConfig: Setting CVar [[r.HairStrands.SkyLighting.SampleCount:16]]
[2021.01.19-20.00.51:877][  0]LogConfig: Setting CVar [[r.HairStrands.SkyLighting.JitterIntegration:0]]
[2021.01.19-20.00.51:877][  0]LogConfig: Setting CVar [[r.HairStrands.SkyAO.SampleCount:16]]
[2021.01.19-20.00.51:877][  0]LogConfig: Setting CVar [[r.HairStrands.DeepShadow.SuperSampling:0]]
[2021.01.19-20.00.51:877][  0]LogConfig: Setting CVar [[r.HairStrands.VisibilityPPLL:0]]
[2021.01.19-20.00.51:877][  0]LogConfig: Setting CVar [[r.HairStrands.RasterizationScale:0.5]]
[2021.01.19-20.00.51:877][  0]LogConfig: Setting CVar [[r.HairStrands.VelocityRasterizationScale:1]]
[2021.01.19-20.00.51:877][  0]LogInit: Selected Device Profile: [Windows]
[2021.01.19-20.00.51:877][  0]LogInit: Applying CVar settings loaded from the selected device profile: [Windows]
[2021.01.19-20.00.51:877][  0]LogHAL: Display: Platform has ~ 32 GB [34306547712 / 34359738368 / 32], which maps to Largest [LargestMinGB=32, LargerMinGB=12, DefaultMinGB=8, SmallerMinGB=6, SmallestMinGB=0)
[2021.01.19-20.00.51:877][  0]LogInit: Going up to parent DeviceProfile []
[2021.01.19-20.00.51:877][  0]LogConfig: Applying CVar settings from Section [ViewDistanceQuality@3] File [F:/PersonalProjects/TC-RFAS/TCRFAS/Saved/Config/Windows/Scalability.ini]
[2021.01.19-20.00.51:877][  0]LogConfig: Setting CVar [[r.SkeletalMeshLODBias:0]]
[2021.01.19-20.00.51:877][  0]LogConfig: Setting CVar [[r.ViewDistanceScale:1.0]]
[2021.01.19-20.00.51:877][  0]LogConfig: Applying CVar settings from Section [AntiAliasingQuality@3] File [F:/PersonalProjects/TC-RFAS/TCRFAS/Saved/Config/Windows/Scalability.ini]
[2021.01.19-20.00.51:877][  0]LogConfig: Setting CVar [[r.PostProcessAAQuality:4]]
[2021.01.19-20.00.51:877][  0]LogConfig: Applying CVar settings from Section [ShadowQuality@3] File [F:/PersonalProjects/TC-RFAS/TCRFAS/Saved/Config/Windows/Scalability.ini]
[2021.01.19-20.00.51:877][  0]LogConfig: Setting CVar [[r.LightFunctionQuality:1]]
[2021.01.19-20.00.51:877][  0]LogConfig: Setting CVar [[r.ShadowQuality:5]]
[2021.01.19-20.00.51:877][  0]LogConfig: Setting CVar [[r.Shadow.CSM.MaxCascades:10]]
[2021.01.19-20.00.51:877][  0]LogConfig: Setting CVar [[r.Shadow.MaxResolution:2048]]
[2021.01.19-20.00.51:877][  0]LogConfig: Setting CVar [[r.Shadow.MaxCSMResolution:2048]]
[2021.01.19-20.00.51:877][  0]LogConfig: Setting CVar [[r.Shadow.RadiusThreshold:0.01]]
[2021.01.19-20.00.51:877][  0]LogConfig: Setting CVar [[r.Shadow.DistanceScale:1.0]]
[2021.01.19-20.00.51:877][  0]LogConfig: Setting CVar [[r.Shadow.CSM.TransitionScale:1.0]]
[2021.01.19-20.00.51:877][  0]LogConfig: Setting CVar [[r.Shadow.PreShadowResolutionFactor:1.0]]
[2021.01.19-20.00.51:877][  0]LogConfig: Setting CVar [[r.DistanceFieldShadowing:1]]
[2021.01.19-20.00.51:877][  0]LogConfig: Setting CVar [[r.DistanceFieldAO:1]]
[2021.01.19-20.00.51:877][  0]LogConfig: Setting CVar [[r.AOQuality:2]]
[2021.01.19-20.00.51:877][  0]LogConfig: Setting CVar [[r.VolumetricFog:1]]
[2021.01.19-20.00.51:877][  0]LogConfig: Setting CVar [[r.VolumetricFog.GridPixelSize:8]]
[2021.01.19-20.00.51:877][  0]LogConfig: Setting CVar [[r.VolumetricFog.GridSizeZ:128]]
[2021.01.19-20.00.51:877][  0]LogConfig: Setting CVar [[r.VolumetricFog.HistoryMissSupersampleCount:4]]
[2021.01.19-20.00.51:877][  0]LogConfig: Setting CVar [[r.LightMaxDrawDistanceScale:1]]
[2021.01.19-20.00.51:877][  0]LogConfig: Setting CVar [[r.CapsuleShadows:1]]
[2021.01.19-20.00.51:877][  0]LogConfig: Applying CVar settings from Section [PostProcessQuality@3] File [F:/PersonalProjects/TC-RFAS/TCRFAS/Saved/Config/Windows/Scalability.ini]
[2021.01.19-20.00.51:878][  0]LogConfig: Setting CVar [[r.MotionBlurQuality:4]]
[2021.01.19-20.00.51:878][  0]LogConfig: Setting CVar [[r.AmbientOcclusionMipLevelFactor:0.4]]
[2021.01.19-20.00.51:878][  0]LogConfig: Setting CVar [[r.AmbientOcclusionMaxQuality:100]]
[2021.01.19-20.00.51:878][  0]LogConfig: Setting CVar [[r.AmbientOcclusionLevels:-1]]
[2021.01.19-20.00.51:878][  0]LogConfig: Setting CVar [[r.AmbientOcclusionRadiusScale:1.0]]
[2021.01.19-20.00.51:878][  0]LogConfig: Setting CVar [[r.DepthOfFieldQuality:2]]
[2021.01.19-20.00.51:878][  0]LogConfig: Setting CVar [[r.RenderTargetPoolMin:400]]
[2021.01.19-20.00.51:878][  0]LogConfig: Setting CVar [[r.LensFlareQuality:2]]
[2021.01.19-20.00.51:878][  0]LogConfig: Setting CVar [[r.SceneColorFringeQuality:1]]
[2021.01.19-20.00.51:878][  0]LogConfig: Setting CVar [[r.EyeAdaptationQuality:2]]
[2021.01.19-20.00.51:878][  0]LogConfig: Setting CVar [[r.BloomQuality:5]]
[2021.01.19-20.00.51:878][  0]LogConfig: Setting CVar [[r.FastBlurThreshold:100]]
[2021.01.19-20.00.51:878][  0]LogConfig: Setting CVar [[r.Upscale.Quality:3]]
[2021.01.19-20.00.51:878][  0]LogConfig: Setting CVar [[r.Tonemapper.GrainQuantization:1]]
[2021.01.19-20.00.51:878][  0]LogConfig: Setting CVar [[r.LightShaftQuality:1]]
[2021.01.19-20.00.51:878][  0]LogConfig: Setting CVar [[r.Filter.SizeScale:1]]
[2021.01.19-20.00.51:878][  0]LogConfig: Setting CVar [[r.Tonemapper.Quality:5]]
[2021.01.19-20.00.51:878][  0]LogConfig: Setting CVar [[r.DOF.Gather.AccumulatorQuality:1        ; higher gathering accumulator quality]]
[2021.01.19-20.00.51:878][  0]LogConfig: Setting CVar [[r.DOF.Gather.PostfilterMethod:1          ; Median3x3 postfilering method]]
[2021.01.19-20.00.51:878][  0]LogConfig: Setting CVar [[r.DOF.Gather.EnableBokehSettings:0       ; no bokeh simulation when gathering]]
[2021.01.19-20.00.51:878][  0]LogConfig: Setting CVar [[r.DOF.Gather.RingCount:4                 ; medium number of samples when gathering]]
[2021.01.19-20.00.51:878][  0]LogConfig: Setting CVar [[r.DOF.Scatter.ForegroundCompositing:1    ; additive foreground scattering]]
[2021.01.19-20.00.51:878][  0]LogConfig: Setting CVar [[r.DOF.Scatter.BackgroundCompositing:2    ; additive background scattering]]
[2021.01.19-20.00.51:878][  0]LogConfig: Setting CVar [[r.DOF.Scatter.EnableBokehSettings:1      ; bokeh simulation when scattering]]
[2021.01.19-20.00.51:878][  0]LogConfig: Setting CVar [[r.DOF.Scatter.MaxSpriteRatio:0.1         ; only a maximum of 10% of scattered bokeh]]
[2021.01.19-20.00.51:878][  0]LogConfig: Setting CVar [[r.DOF.Recombine.Quality:1                ; cheap slight out of focus]]
[2021.01.19-20.00.51:878][  0]LogConfig: Setting CVar [[r.DOF.Recombine.EnableBokehSettings:0    ; no bokeh simulation on slight out of focus]]
[2021.01.19-20.00.51:878][  0]LogConfig: Setting CVar [[r.DOF.TemporalAAQuality:1                ; more stable temporal accumulation]]
[2021.01.19-20.00.51:878][  0]LogConfig: Setting CVar [[r.DOF.Kernel.MaxForegroundRadius:0.025]]
[2021.01.19-20.00.51:878][  0]LogConfig: Setting CVar [[r.DOF.Kernel.MaxBackgroundRadius:0.025]]
[2021.01.19-20.00.51:878][  0]LogConfig: Applying CVar settings from Section [TextureQuality@3] File [F:/PersonalProjects/TC-RFAS/TCRFAS/Saved/Config/Windows/Scalability.ini]
[2021.01.19-20.00.51:878][  0]LogConfig: Setting CVar [[r.Streaming.MipBias:0]]
[2021.01.19-20.00.51:878][  0]LogConfig: Setting CVar [[r.Streaming.AmortizeCPUToGPUCopy:0]]
[2021.01.19-20.00.51:878][  0]LogConfig: Setting CVar [[r.Streaming.MaxNumTexturesToStreamPerFrame:0]]
[2021.01.19-20.00.51:878][  0]LogConfig: Setting CVar [[r.Streaming.Boost:1]]
[2021.01.19-20.00.51:878][  0]LogConfig: Setting CVar [[r.MaxAnisotropy:8]]
[2021.01.19-20.00.51:878][  0]LogConfig: Setting CVar [[r.VT.MaxAnisotropy:8]]
[2021.01.19-20.00.51:878][  0]LogConfig: Setting CVar [[r.Streaming.LimitPoolSizeToVRAM:0]]
[2021.01.19-20.00.51:878][  0]LogConfig: Setting CVar [[r.Streaming.PoolSize:1000]]
[2021.01.19-20.00.51:878][  0]LogConfig: Setting CVar [[r.Streaming.MaxEffectiveScreenSize:0]]
[2021.01.19-20.00.51:878][  0]LogConfig: Applying CVar settings from Section [EffectsQuality@3] File [F:/PersonalProjects/TC-RFAS/TCRFAS/Saved/Config/Windows/Scalability.ini]
[2021.01.19-20.00.51:878][  0]LogConfig: Setting CVar [[r.TranslucencyLightingVolumeDim:64]]
[2021.01.19-20.00.51:878][  0]LogConfig: Setting CVar [[r.RefractionQuality:2]]
[2021.01.19-20.00.51:878][  0]LogConfig: Setting CVar [[r.SSR.Quality:3]]
[2021.01.19-20.00.51:878][  0]LogConfig: Setting CVar [[r.SSR.HalfResSceneColor:0]]
[2021.01.19-20.00.51:878][  0]LogConfig: Setting CVar [[r.SceneColorFormat:4]]
[2021.01.19-20.00.51:878][  0]LogConfig: Setting CVar [[r.DetailMode:2]]
[2021.01.19-20.00.51:878][  0]LogConfig: Setting CVar [[r.TranslucencyVolumeBlur:1]]
[2021.01.19-20.00.51:878][  0]LogConfig: Setting CVar [[r.MaterialQualityLevel:1 ; High quality]]
[2021.01.19-20.00.51:878][  0]LogConfig: Setting CVar [[r.SSS.Scale:1]]
[2021.01.19-20.00.51:878][  0]LogConfig: Setting CVar [[r.SSS.SampleSet:2]]
[2021.01.19-20.00.51:878][  0]LogConfig: Setting CVar [[r.SSS.Quality:1]]
[2021.01.19-20.00.51:878][  0]LogConfig: Setting CVar [[r.SSS.HalfRes:0]]
[2021.01.19-20.00.51:878][  0]LogConfig: Setting CVar [[r.SSGI.Quality:3]]
[2021.01.19-20.00.51:878][  0]LogConfig: Setting CVar [[r.EmitterSpawnRateScale:1.0]]
[2021.01.19-20.00.51:878][  0]LogConfig: Setting CVar [[r.ParticleLightQuality:2]]
[2021.01.19-20.00.51:878][  0]LogConfig: Setting CVar [[r.SkyAtmosphere.AerialPerspectiveLUT.FastApplyOnOpaque:1 ; Always have FastSkyLUT 1 in this case to avoid wrong sky]]
[2021.01.19-20.00.51:878][  0]LogConfig: Setting CVar [[r.SkyAtmosphere.AerialPerspectiveLUT.SampleCountPerSlice:1]]
[2021.01.19-20.00.51:878][  0]LogConfig: Setting CVar [[r.SkyAtmosphere.AerialPerspectiveLUT.DepthResolution:16.0]]
[2021.01.19-20.00.51:878][  0]LogConfig: Setting CVar [[r.SkyAtmosphere.FastSkyLUT:1]]
[2021.01.19-20.00.51:878][  0]LogConfig: Setting CVar [[r.SkyAtmosphere.FastSkyLUT.SampleCountMin:4.0]]
[2021.01.19-20.00.51:878][  0]LogConfig: Setting CVar [[r.SkyAtmosphere.FastSkyLUT.SampleCountMax:32.0]]
[2021.01.19-20.00.51:878][  0]LogConfig: Setting CVar [[r.SkyAtmosphere.SampleCountMin:4.0]]
[2021.01.19-20.00.51:878][  0]LogConfig: Setting CVar [[r.SkyAtmosphere.SampleCountMax:32.0]]
[2021.01.19-20.00.51:878][  0]LogConfig: Setting CVar [[r.SkyAtmosphere.TransmittanceLUT.UseSmallFormat:0]]
[2021.01.19-20.00.51:878][  0]LogConfig: Setting CVar [[r.SkyAtmosphere.TransmittanceLUT.SampleCount:10.0]]
[2021.01.19-20.00.51:878][  0]LogConfig: Setting CVar [[r.SkyAtmosphere.MultiScatteringLUT.SampleCount:15.0]]
[2021.01.19-20.00.51:878][  0]LogConfig: Applying CVar settings from Section [FoliageQuality@3] File [F:/PersonalProjects/TC-RFAS/TCRFAS/Saved/Config/Windows/Scalability.ini]
[2021.01.19-20.00.51:878][  0]LogConfig: Setting CVar [[foliage.DensityScale:1.0]]
[2021.01.19-20.00.51:878][  0]LogConfig: Setting CVar [[grass.DensityScale:1.0]]
[2021.01.19-20.00.51:878][  0]LogConfig: Applying CVar settings from Section [ShadingQuality@3] File [F:/PersonalProjects/TC-RFAS/TCRFAS/Saved/Config/Windows/Scalability.ini]
[2021.01.19-20.00.51:878][  0]LogConfig: Setting CVar [[r.HairStrands.SkyLighting.SampleCount:16]]
[2021.01.19-20.00.51:878][  0]LogConfig: Setting CVar [[r.HairStrands.SkyLighting.JitterIntegration:0]]
[2021.01.19-20.00.51:878][  0]LogConfig: Setting CVar [[r.HairStrands.SkyAO.SampleCount:16]]
[2021.01.19-20.00.51:878][  0]LogConfig: Setting CVar [[r.HairStrands.DeepShadow.SuperSampling:0]]
[2021.01.19-20.00.51:878][  0]LogConfig: Setting CVar [[r.HairStrands.VisibilityPPLL:0]]
[2021.01.19-20.00.51:878][  0]LogConfig: Setting CVar [[r.HairStrands.RasterizationScale:0.5]]
[2021.01.19-20.00.51:878][  0]LogConfig: Setting CVar [[r.HairStrands.VelocityRasterizationScale:1]]
[2021.01.19-20.00.51:878][  0]LogConfig: Applying CVar settings from Section [Startup] File [../../../Engine/Config/ConsoleVariables.ini]
[2021.01.19-20.00.51:878][  0]LogConfig: Setting CVar [[net.UseAdaptiveNetUpdateFrequency:0]]
[2021.01.19-20.00.51:878][  0]LogConfig: Setting CVar [[p.chaos.AllowCreatePhysxBodies:1]]
[2021.01.19-20.00.51:878][  0]LogConfig: Setting CVar [[fx.SkipVectorVMBackendOptimizations:1]]
[2021.01.19-20.00.51:879][  0]LogConfig: Applying CVar settings from Section [ConsoleVariables] File [F:/PersonalProjects/TC-RFAS/TCRFAS/Saved/Config/Windows/Engine.ini]
[2021.01.19-20.00.51:879][  0]LogInit: Computer: DESKTOP-4CJ4ISN
[2021.01.19-20.00.51:879][  0]LogInit: User: kylej
[2021.01.19-20.00.51:879][  0]LogInit: CPU Page size=4096, Cores=8
[2021.01.19-20.00.51:879][  0]LogInit: High frequency timer resolution =10.000000 MHz
[2021.01.19-20.00.51:879][  0]LogMemory: Memory total: Physical=32.0GB (32GB approx)
[2021.01.19-20.00.51:879][  0]LogMemory: Platform Memory Stats for Windows
[2021.01.19-20.00.51:879][  0]LogMemory: Process Physical Memory: 116.04 MB used, 116.05 MB peak
[2021.01.19-20.00.51:879][  0]LogMemory: Process Virtual Memory: 100.16 MB used, 100.16 MB peak
[2021.01.19-20.00.51:879][  0]LogMemory: Physical Memory: 14407.74 MB used,  18309.53 MB free, 32717.27 MB total
[2021.01.19-20.00.51:879][  0]LogMemory: Virtual Memory: 5186.93 MB used,  134212544.00 MB free, 134217728.00 MB total
[2021.01.19-20.00.51:882][  0]LogWindows: WindowsPlatformFeatures enabled
[2021.01.19-20.00.51:919][  0]LogInit: Physics initialised using underlying interface: PhysX
[2021.01.19-20.00.51:919][  0]LogInit: Using OS detected language (en-US).
[2021.01.19-20.00.51:919][  0]LogInit: Using OS detected locale (en-US).
[2021.01.19-20.00.51:925][  0]LogTextLocalizationManager: No specific localization for 'en-US' exists, so the 'en' localization will be used.
[2021.01.19-20.00.52:081][  0]LogInit: Setting process to per monitor DPI aware
[2021.01.19-20.00.52:108][  0]LogSlate: New Slate User Created.  User Index 0, Is Virtual User: 0
[2021.01.19-20.00.52:108][  0]LogSlate: Slate User Registered.  User Index 0, Is Virtual User: 0
[2021.01.19-20.00.52:212][  0]LogHMD: Failed to initialize OpenVR with code 110
[2021.01.19-20.00.52:212][  0]LogD3D11RHI: D3D11 min allowed feature level: 11_0
[2021.01.19-20.00.52:212][  0]LogD3D11RHI: D3D11 max allowed feature level: 11_0
[2021.01.19-20.00.52:212][  0]LogD3D11RHI: D3D11 adapters:
[2021.01.19-20.00.52:276][  0]LogD3D11RHI:    0. 'NVIDIA GeForce GTX 1660 Ti' (Feature Level 11_0)
[2021.01.19-20.00.52:276][  0]LogD3D11RHI:       5991/0/16358 MB DedicatedVideo/DedicatedSystem/SharedSystem, Outputs:2, VendorId:0x10de
[2021.01.19-20.00.52:278][  0]LogD3D11RHI:    1. 'Microsoft Basic Render Driver' (Feature Level 11_0)
[2021.01.19-20.00.52:278][  0]LogD3D11RHI:       0/0/16358 MB DedicatedVideo/DedicatedSystem/SharedSystem, Outputs:0, VendorId:0x1414
[2021.01.19-20.00.52:278][  0]LogD3D11RHI: Chosen D3D11 Adapter: 0
[2021.01.19-20.00.52:285][  0]LogD3D11RHI: Creating new Direct3DDevice
[2021.01.19-20.00.52:285][  0]LogD3D11RHI:     GPU DeviceId: 0x2182 (for the marketing name, search the web for "GPU Device Id")
[2021.01.19-20.00.52:285][  0]LogWindows: EnumDisplayDevices:
[2021.01.19-20.00.52:286][  0]LogWindows:    0. 'NVIDIA GeForce GTX 1660 Ti' (P:0 D:1)
[2021.01.19-20.00.52:286][  0]LogWindows:    1. 'NVIDIA GeForce GTX 1660 Ti' (P:1 D:1)
[2021.01.19-20.00.52:286][  0]LogWindows:    2. 'NVIDIA GeForce GTX 1660 Ti' (P:0 D:0)
[2021.01.19-20.00.52:286][  0]LogWindows:    3. 'NVIDIA GeForce GTX 1660 Ti' (P:0 D:0)
[2021.01.19-20.00.52:286][  0]LogWindows: DebugString: FoundDriverCount:4 
[2021.01.19-20.00.52:286][  0]LogD3D11RHI:     Adapter Name: NVIDIA GeForce GTX 1660 Ti
[2021.01.19-20.00.52:286][  0]LogD3D11RHI:   Driver Version: 456.71 (internal:27.21.14.5671, unified:456.71)
[2021.01.19-20.00.52:286][  0]LogD3D11RHI:      Driver Date: 9-30-2020
[2021.01.19-20.00.52:286][  0]LogRHI: Texture pool is 4193 MB (70% of 5991 MB)
[2021.01.19-20.00.52:322][  0]LogD3D11RHI: RHI has support for 64 bit atomics
[2021.01.19-20.00.52:322][  0]LogD3D11RHI: Async texture creation enabled
[2021.01.19-20.00.52:322][  0]LogD3D11RHI: Array index from any shader is supported
[2021.01.19-20.00.52:323][  0]LogD3D11RHI: HDR output is supported on display 0 (NvId: 0x80061087).
[2021.01.19-20.00.52:353][  0]LogD3D11RHI: GPU Timing Frequency: 1000.000000 (Debug: 2 2)
[2021.01.19-20.00.52:559][  0]LogTargetPlatformManager: Display: Loaded TargetPlatform 'AllDesktop'
[2021.01.19-20.00.52:578][  0]LogTargetPlatformManager: Display: Loaded TargetPlatform 'Android'
[2021.01.19-20.00.52:578][  0]LogTargetPlatformManager: Display: Loaded TargetPlatform 'Android_ASTC'
[2021.01.19-20.00.52:578][  0]LogTargetPlatformManager: Display: Loaded TargetPlatform 'Android_DXT'
[2021.01.19-20.00.52:578][  0]LogTargetPlatformManager: Display: Loaded TargetPlatform 'Android_ETC2'
[2021.01.19-20.00.52:578][  0]LogTargetPlatformManager: Display: Loaded TargetPlatform 'AndroidClient'
[2021.01.19-20.00.52:578][  0]LogTargetPlatformManager: Display: Loaded TargetPlatform 'Android_ASTCClient'
[2021.01.19-20.00.52:578][  0]LogTargetPlatformManager: Display: Loaded TargetPlatform 'Android_DXTClient'
[2021.01.19-20.00.52:578][  0]LogTargetPlatformManager: Display: Loaded TargetPlatform 'Android_ETC2Client'
[2021.01.19-20.00.52:578][  0]LogTargetPlatformManager: Display: Loaded TargetPlatform 'Android_Multi'
[2021.01.19-20.00.52:578][  0]LogTargetPlatformManager: Display: Loaded TargetPlatform 'Android_MultiClient'
[2021.01.19-20.00.52:597][  0]LogTargetPlatformManager: Display: Loaded TargetPlatform 'IOSClient'
[2021.01.19-20.00.52:597][  0]LogTargetPlatformManager: Display: Loaded TargetPlatform 'IOS'
[2021.01.19-20.00.52:606][  0]LogTargetPlatformManager: Display: Loaded TargetPlatform 'Linux'
[2021.01.19-20.00.52:614][  0]LogTargetPlatformManager: Display: Loaded TargetPlatform 'LinuxNoEditor'
[2021.01.19-20.00.52:621][  0]LogTargetPlatformManager: Display: Loaded TargetPlatform 'LinuxClient'
[2021.01.19-20.00.52:629][  0]LogTargetPlatformManager: Display: Loaded TargetPlatform 'LinuxServer'
[2021.01.19-20.00.52:637][  0]LogTargetPlatformManager: Display: Loaded TargetPlatform 'LinuxAArch64NoEditor'
[2021.01.19-20.00.52:645][  0]LogTargetPlatformManager: Display: Loaded TargetPlatform 'LinuxAArch64Client'
[2021.01.19-20.00.52:652][  0]LogTargetPlatformManager: Display: Loaded TargetPlatform 'LinuxAArch64Server'
[2021.01.19-20.00.52:674][  0]LogTargetPlatformManager: Display: Loaded TargetPlatform 'Lumin'
[2021.01.19-20.00.52:674][  0]LogTargetPlatformManager: Display: Loaded TargetPlatform 'LuminClient'
[2021.01.19-20.00.52:688][  0]LogTargetPlatformManager: Display: Loaded TargetPlatform 'TVOSClient'
[2021.01.19-20.00.52:688][  0]LogTargetPlatformManager: Display: Loaded TargetPlatform 'TVOS'
[2021.01.19-20.00.52:695][  0]LogTargetPlatformManager: Display: Loaded TargetPlatform 'WindowsNoEditor'
[2021.01.19-20.00.52:703][  0]LogTargetPlatformManager: Display: Loaded TargetPlatform 'Windows'
[2021.01.19-20.00.52:711][  0]LogTargetPlatformManager: Display: Loaded TargetPlatform 'WindowsClient'
[2021.01.19-20.00.52:719][  0]LogTargetPlatformManager: Display: Loaded TargetPlatform 'WindowsServer'
[2021.01.19-20.00.52:719][  0]LogTargetPlatformManager: Display: Building Assets For Windows
[2021.01.19-20.00.52:724][  0]LogAudioDebug: Display: Lib vorbis DLL was dynamically loaded.
[2021.01.19-20.00.52:768][  0]LogShaderCompilers: Guid format shader working directory is 12 characters bigger than the processId version (F:/PersonalProjects/TC-RFAS/TCRFAS/Intermediate/Shaders/WorkingDirectory/5356/).
[2021.01.19-20.00.52:768][  0]LogShaderCompilers: Cleaned the shader compiler working directory 'C:/Users/kylej/AppData/Local/Temp/UnrealShaderWorkingDir/A9F234BB459F4BC60BEDCD8D325C4D08/'.
[2021.01.19-20.00.52:769][  0]LogXGEController: Cleaning working directory: C:/Users/kylej/AppData/Local/Temp/UnrealXGEWorkingDir/
[2021.01.19-20.00.52:769][  0]LogXGEController: Cannot use XGE Controller as Incredibuild is not installed on this machine.
[2021.01.19-20.00.52:769][  0]LogShaderCompilers: Cannot use XGE Shader Compiler as Incredibuild is not installed on this machine.
[2021.01.19-20.00.52:769][  0]LogShaderCompilers: Display: Using Local Shader Compiler.
[2021.01.19-20.00.53:394][  0]LogDerivedDataCache: Display: Max Cache Size: 512 MB
[2021.01.19-20.00.53:436][  0]LogDerivedDataCache: Loaded boot cache 0.04s 75MB C:/Users/kylej/AppData/Local/UnrealEngine/4.25/DerivedDataCache/Boot.ddc.
[2021.01.19-20.00.53:436][  0]LogDerivedDataCache: Display: Loaded Boot cache: C:/Users/kylej/AppData/Local/UnrealEngine/4.25/DerivedDataCache/Boot.ddc
[2021.01.19-20.00.53:436][  0]LogDerivedDataCache: FDerivedDataBackendGraph:  Pak pak cache file F:/PersonalProjects/TC-RFAS/TCRFAS/DerivedDataCache/DDC.ddp not found, will not use a pak cache.
[2021.01.19-20.00.53:436][  0]LogDerivedDataCache: Unable to find inner node Pak for hierarchical cache Hierarchy.
[2021.01.19-20.00.53:436][  0]LogDerivedDataCache: FDerivedDataBackendGraph:  CompressedPak pak cache file F:/PersonalProjects/TC-RFAS/TCRFAS/DerivedDataCache/Compressed.ddp not found, will not use a pak cache.
[2021.01.19-20.00.53:436][  0]LogDerivedDataCache: Unable to find inner node CompressedPak for hierarchical cache Hierarchy.
[2021.01.19-20.00.53:448][  0]LogDerivedDataCache: Display: Pak cache opened for reading ../../../Engine/DerivedDataCache/Compressed.ddp.
[2021.01.19-20.00.53:448][  0]LogDerivedDataCache: FDerivedDataBackendGraph:  EnterprisePak pak cache file ../../../Enterprise/DerivedDataCache/Compressed.ddp not found, will not use a pak cache.
[2021.01.19-20.00.53:448][  0]LogDerivedDataCache: Unable to find inner node EnterprisePak for hierarchical cache Hierarchy.
[2021.01.19-20.00.53:449][  0]LogDerivedDataCache: Using Local data cache path C:/Users/kylej/AppData/Local/UnrealEngine/Common/DerivedDataCache: Writable
[2021.01.19-20.00.53:449][  0]LogDerivedDataCache: Shared data cache path not found in *engine.ini, will not use an Shared cache.
[2021.01.19-20.00.53:449][  0]LogDerivedDataCache: Unable to find inner node Shared for hierarchical cache Hierarchy.
[2021.01.19-20.00.53:490][  0]LogSlate: Using FreeType 2.10.0
[2021.01.19-20.00.53:490][  0]LogSlate: SlateFontServices - WITH_FREETYPE: 1, WITH_HARFBUZZ: 1
[2021.01.19-20.00.53:509][  0]LogAssetRegistry: FAssetRegistry took 0.0024 seconds to start up
[2021.01.19-20.00.53:700][  0]LogInit: Selected Device Profile: [Windows]
[2021.01.19-20.00.53:785][  0]LogMeshReduction: Using QuadricMeshReduction for automatic static mesh reduction
[2021.01.19-20.00.53:785][  0]LogMeshReduction: Using SimplygonMeshReduction for automatic skeletal mesh reduction
[2021.01.19-20.00.53:785][  0]LogMeshReduction: Using ProxyLODMeshReduction for automatic mesh merging
[2021.01.19-20.00.53:785][  0]LogMeshReduction: No distributed automatic mesh merging module available
[2021.01.19-20.00.53:785][  0]LogMeshMerging: No distributed automatic mesh merging module available
[2021.01.19-20.00.53:798][  0]LogNetVersion: TCRFAS 1.0.0, NetCL: 13144385, EngineNetVer: 14, GameNetVer: 0 (Checksum: 1694999402)
[2021.01.19-20.00.54:121][  0]LogAISub: UAISubsystem::UAISubsystem AISubsystem (000001915C0ED3C0), frame # 0
[2021.01.19-20.00.54:121][  0]LogAISub: UAISubsystem::UAISubsystem AIPerceptionSystem (000001915C04AAC0), frame # 0
[2021.01.19-20.00.54:122][  0]LogAISub: UAISubsystem::UAISubsystem EnvQueryManager (000001915C099E00), frame # 0
[2021.01.19-20.00.54:152][  0]LogPackageLocalizationCache: Processed 19 localized package path(s) for 1 prioritized culture(s) in 0.024584 seconds
[2021.01.19-20.00.54:157][  0]LogUObjectArray: 15917 objects as part of root set at end of initial load.
[2021.01.19-20.00.54:157][  0]LogUObjectAllocator: 3965568 out of 0 bytes used by permanent object pool.
[2021.01.19-20.00.54:157][  0]LogUObjectArray: CloseDisregardForGC: 0/0 objects in disregard for GC pool
[2021.01.19-20.00.54:415][  0]LogTcpMessaging: Initializing TcpMessaging bridge
[2021.01.19-20.00.54:418][  0]LogUdpMessaging: Initializing bridge on interface 0.0.0.0:0 to multicast group 230.0.0.1:6666.
[2021.01.19-20.00.54:449][  0]FLogRiderLinkModule: INIT START
[2021.01.19-20.00.54:449][  0]FLogRiderLinkModule: INIT FINISH
[2021.01.19-20.00.54:488][  0]SourceControl: Source control is disabled
[2021.01.19-20.00.54:488][  0]SourceControl: Source control is disabled
[2021.01.19-20.00.54:490][  0]SourceControl: Source control is disabled
[2021.01.19-20.00.54:493][  0]SourceControl: Source control is disabled
[2021.01.19-20.00.54:501][  0]SourceControl: Source control is disabled
[2021.01.19-20.00.54:690][  0]LogAndroidPermission: UAndroidPermissionCallbackProxy::GetInstance
[2021.01.19-20.00.54:705][  0]LogAudioCaptureCore: Display: No Audio Capture implementations found. Audio input will be silent.
[2021.01.19-20.00.54:705][  0]LogAudioCaptureCore: Display: No Audio Capture implementations found. Audio input will be silent.
[2021.01.19-20.00.54:747][  0]LogOcInput: OculusInput pre-init called
[2021.01.19-20.00.54:756][  0]LogWindows: Failed to load 'OVRPlugin.dll' (GetLastError=126)
[2021.01.19-20.00.54:756][  0]LogWindows: File 'OVRPlugin.dll' does not exist
[2021.01.19-20.00.54:813][  0]LogEngine: Initializing Engine...
[2021.01.19-20.00.54:814][  0]LogHMD: Failed to initialize OpenVR with code 110
[2021.01.19-20.00.54:814][  0]LogMagicLeap: Warning: VR disabled because ZI is not enabled.  To enable, in the editor, Edit -> Project Settings -> Plugins -> Magic Leap Plugin -> Enable Zero Iteration
[2021.01.19-20.00.54:814][  0]LogStats: UGameplayTagsManager::InitializeManager -  0.000 s
[2021.01.19-20.00.54:910][  0]LogInit: Initializing FReadOnlyCVARCache
[2021.01.19-20.00.54:917][  0]LogAIModule: Creating AISystem for world Untitled
[2021.01.19-20.00.54:917][  0]LogAISub: UAISubsystem::UAISubsystem EnvQueryManager (000001915E463C00), frame # 0
[2021.01.19-20.00.54:917][  0]LogAISub: UAISubsystem::UAISubsystem AIPerceptionSystem (000001915E45F880), frame # 0
[2021.01.19-20.00.54:929][  0]LogAudioMixer: Display: Audio Mixer Platform Settings:
[2021.01.19-20.00.54:929][  0]LogAudioMixer: Display: 	Sample Rate:						  48000
[2021.01.19-20.00.54:929][  0]LogAudioMixer: Display: 	Callback Buffer Frame Size Requested: 1024
[2021.01.19-20.00.54:929][  0]LogAudioMixer: Display: 	Callback Buffer Frame Size To Use:	  1024
[2021.01.19-20.00.54:929][  0]LogAudioMixer: Display: 	Number of buffers to queue:			  2
[2021.01.19-20.00.54:929][  0]LogAudioMixer: Display: 	Max Channels (voices):				  32
[2021.01.19-20.00.54:929][  0]LogAudioMixer: Display: 	Number of Async Source Workers:		  0
[2021.01.19-20.00.54:929][  0]LogAudio: Display: AudioDevice MaxSources: 32
[2021.01.19-20.00.54:929][  0]LogAudio: Display: Using built-in audio occlusion.
[2021.01.19-20.00.54:929][  0]LogAudioMixer: Display: Initializing audio mixer.
[2021.01.19-20.00.54:944][  0]LogAudioMixer: Display: 0: FrontLeft
[2021.01.19-20.00.54:944][  0]LogAudioMixer: Display: 1: FrontRight
[2021.01.19-20.00.54:971][  0]LogAudioMixer: Display: Using Audio Device Headset Earphone (Razer Audio Controller - Chat)
[2021.01.19-20.00.54:974][  0]LogAudioMixer: Display: Initializing Sound Submixes...
[2021.01.19-20.00.54:976][  0]LogAudioMixer: Display: Creating Master Submix 'MasterSubmixDefault'
[2021.01.19-20.00.54:976][  0]LogAudioMixer: Display: Creating Master Submix 'MasterReverbSubmixDefault'
[2021.01.19-20.00.54:977][  0]LogAudioMixer: Display: Creating Master Submix 'MasterEQSubmixDefault'
[2021.01.19-20.00.54:978][  0]LogInit: FAudioDevice initialized.
[2021.01.19-20.00.54:978][  0]LogNetVersion: Set ProjectVersion to 1.0.0.0. Version Checksum will be recalculated on next use.
[2021.01.19-20.00.55:058][  0]LogDerivedDataCache: Saved boot cache 0.08s 75MB C:/Users/kylej/AppData/Local/UnrealEngine/4.25/DerivedDataCache/Boot.ddc.
[2021.01.19-20.00.55:063][  0]LogInit: Texture streaming: Enabled
[2021.01.19-20.00.55:078][  0]LogEngineSessionManager: EngineSessionManager initialized
[2021.01.19-20.00.55:078][  0]LogEngineSessionManager: EngineSessionManager sent abnormal shutdown report. Type=Crashed, SessionId={4A909A1B-415D-68D3-FD97-639B38811659}
[2021.01.19-20.00.55:078][  0]LogEditorSessionSummary: Verbose: Initializing EditorSessionSummaryWriter for editor session tracking
[2021.01.19-20.00.55:079][  0]LogEditorSessionSummary: EditorSessionSummaryWriter initialized
[2021.01.19-20.00.55:119][  0]LogInit: Transaction tracking system initialized
[2021.01.19-20.00.55:136][  0]BlueprintLog: New page: Editor Load
[2021.01.19-20.00.55:193][  0]LocalizationService: Localization service is disabled
[2021.01.19-20.00.55:318][  0]LogCook: Display: Max memory allowance for cook 16384mb min free memory 0mb
[2021.01.19-20.00.55:318][  0]LogCook: Display: Mobile HDR setting 1
[2021.01.19-20.00.55:423][  0]LogFileCache: Scanning file cache for directory 'F:/PersonalProjects/TC-RFAS/TCRFAS/Content/' took 0.00s
[2021.01.19-20.00.55:561][  0]SourceControl: Source control is disabled
[2021.01.19-20.00.55:561][  0]LogUnrealEdMisc: Loading editor; pre map load, took 4.864
[2021.01.19-20.00.55:561][  0]Cmd: MAP LOAD FILE="F:/PersonalProjects/TC-RFAS/TCRFAS/Content/Forest1.umap" TEMPLATE=0 SHOWPROGRESS=1 FEATURELEVEL=3
[2021.01.19-20.00.55:562][  0]LightingResults: New page: Lighting Build
[2021.01.19-20.00.55:562][  0]LogWorld: UWorld::CleanupWorld for Untitled, bSessionEnded=true, bCleanupResources=true
[2021.01.19-20.00.55:562][  0]LogSlate: InvalidateAllWidgets triggered.  All widgets were invalidated
[2021.01.19-20.00.55:562][  0]MapCheck: New page: Map Check
[2021.01.19-20.00.55:562][  0]LightingResults: New page: Lighting Build
[2021.01.19-20.00.55:576][  0]LogAISub: UAISubsystem::~UAISubsystem EnvQueryManager (000001915E463C00), frame # 0
[2021.01.19-20.00.55:576][  0]LogAISub: UAISubsystem::~UAISubsystem AIPerceptionSystem (000001915E45F880), frame # 0
[2021.01.19-20.00.55:577][  0]LogUObjectHash: Compacting FUObjectHashTables data took   0.65ms
[2021.01.19-20.00.55:641][  0]LogAIModule: Creating AISystem for world Forest1
[2021.01.19-20.00.55:641][  0]LogAISub: UAISubsystem::UAISubsystem EnvQueryManager (000001914D92B800), frame # 0
[2021.01.19-20.00.55:641][  0]LogAISub: UAISubsystem::UAISubsystem AIPerceptionSystem (0000019159771D00), frame # 0
[2021.01.19-20.00.55:644][  0]LogEditorServer: Finished looking for orphan Actors (0.000 secs)
[2021.01.19-20.00.55:656][  0]LogUObjectHash: Compacting FUObjectHashTables data took   0.76ms
[2021.01.19-20.00.55:656][  0]Cmd: MAP CHECKDEP NOCLEARLOG
[2021.01.19-20.00.55:656][  0]MapCheck: Map check complete: 0 Error(s), 0 Warning(s), took 0.083ms to complete.
[2021.01.19-20.00.55:656][  0]LogFileHelpers: Loading map 'Forest1' took 0.095
[2021.01.19-20.00.55:658][  0]LogUnrealEdMisc: Total Editor Startup Time, took 4.960
[2021.01.19-20.00.55:822][  0]LogSlate: Updating window title bar state: overlay mode, drag disabled, window buttons hidden, title bar hidden
[2021.01.19-20.00.55:828][  0]LogSlate: Updating window title bar state: overlay mode, drag disabled, window buttons hidden, title bar hidden
[2021.01.19-20.00.55:835][  0]LogSlate: Updating window title bar state: overlay mode, drag disabled, window buttons hidden, title bar hidden
[2021.01.19-20.00.55:842][  0]LogSlate: Updating window title bar state: overlay mode, drag disabled, window buttons hidden, title bar hidden
[2021.01.19-20.00.55:848][  0]LogCollectionManager: Loaded 0 collections in 0.001659 seconds
[2021.01.19-20.00.55:862][  0]LogFileCache: Scanning file cache for directory 'F:/PersonalProjects/TC-RFAS/TCRFAS/Saved/Collections/' took 0.00s
[2021.01.19-20.00.55:862][  0]LogFileCache: Scanning file cache for directory 'F:/PersonalProjects/TC-RFAS/TCRFAS/Content/Developers/kylej/Collections/' took 0.00s
[2021.01.19-20.00.55:863][  0]LogFileCache: Scanning file cache for directory 'F:/PersonalProjects/TC-RFAS/TCRFAS/Content/Collections/' took 0.00s
[2021.01.19-20.00.55:863][  0]LogContentBrowser: Native class hierarchy populated in 0.0093 seconds. Added 3444 classes and 823 folders.
[2021.01.19-20.00.55:866][  0]LogContentBrowser: Native class hierarchy updated for 'WidgetCarousel' in 0.0004 seconds. Added 0 classes and 0 folders.
[2021.01.19-20.00.55:905][  0]LogContentBrowser: Native class hierarchy updated for 'AddContentDialog' in 0.0003 seconds. Added 0 classes and 0 folders.
[2021.01.19-20.00.55:961][  0]LogSlate: Took 0.000219 seconds to synchronously load lazily loaded font '../../../Engine/Content/Slate/Fonts/Roboto-Regular.ttf' (155K)
[2021.01.19-20.00.55:965][  0]LogSlate: Took 0.000178 seconds to synchronously load lazily loaded font '../../../Engine/Content/Slate/Fonts/Roboto-Bold.ttf' (160K)
[2021.01.19-20.00.55:966][  0]LogSlate: Took 0.000116 seconds to synchronously load lazily loaded font '../../../Engine/Content/Editor/Slate/Fonts/FontAwesome.ttf' (139K)
[2021.01.19-20.00.56:010][  0]LogRenderer: Reallocating scene render targets to support 808x288 Format 10 NumSamples 1 (Frame:1).
[2021.01.19-20.00.56:073][  0]LogContentBrowser: Native class hierarchy updated for 'HierarchicalLODOutliner' in 0.0003 seconds. Added 0 classes and 0 folders.
[2021.01.19-20.00.56:073][  0]LogLoad: (Engine Initialization) Total time: 5.38 seconds
[2021.01.19-20.00.56:073][  0]LogLoad: (Engine Initialization) Total Blueprint compile time: 0.00 seconds
[2021.01.19-20.00.56:110][  0]LogAssetRegistry: Asset discovery search completed in 2.6020 seconds
[2021.01.19-20.00.56:114][  0]LogCollectionManager: Fixed up redirectors for 0 collections in 0.000002 seconds (updated 0 objects)
[2021.01.19-20.00.56:115][  0]LogContentStreaming: Texture pool size now 1000 MB
[2021.01.19-20.01.17:315][325]LogRenderer: Reallocating scene render targets to support 1216x504 Format 10 NumSamples 1 (Frame:2328).
[2021.01.19-20.01.18:376][432]Candidate modules for hot reload:
[2021.01.19-20.01.18:376][432]  TCRFAS
[2021.01.19-20.01.18:376][432]Launching UnrealBuildTool... [C:/Program Files (x86)/UE_4.25/Engine/Binaries/DotNET/UnrealBuildTool.exe  -ModuleWithSuffix=TCRFAS,2348 TCRFASEditor Win64 Development -Project="F:/PersonalProjects/TC-RFAS/TCRFAS/TCRFAS.uproject" "F:/PersonalProjects/TC-RFAS/TCRFAS/TCRFAS.uproject"  -IgnoreJunk]
[2021.01.19-20.01.18:378][432]Warning: Starting HotReload took  0.0s.
[2021.01.19-20.01.42:545][277]CompilerResultsLog: New page: Compilation - Jan 19, 2021, 10:01:42 AM
[2021.01.19-20.01.42:545][277]CompilerResultsLog: Using 'git status' to determine working set for adaptive non-unity build (F:\PersonalProjects\TC-RFAS).
[2021.01.19-20.01.42:545][277]CompilerResultsLog: Parsing headers for TCRFASEditor
[2021.01.19-20.01.42:545][277]CompilerResultsLog:   Running UnrealHeaderTool "F:\PersonalProjects\TC-RFAS\TCRFAS\TCRFAS.uproject" "F:\PersonalProjects\TC-RFAS\TCRFAS\Intermediate\Build\Win64\TCRFASEditor\Development\TCRFASEditor.uhtmanifest" -LogCmds="loginit warning, logexit warning, logdatabase error" -Unattended -WarningsAsErrors -abslog="C:\Users\kylej\AppData\Local\UnrealBuildTool\Log_UHT.txt" -installed
[2021.01.19-20.01.42:545][277]CompilerResultsLog: Reflection code generated for TCRFASEditor in 18.1227544 seconds
[2021.01.19-20.01.42:545][277]CompilerResultsLog: Building TCRFASEditor...
[2021.01.19-20.01.42:545][277]CompilerResultsLog: Using Visual Studio 2019 14.26.28806 toolchain (C:\Program Files (x86)\Microsoft Visual Studio\2019\Professional\VC\Tools\MSVC\14.26.28801) and Windows 10.0.18362.0 SDK (C:\Program Files (x86)\Windows Kits\10).
[2021.01.19-20.01.42:545][277]CompilerResultsLog: Building 6 actions with 16 processes...
[2021.01.19-20.01.42:545][277]CompilerResultsLog:   [1/6] FloorManager.cpp
[2021.01.19-20.01.42:546][277]CompilerResultsLog:   [2/6] TCRFAS.init.gen.cpp
[2021.01.19-20.01.42:546][277]CompilerResultsLog:   [3/6] FloorManager.gen.cpp
[2021.01.19-20.01.42:546][277]CompilerResultsLog:   [4/6] UE4Editor-TCRFAS-2348.lib
[2021.01.19-20.01.42:546][277]CompilerResultsLog:      Creating library F:\PersonalProjects\TC-RFAS\TCRFAS\Intermediate\Build\Win64\UE4Editor\Development\TCRFAS\UE4Editor-TCRFAS-2348.lib and object F:\PersonalProjects\TC-RFAS\TCRFAS\Intermediate\Build\Win64\UE4Editor\Development\TCRFAS\UE4Editor-TCRFAS-2348.exp
[2021.01.19-20.01.42:546][277]CompilerResultsLog:   [5/6] UE4Editor-TCRFAS-2348.dll
[2021.01.19-20.01.42:546][277]CompilerResultsLog:      Creating library F:\PersonalProjects\TC-RFAS\TCRFAS\Intermediate\Build\Win64\UE4Editor\Development\TCRFAS\UE4Editor-TCRFAS-2348.suppressed.lib and object F:\PersonalProjects\TC-RFAS\TCRFAS\Intermediate\Build\Win64\UE4Editor\Development\TCRFAS\UE4Editor-TCRFAS-2348.suppressed.exp
[2021.01.19-20.01.42:546][277]CompilerResultsLog:   [6/6] TCRFASEditor.target
[2021.01.19-20.01.42:546][277]CompilerResultsLog: Total time in Parallel executor: 5.41 seconds
[2021.01.19-20.01.42:546][277]CompilerResultsLog: Total execution time: 24.09 seconds
[2021.01.19-20.01.42:546][277]LogMainFrame: MainFrame: Module compiling took 24.172 seconds
[2021.01.19-20.01.42:552][277]LogClass: Could not find existing class FloorManager in package /Script/TCRFAS for HotReload, assuming new class
[2021.01.19-20.01.42:553][277]LogClass: Charactertype HotReload.
[2021.01.19-20.01.42:553][277]LogClass: DomainStages HotReload.
[2021.01.19-20.01.42:553][277]LogClass: Ailment HotReload.
[2021.01.19-20.01.42:553][277]LogClass: ElementalTypes HotReload.
[2021.01.19-20.01.42:553][277]LogClass: Screen HotReload.
[2021.01.19-20.01.42:559][277]LogHotReload: Re-instancing FloorManager after hot-reload.
[2021.01.19-20.01.42:569][277]LogContentBrowser: Native class hierarchy updated for 'TCRFAS' in 0.0004 seconds. Added 17 classes and 2 folders.
[2021.01.19-20.01.42:570][277]Display: HotReload successful (0 functions remapped  0 scriptstructs remapped)
[2021.01.19-20.01.42:609][277]LogContentBrowser: Native class hierarchy populated in 0.0083 seconds. Added 3444 classes and 823 folders.
[2021.01.19-20.01.42:609][277]Display: HotReload took 24.2s.
[2021.01.19-20.02.02:555][662]LogTemp: Repeating last play command: Selected Viewport
[2021.01.19-20.02.02:564][662]LogPlayLevel: PlayLevel: No blueprints needed recompiling
[2021.01.19-20.02.02:564][662]PIE: New page: PIE session: Forest1 (Jan 19, 2021, 10:02:02 AM)
[2021.01.19-20.02.02:566][662]LogOnline: OSS: Creating online subsystem instance for: NULL
[2021.01.19-20.02.02:566][662]LogOnline: OSS: TryLoadSubsystemAndSetDefault: Loaded subsystem for module [NULL]
[2021.01.19-20.02.02:566][662]LogPlayLevel: Creating play world package: /Game/UEDPIE_0_Forest1
[2021.01.19-20.02.02:568][662]LogPlayLevel: PIE: StaticDuplicateObject took: (0.001833s)
[2021.01.19-20.02.02:569][662]LogAIModule: Creating AISystem for world Forest1
[2021.01.19-20.02.02:569][662]LogAISub: UAISubsystem::UAISubsystem EnvQueryManager (0000019177DB6800), frame # 7662
[2021.01.19-20.02.02:569][662]LogAISub: UAISubsystem::UAISubsystem AIPerceptionSystem (000001911EC35A80), frame # 7662
[2021.01.19-20.02.02:569][662]LogPlayLevel: PIE: World Init took: (0.001108s)
[2021.01.19-20.02.02:569][662]LogPlayLevel: PIE: Created PIE world by copying editor world from /Game/Forest1.Forest1 to /Game/UEDPIE_0_Forest1.Forest1 (0.003050s)
[2021.01.19-20.02.02:580][662]LogUObjectHash: Compacting FUObjectHashTables data took   0.69ms
[2021.01.19-20.02.02:581][662]LogAudioMixer: Display: Audio Mixer Platform Settings:
[2021.01.19-20.02.02:581][662]LogAudioMixer: Display: 	Sample Rate:						  48000
[2021.01.19-20.02.02:582][662]LogAudioMixer: Display: 	Callback Buffer Frame Size Requested: 1024
[2021.01.19-20.02.02:582][662]LogAudioMixer: Display: 	Callback Buffer Frame Size To Use:	  1024
[2021.01.19-20.02.02:582][662]LogAudioMixer: Display: 	Number of buffers to queue:			  2
[2021.01.19-20.02.02:582][662]LogAudioMixer: Display: 	Max Channels (voices):				  32
[2021.01.19-20.02.02:582][662]LogAudioMixer: Display: 	Number of Async Source Workers:		  0
[2021.01.19-20.02.02:582][662]LogAudio: Display: AudioDevice MaxSources: 32
[2021.01.19-20.02.02:582][662]LogAudio: Display: Using built-in audio occlusion.
[2021.01.19-20.02.02:582][662]LogAudioMixer: Display: Initializing audio mixer.
[2021.01.19-20.02.02:587][662]LogAudioMixer: Display: 0: FrontLeft
[2021.01.19-20.02.02:587][662]LogAudioMixer: Display: 1: FrontRight
[2021.01.19-20.02.02:598][662]LogAudioMixer: Display: Using Audio Device Headset Earphone (Razer Audio Controller - Chat)
[2021.01.19-20.02.02:598][662]LogAudioMixer: Display: Initializing Sound Submixes...
[2021.01.19-20.02.02:598][662]LogAudioMixer: Display: Creating Master Submix 'MasterSubmixDefault'
[2021.01.19-20.02.02:598][662]LogAudioMixer: Display: Creating Master Submix 'MasterReverbSubmixDefault'
[2021.01.19-20.02.02:599][662]LogAudioMixer: Display: Creating Master Submix 'MasterEQSubmixDefault'
[2021.01.19-20.02.02:608][662]LogInit: FAudioDevice initialized.
[2021.01.19-20.02.02:617][662]LogLoad: Game class is 'TCRFASGameModeBase'
[2021.01.19-20.02.02:618][662]LogWorld: Bringing World /Game/UEDPIE_0_Forest1.Forest1 up for play (max tick rate 0) at 2021.01.19-15.02.02
[2021.01.19-20.02.02:618][662]LogWorld: Bringing up level for play took: 0.000390
[2021.01.19-20.02.02:618][662]LogOnline: OSS: Creating online subsystem instance for: :Context_2
[2021.01.19-20.02.02:637][662]LogContentBrowser: Native class hierarchy updated for 'MovieSceneCapture' in 0.0003 seconds. Added 20 classes and 0 folders.
[2021.01.19-20.02.02:736][662]PIE: Server logged in
[2021.01.19-20.02.02:738][662]PIE: Play in editor total start time 0.176 seconds.
[2021.01.19-20.02.04:407][683]LogSlate: Updating window title bar state: overlay mode, drag disabled, window buttons hidden, title bar hidden
[2021.01.19-20.02.04:407][683]LogWorld: BeginTearingDown for /Game/UEDPIE_0_Forest1
[2021.01.19-20.02.04:407][683]LogWorld: UWorld::CleanupWorld for Forest1, bSessionEnded=true, bCleanupResources=true
[2021.01.19-20.02.04:410][683]LogSlate: InvalidateAllWidgets triggered.  All widgets were invalidated
[2021.01.19-20.02.04:432][683]LogPlayLevel: Display: Shutting down PIE online subsystems
[2021.01.19-20.02.04:434][683]LogSlate: InvalidateAllWidgets triggered.  All widgets were invalidated
[2021.01.19-20.02.04:455][683]LogSlate: Updating window title bar state: overlay mode, drag disabled, window buttons hidden, title bar hidden
[2021.01.19-20.02.04:466][683]LogAISub: UAISubsystem::~UAISubsystem EnvQueryManager (0000019177DB6800), frame # 7683
[2021.01.19-20.02.04:466][683]LogAISub: UAISubsystem::~UAISubsystem AIPerceptionSystem (000001911EC35A80), frame # 7683
[2021.01.19-20.02.04:468][683]LogUObjectHash: Compacting FUObjectHashTables data took   0.62ms
[2021.01.19-20.02.04:482][684]LogPlayLevel: Display: Destroying online subsystem :Context_2
[2021.01.19-20.02.07:031][976]LogTemp: Repeating last play command: Selected Viewport
[2021.01.19-20.02.07:038][976]LogPlayLevel: PlayLevel: No blueprints needed recompiling
[2021.01.19-20.02.07:038][976]PIE: New page: PIE session: Forest1 (Jan 19, 2021, 10:02:07 AM)
[2021.01.19-20.02.07:039][976]LogPlayLevel: Creating play world package: /Game/UEDPIE_0_Forest1
[2021.01.19-20.02.07:040][976]LogPlayLevel: PIE: StaticDuplicateObject took: (0.001651s)
[2021.01.19-20.02.07:041][976]LogAIModule: Creating AISystem for world Forest1
[2021.01.19-20.02.07:041][976]LogAISub: UAISubsystem::UAISubsystem EnvQueryManager (0000019174D6EC00), frame # 7976
[2021.01.19-20.02.07:041][976]LogAISub: UAISubsystem::UAISubsystem AIPerceptionSystem (000001916C9D0F40), frame # 7976
[2021.01.19-20.02.07:041][976]LogPlayLevel: PIE: World Init took: (0.001009s)
[2021.01.19-20.02.07:041][976]LogPlayLevel: PIE: Created PIE world by copying editor world from /Game/Forest1.Forest1 to /Game/UEDPIE_0_Forest1.Forest1 (0.002755s)
[2021.01.19-20.02.07:050][976]LogUObjectHash: Compacting FUObjectHashTables data took   0.56ms
[2021.01.19-20.02.07:051][976]LogAudioMixer: Display: Audio Mixer Platform Settings:
[2021.01.19-20.02.07:051][976]LogAudioMixer: Display: 	Sample Rate:						  48000
[2021.01.19-20.02.07:051][976]LogAudioMixer: Display: 	Callback Buffer Frame Size Requested: 1024
[2021.01.19-20.02.07:051][976]LogAudioMixer: Display: 	Callback Buffer Frame Size To Use:	  1024
[2021.01.19-20.02.07:051][976]LogAudioMixer: Display: 	Number of buffers to queue:			  2
[2021.01.19-20.02.07:051][976]LogAudioMixer: Display: 	Max Channels (voices):				  32
[2021.01.19-20.02.07:051][976]LogAudioMixer: Display: 	Number of Async Source Workers:		  0
[2021.01.19-20.02.07:051][976]LogAudio: Display: AudioDevice MaxSources: 32
[2021.01.19-20.02.07:052][976]LogAudio: Display: Using built-in audio occlusion.
[2021.01.19-20.02.07:052][976]LogAudioMixer: Display: Initializing audio mixer.
[2021.01.19-20.02.07:056][976]LogAudioMixer: Display: 0: FrontLeft
[2021.01.19-20.02.07:056][976]LogAudioMixer: Display: 1: FrontRight
[2021.01.19-20.02.07:067][976]LogAudioMixer: Display: Using Audio Device Headset Earphone (Razer Audio Controller - Chat)
[2021.01.19-20.02.07:068][976]LogAudioMixer: Display: Initializing Sound Submixes...
[2021.01.19-20.02.07:068][976]LogAudioMixer: Display: Creating Master Submix 'MasterSubmixDefault'
[2021.01.19-20.02.07:068][976]LogAudioMixer: Display: Creating Master Submix 'MasterReverbSubmixDefault'
[2021.01.19-20.02.07:068][976]LogAudioMixer: Display: Creating Master Submix 'MasterEQSubmixDefault'
[2021.01.19-20.02.07:077][976]LogInit: FAudioDevice initialized.
[2021.01.19-20.02.07:087][976]LogLoad: Game class is 'TCRFASGameModeBase'
[2021.01.19-20.02.07:088][976]LogWorld: Bringing World /Game/UEDPIE_0_Forest1.Forest1 up for play (max tick rate 0) at 2021.01.19-15.02.07
[2021.01.19-20.02.07:088][976]LogWorld: Bringing up level for play took: 0.000359
[2021.01.19-20.02.07:088][976]LogOnline: OSS: Creating online subsystem instance for: :Context_3
[2021.01.19-20.02.07:185][976]PIE: Server logged in
[2021.01.19-20.02.07:185][976]PIE: Play in editor total start time 0.148 seconds.
[2021.01.19-20.02.19:516][183]LogSlate: Updating window title bar state: overlay mode, drag disabled, window buttons hidden, title bar hidden
[2021.01.19-20.02.19:516][183]LogWorld: BeginTearingDown for /Game/UEDPIE_0_Forest1
[2021.01.19-20.02.19:517][183]LogWorld: UWorld::CleanupWorld for Forest1, bSessionEnded=true, bCleanupResources=true
[2021.01.19-20.02.19:519][183]LogSlate: InvalidateAllWidgets triggered.  All widgets were invalidated
[2021.01.19-20.02.19:605][183]LogPlayLevel: Display: Shutting down PIE online subsystems
[2021.01.19-20.02.19:607][183]LogSlate: InvalidateAllWidgets triggered.  All widgets were invalidated
[2021.01.19-20.02.19:619][183]LogSlate: Updating window title bar state: overlay mode, drag disabled, window buttons hidden, title bar hidden
[2021.01.19-20.02.19:635][183]LogAISub: UAISubsystem::~UAISubsystem AIPerceptionSystem (000001916C9D0F40), frame # 8183
[2021.01.19-20.02.19:635][183]LogAISub: UAISubsystem::~UAISubsystem EnvQueryManager (0000019174D6EC00), frame # 8183
[2021.01.19-20.02.19:636][183]LogUObjectHash: Compacting FUObjectHashTables data took   0.63ms
[2021.01.19-20.02.19:650][184]LogPlayLevel: Display: Destroying online subsystem :Context_3
[2021.01.19-20.02.28:386][177]LogSlate: Took 0.000136 seconds to synchronously load lazily loaded font '../../../Engine/Content/Slate/Fonts/Roboto-Light.ttf' (167K)
[2021.01.19-20.02.28:404][177]Cmd: OBJ SAVEPACKAGE PACKAGE="/Game/Forest1" FILE="F:/PersonalProjects/TC-RFAS/TCRFAS/Content/Forest1.umap" SILENT=true AUTOSAVING=false KEEPDIRTY=false
[2021.01.19-20.02.28:415][177]LogUObjectHash: Compacting FUObjectHashTables data took   0.55ms
[2021.01.19-20.02.28:446][177]LogSavePackage: Moving 'F:/PersonalProjects/TC-RFAS/TCRFAS/Saved/Forest13CACA1F441FF638F172ECDA91FAB03E5.tmp' to 'F:/PersonalProjects/TC-RFAS/TCRFAS/Content/Forest1.umap'
[2021.01.19-20.02.28:458][177]Cmd: OBJ SAVEPACKAGE PACKAGE="/Game/Forest1_BuiltData" FILE="F:/PersonalProjects/TC-RFAS/TCRFAS/Content/Forest1_BuiltData.uasset" SILENT=true
[2021.01.19-20.02.28:468][177]LogSavePackage: Moving 'F:/PersonalProjects/TC-RFAS/TCRFAS/Saved/Forest1_BuiltData8C63C9AD4CE2BC624754F7A2A7AA50FD.tmp' to 'F:/PersonalProjects/TC-RFAS/TCRFAS/Content/Forest1_BuiltData.uasset'
[2021.01.19-20.02.28:481][177]AssetCheck: New page: Asset Save: multiple assets
[2021.01.19-20.02.28:481][177]LogContentValidation: Display: Validating World /Game/Forest1.Forest1
[2021.01.19-20.02.28:481][177]LogContentValidation: Display: Validating MapBuildDataRegistry /Game/Forest1_BuiltData.Forest1_BuiltData
[2021.01.19-20.02.31:905][577]LogTemp: Repeating last play command: Selected Viewport
[2021.01.19-20.02.31:912][577]LogPlayLevel: PlayLevel: No blueprints needed recompiling
[2021.01.19-20.02.31:912][577]PIE: New page: PIE session: Forest1 (Jan 19, 2021, 10:02:31 AM)
[2021.01.19-20.02.31:936][577]LogPlayLevel: Creating play world package: /Game/UEDPIE_0_Forest1
[2021.01.19-20.02.31:938][577]LogPlayLevel: PIE: StaticDuplicateObject took: (0.001998s)
[2021.01.19-20.02.31:939][577]LogAIModule: Creating AISystem for world Forest1
[2021.01.19-20.02.31:939][577]LogAISub: UAISubsystem::UAISubsystem EnvQueryManager (0000019115A2A200), frame # 9577
[2021.01.19-20.02.31:939][577]LogAISub: UAISubsystem::UAISubsystem AIPerceptionSystem (000001915B763740), frame # 9577
[2021.01.19-20.02.31:939][577]LogPlayLevel: PIE: World Init took: (0.001101s)
[2021.01.19-20.02.31:939][577]LogPlayLevel: PIE: Created PIE world by copying editor world from /Game/Forest1.Forest1 to /Game/UEDPIE_0_Forest1.Forest1 (0.003257s)
[2021.01.19-20.02.31:948][577]LogUObjectHash: Compacting FUObjectHashTables data took   0.55ms
[2021.01.19-20.02.31:950][577]LogAudioMixer: Display: Audio Mixer Platform Settings:
[2021.01.19-20.02.31:950][577]LogAudioMixer: Display: 	Sample Rate:						  48000
[2021.01.19-20.02.31:950][577]LogAudioMixer: Display: 	Callback Buffer Frame Size Requested: 1024
[2021.01.19-20.02.31:950][577]LogAudioMixer: Display: 	Callback Buffer Frame Size To Use:	  1024
[2021.01.19-20.02.31:950][577]LogAudioMixer: Display: 	Number of buffers to queue:			  2
[2021.01.19-20.02.31:950][577]LogAudioMixer: Display: 	Max Channels (voices):				  32
[2021.01.19-20.02.31:950][577]LogAudioMixer: Display: 	Number of Async Source Workers:		  0
[2021.01.19-20.02.31:950][577]LogAudio: Display: AudioDevice MaxSources: 32
[2021.01.19-20.02.31:950][577]LogAudio: Display: Using built-in audio occlusion.
[2021.01.19-20.02.31:950][577]LogAudioMixer: Display: Initializing audio mixer.
[2021.01.19-20.02.31:955][577]LogAudioMixer: Display: 0: FrontLeft
[2021.01.19-20.02.31:955][577]LogAudioMixer: Display: 1: FrontRight
[2021.01.19-20.02.31:966][577]LogAudioMixer: Display: Using Audio Device Headset Earphone (Razer Audio Controller - Chat)
[2021.01.19-20.02.31:967][577]LogAudioMixer: Display: Initializing Sound Submixes...
[2021.01.19-20.02.31:967][577]LogAudioMixer: Display: Creating Master Submix 'MasterSubmixDefault'
[2021.01.19-20.02.31:967][577]LogAudioMixer: Display: Creating Master Submix 'MasterReverbSubmixDefault'
[2021.01.19-20.02.31:967][577]LogAudioMixer: Display: Creating Master Submix 'MasterEQSubmixDefault'
[2021.01.19-20.02.31:977][577]LogInit: FAudioDevice initialized.
[2021.01.19-20.02.31:986][577]LogLoad: Game class is 'TCRFASGameModeBase'
[2021.01.19-20.02.31:987][577]LogWorld: Bringing World /Game/UEDPIE_0_Forest1.Forest1 up for play (max tick rate 0) at 2021.01.19-15.02.31
[2021.01.19-20.02.31:987][577]LogWorld: Bringing up level for play took: 0.000380
[2021.01.19-20.02.31:987][577]LogOnline: OSS: Creating online subsystem instance for: :Context_4
