Log file open, 08/22/20 20:47:04
LogInit: Display: Running engine for game: TCRFAS
LogPlatformFile: Not using cached read wrapper
LogTaskGraph: Started task graph with 5 named threads and 47 total threads with 3 sets of task threads.
LogStats: Stats thread started at 1.191552
LogD3D11RHI: Loaded GFSDK_Aftermath_Lib.x64.dll
LogICUInternationalization: ICU TimeZone Detection - Raw Offset: -5:00, Platform Override: ''
LogPluginManager: Mounting plugin Paper2D
LogPluginManager: Mounting plugin AISupport
LogPluginManager: Mounting plugin LightPropagationVolume
LogPluginManager: Mounting plugin CameraShakePreviewer
LogPluginManager: Mounting plugin ActorLayerUtilities
LogPluginManager: Mounting plugin AnimationSharing
LogPluginManager: Mounting plugin CLionSourceCodeAccess
LogPluginManager: Mounting plugin CodeLiteSourceCodeAccess
LogPluginManager: Mounting plugin GitSourceControl
LogPluginManager: Mounting plugin KDevelopSourceCodeAccess
LogPluginManager: Mounting plugin NullSourceCodeAccess
LogPluginManager: Mounting plugin PerforceSourceControl
LogPluginManager: Mounting plugin PlasticSourceControl
LogPluginManager: Mounting plugin RiderSourceCodeAccess
LogPluginManager: Mounting plugin SubversionSourceControl
LogPluginManager: Mounting plugin UObjectPlugin
LogPluginManager: Mounting plugin VisualStudioCodeSourceCodeAccess
LogPluginManager: Mounting plugin VisualStudioSourceCodeAccess
LogPluginManager: Mounting plugin XCodeSourceCodeAccess
LogPluginManager: Mounting plugin AssetManagerEditor
LogPluginManager: Mounting plugin CryptoKeys
LogPluginManager: Mounting plugin CurveEditorTools
LogPluginManager: Mounting plugin DataValidation
LogPluginManager: Mounting plugin EditorScriptingUtilities
LogPluginManager: Mounting plugin FacialAnimation
LogPluginManager: Mounting plugin GameplayTagsEditor
LogPluginManager: Mounting plugin GeometryMode
LogPluginManager: Mounting plugin MacGraphicsSwitching
LogPluginManager: Mounting plugin MaterialAnalyzer
LogPluginManager: Mounting plugin MobileLauncherProfileWizard
LogPluginManager: Mounting plugin PluginBrowser
LogPluginManager: Mounting plugin SpeedTreeImporter
LogPluginManager: Mounting plugin DatasmithContent
LogPluginManager: Mounting plugin VariantManagerContent
LogPluginManager: Mounting plugin AlembicImporter
LogPluginManager: Mounting plugin AutomationUtils
LogPluginManager: Mounting plugin BackChannel
LogPluginManager: Mounting plugin ChaosCloth
LogPluginManager: Mounting plugin ChaosClothEditor
LogPluginManager: Mounting plugin ChaosEditor
LogPluginManager: Mounting plugin ChaosNiagara
LogPluginManager: Mounting plugin ChaosSolverPlugin
LogPluginManager: Mounting plugin CharacterAI
LogPluginManager: Mounting plugin GeometryCache
LogPluginManager: Mounting plugin GeometryCollectionPlugin
LogPluginManager: Mounting plugin GeometryProcessing
LogPluginManager: Mounting plugin PlanarCut
LogPluginManager: Mounting plugin PlatformCrypto
LogPluginManager: Mounting plugin ProxyLODPlugin
LogPluginManager: Mounting plugin SkeletalReduction
LogPluginManager: Mounting plugin Niagara
LogPluginManager: Mounting plugin MagicLeap
LogPluginManager: Mounting plugin MagicLeapLightEstimation
LogPluginManager: Mounting plugin MagicLeapMedia
LogPluginManager: Mounting plugin MagicLeapPassableWorld
LogPluginManager: Mounting plugin MLSDK
LogPluginManager: Mounting plugin AndroidMedia
LogPluginManager: Mounting plugin AvfMedia
LogPluginManager: Mounting plugin ImgMedia
LogPluginManager: Mounting plugin MediaCompositing
LogPluginManager: Mounting plugin MediaPlayerEditor
LogPluginManager: Mounting plugin WebMMedia
LogPluginManager: Mounting plugin WmfMedia
LogPluginManager: Mounting plugin MeshPainting
LogPluginManager: Mounting plugin TcpMessaging
LogPluginManager: Mounting plugin UdpMessaging
LogPluginManager: Mounting plugin ActorSequence
LogPluginManager: Mounting plugin LevelSequenceEditor
LogPluginManager: Mounting plugin MatineeToLevelSequence
LogPluginManager: Mounting plugin MovieRenderPipeline
LogPluginManager: Mounting plugin TemplateSequence
LogPluginManager: Mounting plugin NetcodeUnitTest
LogPluginManager: Mounting plugin NUTUnrealEngine4
LogPluginManager: Mounting plugin OnlineSubsystemGooglePlay
LogPluginManager: Mounting plugin OnlineSubsystemIOS
LogPluginManager: Mounting plugin OnlineSubsystem
LogPluginManager: Mounting plugin OnlineSubsystemNull
LogPluginManager: Mounting plugin OnlineSubsystemUtils
LogPluginManager: Mounting plugin LauncherChunkInstaller
LogPluginManager: Mounting plugin AndroidDeviceProfileSelector
LogPluginManager: Mounting plugin AndroidMoviePlayer
LogPluginManager: Mounting plugin AndroidPermission
LogPluginManager: Mounting plugin AppleImageUtils
LogPluginManager: Mounting plugin AppleMoviePlayer
LogPluginManager: Mounting plugin ArchVisCharacter
LogPluginManager: Mounting plugin AssetTags
LogPluginManager: Mounting plugin AudioCapture
LogPluginManager: Mounting plugin CableComponent
LogPluginManager: Mounting plugin CustomMeshComponent
LogPluginManager: Mounting plugin EditableMesh
LogPluginManager: Mounting plugin ExampleDeviceProfileSelector
LogPluginManager: Mounting plugin GoogleCloudMessaging
LogPluginManager: Mounting plugin GooglePAD
LogPluginManager: Mounting plugin IOSDeviceProfileSelector
LogPluginManager: Mounting plugin LinuxDeviceProfileSelector
LogPluginManager: Mounting plugin LocationServicesBPLibrary
LogPluginManager: Mounting plugin MobilePatchingUtils
LogPluginManager: Mounting plugin OculusVR
LogPluginManager: Mounting plugin PhysXVehicles
LogPluginManager: Mounting plugin PostSplashScreen
LogPluginManager: Mounting plugin ProceduralMeshComponent
LogPluginManager: Mounting plugin RuntimePhysXCooking
LogPluginManager: Mounting plugin SignificanceManager
LogPluginManager: Mounting plugin SoundFields
LogPluginManager: Mounting plugin SteamVR
LogPluginManager: Mounting plugin Synthesis
LogPluginManager: Mounting plugin WebMMoviePlayer
LogPluginManager: Mounting plugin WindowsMoviePlayer
LogPluginManager: Mounting plugin ScreenshotTools
LogInit: Using libcurl 7.55.1-DEV
LogInit:  - built for x86_64-pc-win32
LogInit:  - supports SSL with OpenSSL/1.1.1
LogInit:  - supports HTTP deflate (compression) using libz 1.2.8
LogInit:  - other features:
LogInit:      CURL_VERSION_SSL
LogInit:      CURL_VERSION_LIBZ
LogInit:      CURL_VERSION_IPV6
LogInit:      CURL_VERSION_ASYNCHDNS
LogInit:      CURL_VERSION_LARGEFILE
LogInit:      CURL_VERSION_IDN
LogInit:  CurlRequestOptions (configurable via config and command line):
LogInit:  - bVerifyPeer = true  - Libcurl will verify peer certificate
LogInit:  - bUseHttpProxy = false  - Libcurl will NOT use HTTP proxy
LogInit:  - bDontReuseConnections = false  - Libcurl will reuse connections
LogInit:  - MaxHostConnections = 16  - Libcurl will limit the number of connections to a host
LogInit:  - LocalHostAddr = Default
LogInit:  - BufferSize = 65536
LogOnline: OSS: Creating online subsystem instance for: NULL
LogInit: WinSock: version 1.1 (2.2), MaxSocks=32767, MaxUdp=65467
LogOnline: OSS: TryLoadSubsystemAndSetDefault: Loaded subsystem for module [NULL]
LogInit: Build: ++UE4+Release-4.25-CL-13594126
LogInit: Engine Version: 4.25.1-13594126+++UE4+Release-4.25
LogInit: Compatible Engine Version: 4.25.0-13144385+++UE4+Release-4.25
LogInit: Net CL: 13144385
LogInit: OS: Windows 10 (Release 1903) (), CPU: AMD Ryzen 7 3700X 8-Core Processor             , GPU: NVIDIA GeForce GTX 1660 Ti
LogInit: Compiled (64-bit): Jun  2 2020 02:10:36
LogInit: Compiled with Visual C++: 19.24.28315.00
LogInit: Build Configuration: Development
LogInit: Branch Name: ++UE4+Release-4.25
LogInit: Command Line:  -skipcompile
LogInit: Base Directory: F:/UE_4.25/Engine/Binaries/Win64/
LogInit: Allocator: TBB
LogInit: Installed Engine Build: 1
LogDevObjectVersion: Number of dev versions registered: 26
LogDevObjectVersion:   Dev-Blueprints (B0D832E4-1F89-4F0D-ACCF-7EB736FD4AA2): 10
LogDevObjectVersion:   Dev-Build (E1C64328-A22C-4D53-A36C-8E866417BD8C): 0
LogDevObjectVersion:   Dev-Core (375EC13C-06E4-48FB-B500-84F0262A717E): 4
LogDevObjectVersion:   Dev-Editor (E4B068ED-F494-42E9-A231-DA0B2E46BB41): 38
LogDevObjectVersion:   Dev-Framework (CFFC743F-43B0-4480-9391-14DF171D2073): 37
LogDevObjectVersion:   Dev-Mobile (B02B49B5-BB20-44E9-A304-32B752E40360): 2
LogDevObjectVersion:   Dev-Networking (A4E4105C-59A1-49B5-A7C5-40C4547EDFEE): 0
LogDevObjectVersion:   Dev-Online (39C831C9-5AE6-47DC-9A44-9C173E1C8E7C): 0
LogDevObjectVersion:   Dev-Physics (78F01B33-EBEA-4F98-B9B4-84EACCB95AA2): 4
LogDevObjectVersion:   Dev-Platform (6631380F-2D4D-43E0-8009-CF276956A95A): 0
LogDevObjectVersion:   Dev-Rendering (12F88B9F-8875-4AFC-A67C-D90C383ABD29): 43
LogDevObjectVersion:   Dev-Sequencer (7B5AE74C-D270-4C10-A958-57980B212A5A): 12
LogDevObjectVersion:   Dev-VR (D7296918-1DD6-4BDD-9DE2-64A83CC13884): 3
LogDevObjectVersion:   Dev-LoadTimes (C2A15278-BFE7-4AFE-6C17-90FF531DF755): 1
LogDevObjectVersion:   Private-Geometry (6EACA3D4-40EC-4CC1-B786-8BED09428FC5): 3
LogDevObjectVersion:   Dev-AnimPhys (29E575DD-E0A3-4627-9D10-D276232CDCEA): 17
LogDevObjectVersion:   Dev-Anim (AF43A65D-7FD3-4947-9873-3E8ED9C1BB05): 7
LogDevObjectVersion:   Dev-ReflectionCapture (6B266CEC-1EC7-4B8F-A30B-E4D90942FC07): 1
LogDevObjectVersion:   Dev-Automation (0DF73D61-A23F-47EA-B727-89E90C41499A): 1
LogDevObjectVersion:   FortniteMain (601D1886-AC64-4F84-AA16-D3DE0DEAC7D6): 31
LogDevObjectVersion:   Dev-Enterprise (9DFFBCD6-494F-0158-E221-12823C92A888): 10
LogDevObjectVersion:   Dev-Niagara (F2AED0AC-9AFE-416F-8664-AA7FFA26D6FC): 1
LogDevObjectVersion:   Dev-Destruction (174F1F0B-B4C6-45A5-B13F-2EE8D0FB917D): 10
LogDevObjectVersion:   Dev-Physics-Ext (35F94A83-E258-406C-A318-09F59610247C): 37
LogDevObjectVersion:   Dev-PhysicsMaterial-Chaos (B68FC16E-8B1B-42E2-B453-215C058844FE): 1
LogDevObjectVersion:   Dev-CineCamera (B2E18506-4273-CFC2-A54E-F4BB758BBA07): 1
LogInit: Presizing for max 25165824 objects, including 0 objects not considered by GC, pre-allocating 0 bytes for permanent pool.
LogConfig: Applying CVar settings from Section [/Script/Engine.StreamingSettings] File [F:/TC-RFAS/TCRFAS/Saved/Config/Windows/Engine.ini]
LogConfig: Setting CVar [[s.MinBulkDataSizeForAsyncLoading:131072]]
LogConfig: Setting CVar [[s.AsyncLoadingThreadEnabled:0]]
LogConfig: Setting CVar [[s.EventDrivenLoaderEnabled:1]]
LogConfig: Setting CVar [[s.WarnIfTimeLimitExceeded:0]]
LogConfig: Setting CVar [[s.TimeLimitExceededMultiplier:1.5]]
LogConfig: Setting CVar [[s.TimeLimitExceededMinTime:0.005]]
LogConfig: Setting CVar [[s.UseBackgroundLevelStreaming:1]]
LogConfig: Setting CVar [[s.PriorityAsyncLoadingExtraTime:15.0]]
LogConfig: Setting CVar [[s.LevelStreamingActorsUpdateTimeLimit:5.0]]
LogConfig: Setting CVar [[s.PriorityLevelStreamingActorsUpdateExtraTime:5.0]]
LogConfig: Setting CVar [[s.LevelStreamingComponentsRegistrationGranularity:10]]
LogConfig: Setting CVar [[s.UnregisterComponentsTimeLimit:1.0]]
LogConfig: Setting CVar [[s.LevelStreamingComponentsUnregistrationGranularity:5]]
LogConfig: Setting CVar [[s.FlushStreamingOnExit:1]]
LogInit: Object subsystem initialized
LogConfig: Setting CVar [[con.DebugEarlyDefault:1]]
LogConfig: Setting CVar [[r.setres:1280x720]]
[2020.08.23-00.47.05:138][  0]LogConfig: Setting CVar [[r.VSync:0]]
[2020.08.23-00.47.05:138][  0]LogConfig: Setting CVar [[r.RHICmdBypass:0]]
[2020.08.23-00.47.05:138][  0]LogConfig: Applying CVar settings from Section [/Script/Engine.RendererSettings] File [F:/TC-RFAS/TCRFAS/Saved/Config/Windows/Engine.ini]
[2020.08.23-00.47.05:138][  0]LogConfig: Setting CVar [[r.GPUCrashDebugging:0]]
[2020.08.23-00.47.05:138][  0]LogConfig: Applying CVar settings from Section [/Script/Engine.RendererOverrideSettings] File [F:/TC-RFAS/TCRFAS/Saved/Config/Windows/Engine.ini]
[2020.08.23-00.47.05:138][  0]LogConfig: Applying CVar settings from Section [/Script/Engine.StreamingSettings] File [F:/TC-RFAS/TCRFAS/Saved/Config/Windows/Engine.ini]
[2020.08.23-00.47.05:138][  0]LogConfig: Setting CVar [[s.MinBulkDataSizeForAsyncLoading:131072]]
[2020.08.23-00.47.05:138][  0]LogConfig: Setting CVar [[s.AsyncLoadingThreadEnabled:0]]
[2020.08.23-00.47.05:138][  0]LogConfig: Setting CVar [[s.EventDrivenLoaderEnabled:1]]
[2020.08.23-00.47.05:138][  0]LogConfig: Setting CVar [[s.WarnIfTimeLimitExceeded:0]]
[2020.08.23-00.47.05:138][  0]LogConfig: Setting CVar [[s.TimeLimitExceededMultiplier:1.5]]
[2020.08.23-00.47.05:138][  0]LogConfig: Setting CVar [[s.TimeLimitExceededMinTime:0.005]]
[2020.08.23-00.47.05:139][  0]LogConfig: Setting CVar [[s.UseBackgroundLevelStreaming:1]]
[2020.08.23-00.47.05:139][  0]LogConfig: Setting CVar [[s.PriorityAsyncLoadingExtraTime:15.0]]
[2020.08.23-00.47.05:139][  0]LogConfig: Setting CVar [[s.LevelStreamingActorsUpdateTimeLimit:5.0]]
[2020.08.23-00.47.05:139][  0]LogConfig: Setting CVar [[s.PriorityLevelStreamingActorsUpdateExtraTime:5.0]]
[2020.08.23-00.47.05:139][  0]LogConfig: Setting CVar [[s.LevelStreamingComponentsRegistrationGranularity:10]]
[2020.08.23-00.47.05:139][  0]LogConfig: Setting CVar [[s.UnregisterComponentsTimeLimit:1.0]]
[2020.08.23-00.47.05:139][  0]LogConfig: Setting CVar [[s.LevelStreamingComponentsUnregistrationGranularity:5]]
[2020.08.23-00.47.05:139][  0]LogConfig: Setting CVar [[s.FlushStreamingOnExit:1]]
[2020.08.23-00.47.05:139][  0]LogConfig: Applying CVar settings from Section [/Script/Engine.GarbageCollectionSettings] File [F:/TC-RFAS/TCRFAS/Saved/Config/Windows/Engine.ini]
[2020.08.23-00.47.05:139][  0]LogConfig: Setting CVar [[gc.MaxObjectsNotConsideredByGC:1]]
[2020.08.23-00.47.05:139][  0]LogConfig: Setting CVar [[gc.SizeOfPermanentObjectPool:0]]
[2020.08.23-00.47.05:139][  0]LogConfig: Setting CVar [[gc.FlushStreamingOnGC:0]]
[2020.08.23-00.47.05:139][  0]LogConfig: Setting CVar [[gc.NumRetriesBeforeForcingGC:10]]
[2020.08.23-00.47.05:139][  0]LogConfig: Setting CVar [[gc.AllowParallelGC:1]]
[2020.08.23-00.47.05:139][  0]LogConfig: Setting CVar [[gc.TimeBetweenPurgingPendingKillObjects:61.1]]
[2020.08.23-00.47.05:139][  0]LogConfig: Setting CVar [[gc.MaxObjectsInEditor:25165824]]
[2020.08.23-00.47.05:139][  0]LogConfig: Setting CVar [[gc.IncrementalBeginDestroyEnabled:1]]
[2020.08.23-00.47.05:139][  0]LogConfig: Setting CVar [[gc.CreateGCClusters:1]]
[2020.08.23-00.47.05:139][  0]LogConfig: Setting CVar [[gc.MinGCClusterSize:5]]
[2020.08.23-00.47.05:140][  0]LogConfig: Setting CVar [[gc.ActorClusteringEnabled:0]]
[2020.08.23-00.47.05:140][  0]LogConfig: Setting CVar [[gc.BlueprintClusteringEnabled:0]]
[2020.08.23-00.47.05:140][  0]LogConfig: Setting CVar [[gc.UseDisregardForGCOnDedicatedServers:0]]
[2020.08.23-00.47.05:140][  0]LogConfig: Applying CVar settings from Section [/Script/Engine.NetworkSettings] File [F:/TC-RFAS/TCRFAS/Saved/Config/Windows/Engine.ini]
[2020.08.23-00.47.05:140][  0]LogConfig: Applying CVar settings from Section [/Script/UnrealEd.CookerSettings] File [F:/TC-RFAS/TCRFAS/Saved/Config/Windows/Engine.ini]
[2020.08.23-00.47.05:149][  0]LogConfig: Applying CVar settings from Section [ViewDistanceQuality@3] File [F:/TC-RFAS/TCRFAS/Saved/Config/Windows/Scalability.ini]
[2020.08.23-00.47.05:149][  0]LogConfig: Setting CVar [[r.SkeletalMeshLODBias:0]]
[2020.08.23-00.47.05:149][  0]LogConfig: Setting CVar [[r.ViewDistanceScale:1.0]]
[2020.08.23-00.47.05:149][  0]LogConfig: Applying CVar settings from Section [AntiAliasingQuality@3] File [F:/TC-RFAS/TCRFAS/Saved/Config/Windows/Scalability.ini]
[2020.08.23-00.47.05:149][  0]LogConfig: Setting CVar [[r.PostProcessAAQuality:4]]
[2020.08.23-00.47.05:149][  0]LogConfig: Applying CVar settings from Section [ShadowQuality@3] File [F:/TC-RFAS/TCRFAS/Saved/Config/Windows/Scalability.ini]
[2020.08.23-00.47.05:149][  0]LogConfig: Setting CVar [[r.LightFunctionQuality:1]]
[2020.08.23-00.47.05:149][  0]LogConfig: Setting CVar [[r.ShadowQuality:5]]
[2020.08.23-00.47.05:150][  0]LogConfig: Setting CVar [[r.Shadow.CSM.MaxCascades:10]]
[2020.08.23-00.47.05:150][  0]LogConfig: Setting CVar [[r.Shadow.MaxResolution:2048]]
[2020.08.23-00.47.05:150][  0]LogConfig: Setting CVar [[r.Shadow.MaxCSMResolution:2048]]
[2020.08.23-00.47.05:150][  0]LogConfig: Setting CVar [[r.Shadow.RadiusThreshold:0.01]]
[2020.08.23-00.47.05:150][  0]LogConfig: Setting CVar [[r.Shadow.DistanceScale:1.0]]
[2020.08.23-00.47.05:150][  0]LogConfig: Setting CVar [[r.Shadow.CSM.TransitionScale:1.0]]
[2020.08.23-00.47.05:150][  0]LogConfig: Setting CVar [[r.Shadow.PreShadowResolutionFactor:1.0]]
[2020.08.23-00.47.05:150][  0]LogConfig: Setting CVar [[r.DistanceFieldShadowing:1]]
[2020.08.23-00.47.05:150][  0]LogConfig: Setting CVar [[r.DistanceFieldAO:1]]
[2020.08.23-00.47.05:150][  0]LogConfig: Setting CVar [[r.AOQuality:2]]
[2020.08.23-00.47.05:150][  0]LogConfig: Setting CVar [[r.VolumetricFog:1]]
[2020.08.23-00.47.05:150][  0]LogConfig: Setting CVar [[r.VolumetricFog.GridPixelSize:8]]
[2020.08.23-00.47.05:150][  0]LogConfig: Setting CVar [[r.VolumetricFog.GridSizeZ:128]]
[2020.08.23-00.47.05:150][  0]LogConfig: Setting CVar [[r.VolumetricFog.HistoryMissSupersampleCount:4]]
[2020.08.23-00.47.05:150][  0]LogConfig: Setting CVar [[r.LightMaxDrawDistanceScale:1]]
[2020.08.23-00.47.05:150][  0]LogConfig: Setting CVar [[r.CapsuleShadows:1]]
[2020.08.23-00.47.05:150][  0]LogConfig: Applying CVar settings from Section [PostProcessQuality@3] File [F:/TC-RFAS/TCRFAS/Saved/Config/Windows/Scalability.ini]
[2020.08.23-00.47.05:150][  0]LogConfig: Setting CVar [[r.MotionBlurQuality:4]]
[2020.08.23-00.47.05:150][  0]LogConfig: Setting CVar [[r.AmbientOcclusionMipLevelFactor:0.4]]
[2020.08.23-00.47.05:151][  0]LogConfig: Setting CVar [[r.AmbientOcclusionMaxQuality:100]]
[2020.08.23-00.47.05:151][  0]LogConfig: Setting CVar [[r.AmbientOcclusionLevels:-1]]
[2020.08.23-00.47.05:151][  0]LogConfig: Setting CVar [[r.AmbientOcclusionRadiusScale:1.0]]
[2020.08.23-00.47.05:151][  0]LogConfig: Setting CVar [[r.DepthOfFieldQuality:2]]
[2020.08.23-00.47.05:151][  0]LogConfig: Setting CVar [[r.RenderTargetPoolMin:400]]
[2020.08.23-00.47.05:151][  0]LogConfig: Setting CVar [[r.LensFlareQuality:2]]
[2020.08.23-00.47.05:151][  0]LogConfig: Setting CVar [[r.SceneColorFringeQuality:1]]
[2020.08.23-00.47.05:151][  0]LogConfig: Setting CVar [[r.EyeAdaptationQuality:2]]
[2020.08.23-00.47.05:151][  0]LogConfig: Setting CVar [[r.BloomQuality:5]]
[2020.08.23-00.47.05:151][  0]LogConfig: Setting CVar [[r.FastBlurThreshold:100]]
[2020.08.23-00.47.05:151][  0]LogConfig: Setting CVar [[r.Upscale.Quality:3]]
[2020.08.23-00.47.05:151][  0]LogConfig: Setting CVar [[r.Tonemapper.GrainQuantization:1]]
[2020.08.23-00.47.05:151][  0]LogConfig: Setting CVar [[r.LightShaftQuality:1]]
[2020.08.23-00.47.05:151][  0]LogConfig: Setting CVar [[r.Filter.SizeScale:1]]
[2020.08.23-00.47.05:151][  0]LogConfig: Setting CVar [[r.Tonemapper.Quality:5]]
[2020.08.23-00.47.05:151][  0]LogConfig: Setting CVar [[r.DOF.Gather.AccumulatorQuality:1        ; higher gathering accumulator quality]]
[2020.08.23-00.47.05:151][  0]LogConfig: Setting CVar [[r.DOF.Gather.PostfilterMethod:1          ; Median3x3 postfilering method]]
[2020.08.23-00.47.05:152][  0]LogConfig: Setting CVar [[r.DOF.Gather.EnableBokehSettings:0       ; no bokeh simulation when gathering]]
[2020.08.23-00.47.05:152][  0]LogConfig: Setting CVar [[r.DOF.Gather.RingCount:4                 ; medium number of samples when gathering]]
[2020.08.23-00.47.05:152][  0]LogConfig: Setting CVar [[r.DOF.Scatter.ForegroundCompositing:1    ; additive foreground scattering]]
[2020.08.23-00.47.05:152][  0]LogConfig: Setting CVar [[r.DOF.Scatter.BackgroundCompositing:2    ; additive background scattering]]
[2020.08.23-00.47.05:152][  0]LogConfig: Setting CVar [[r.DOF.Scatter.EnableBokehSettings:1      ; bokeh simulation when scattering]]
[2020.08.23-00.47.05:152][  0]LogConfig: Setting CVar [[r.DOF.Scatter.MaxSpriteRatio:0.1         ; only a maximum of 10% of scattered bokeh]]
[2020.08.23-00.47.05:152][  0]LogConfig: Setting CVar [[r.DOF.Recombine.Quality:1                ; cheap slight out of focus]]
[2020.08.23-00.47.05:152][  0]LogConfig: Setting CVar [[r.DOF.Recombine.EnableBokehSettings:0    ; no bokeh simulation on slight out of focus]]
[2020.08.23-00.47.05:152][  0]LogConfig: Setting CVar [[r.DOF.TemporalAAQuality:1                ; more stable temporal accumulation]]
[2020.08.23-00.47.05:152][  0]LogConfig: Setting CVar [[r.DOF.Kernel.MaxForegroundRadius:0.025]]
[2020.08.23-00.47.05:152][  0]LogConfig: Setting CVar [[r.DOF.Kernel.MaxBackgroundRadius:0.025]]
[2020.08.23-00.47.05:152][  0]LogConfig: Applying CVar settings from Section [TextureQuality@3] File [F:/TC-RFAS/TCRFAS/Saved/Config/Windows/Scalability.ini]
[2020.08.23-00.47.05:152][  0]LogConfig: Setting CVar [[r.Streaming.MipBias:0]]
[2020.08.23-00.47.05:152][  0]LogConfig: Setting CVar [[r.Streaming.AmortizeCPUToGPUCopy:0]]
[2020.08.23-00.47.05:152][  0]LogConfig: Setting CVar [[r.Streaming.MaxNumTexturesToStreamPerFrame:0]]
[2020.08.23-00.47.05:152][  0]LogConfig: Setting CVar [[r.Streaming.Boost:1]]
[2020.08.23-00.47.05:152][  0]LogConfig: Setting CVar [[r.MaxAnisotropy:8]]
[2020.08.23-00.47.05:152][  0]LogConfig: Setting CVar [[r.VT.MaxAnisotropy:8]]
[2020.08.23-00.47.05:152][  0]LogConfig: Setting CVar [[r.Streaming.LimitPoolSizeToVRAM:0]]
[2020.08.23-00.47.05:153][  0]LogConfig: Setting CVar [[r.Streaming.PoolSize:1000]]
[2020.08.23-00.47.05:153][  0]LogConfig: Setting CVar [[r.Streaming.MaxEffectiveScreenSize:0]]
[2020.08.23-00.47.05:153][  0]LogConfig: Applying CVar settings from Section [EffectsQuality@3] File [F:/TC-RFAS/TCRFAS/Saved/Config/Windows/Scalability.ini]
[2020.08.23-00.47.05:153][  0]LogConfig: Setting CVar [[r.TranslucencyLightingVolumeDim:64]]
[2020.08.23-00.47.05:153][  0]LogConfig: Setting CVar [[r.RefractionQuality:2]]
[2020.08.23-00.47.05:153][  0]LogConfig: Setting CVar [[r.SSR.Quality:3]]
[2020.08.23-00.47.05:153][  0]LogConfig: Setting CVar [[r.SSR.HalfResSceneColor:0]]
[2020.08.23-00.47.05:153][  0]LogConfig: Setting CVar [[r.SceneColorFormat:4]]
[2020.08.23-00.47.05:153][  0]LogConfig: Setting CVar [[r.DetailMode:2]]
[2020.08.23-00.47.05:153][  0]LogConfig: Setting CVar [[r.TranslucencyVolumeBlur:1]]
[2020.08.23-00.47.05:153][  0]LogConfig: Setting CVar [[r.MaterialQualityLevel:1 ; High quality]]
[2020.08.23-00.47.05:153][  0]LogConfig: Setting CVar [[r.SSS.Scale:1]]
[2020.08.23-00.47.05:153][  0]LogConfig: Setting CVar [[r.SSS.SampleSet:2]]
[2020.08.23-00.47.05:153][  0]LogConfig: Setting CVar [[r.SSS.Quality:1]]
[2020.08.23-00.47.05:153][  0]LogConfig: Setting CVar [[r.SSS.HalfRes:0]]
[2020.08.23-00.47.05:153][  0]LogConfig: Setting CVar [[r.SSGI.Quality:3]]
[2020.08.23-00.47.05:153][  0]LogConfig: Setting CVar [[r.EmitterSpawnRateScale:1.0]]
[2020.08.23-00.47.05:153][  0]LogConfig: Setting CVar [[r.ParticleLightQuality:2]]
[2020.08.23-00.47.05:154][  0]LogConfig: Setting CVar [[r.SkyAtmosphere.AerialPerspectiveLUT.FastApplyOnOpaque:1 ; Always have FastSkyLUT 1 in this case to avoid wrong sky]]
[2020.08.23-00.47.05:154][  0]LogConfig: Setting CVar [[r.SkyAtmosphere.AerialPerspectiveLUT.SampleCountPerSlice:1]]
[2020.08.23-00.47.05:154][  0]LogConfig: Setting CVar [[r.SkyAtmosphere.AerialPerspectiveLUT.DepthResolution:16.0]]
[2020.08.23-00.47.05:154][  0]LogConfig: Setting CVar [[r.SkyAtmosphere.FastSkyLUT:1]]
[2020.08.23-00.47.05:154][  0]LogConfig: Setting CVar [[r.SkyAtmosphere.FastSkyLUT.SampleCountMin:4.0]]
[2020.08.23-00.47.05:154][  0]LogConfig: Setting CVar [[r.SkyAtmosphere.FastSkyLUT.SampleCountMax:32.0]]
[2020.08.23-00.47.05:154][  0]LogConfig: Setting CVar [[r.SkyAtmosphere.SampleCountMin:4.0]]
[2020.08.23-00.47.05:154][  0]LogConfig: Setting CVar [[r.SkyAtmosphere.SampleCountMax:32.0]]
[2020.08.23-00.47.05:154][  0]LogConfig: Setting CVar [[r.SkyAtmosphere.TransmittanceLUT.UseSmallFormat:0]]
[2020.08.23-00.47.05:154][  0]LogConfig: Setting CVar [[r.SkyAtmosphere.TransmittanceLUT.SampleCount:10.0]]
[2020.08.23-00.47.05:154][  0]LogConfig: Setting CVar [[r.SkyAtmosphere.MultiScatteringLUT.SampleCount:15.0]]
[2020.08.23-00.47.05:154][  0]LogConfig: Applying CVar settings from Section [FoliageQuality@3] File [F:/TC-RFAS/TCRFAS/Saved/Config/Windows/Scalability.ini]
[2020.08.23-00.47.05:154][  0]LogConfig: Setting CVar [[foliage.DensityScale:1.0]]
[2020.08.23-00.47.05:154][  0]LogConfig: Setting CVar [[grass.DensityScale:1.0]]
[2020.08.23-00.47.05:154][  0]LogConfig: Applying CVar settings from Section [ShadingQuality@3] File [F:/TC-RFAS/TCRFAS/Saved/Config/Windows/Scalability.ini]
[2020.08.23-00.47.05:154][  0]LogConfig: Setting CVar [[r.HairStrands.SkyLighting.SampleCount:16]]
[2020.08.23-00.47.05:154][  0]LogConfig: Setting CVar [[r.HairStrands.SkyLighting.JitterIntegration:0]]
[2020.08.23-00.47.05:155][  0]LogConfig: Setting CVar [[r.HairStrands.SkyAO.SampleCount:16]]
[2020.08.23-00.47.05:155][  0]LogConfig: Setting CVar [[r.HairStrands.DeepShadow.SuperSampling:0]]
[2020.08.23-00.47.05:155][  0]LogConfig: Setting CVar [[r.HairStrands.VisibilityPPLL:0]]
[2020.08.23-00.47.05:155][  0]LogConfig: Setting CVar [[r.HairStrands.RasterizationScale:0.5]]
[2020.08.23-00.47.05:155][  0]LogConfig: Setting CVar [[r.HairStrands.VelocityRasterizationScale:1]]
[2020.08.23-00.47.05:155][  0]LogInit: Selected Device Profile: [Windows]
[2020.08.23-00.47.05:155][  0]LogInit: Applying CVar settings loaded from the selected device profile: [Windows]
[2020.08.23-00.47.05:155][  0]LogHAL: Display: Platform has ~ 32 GB [34306547712 / 34359738368 / 32], which maps to Largest [LargestMinGB=32, LargerMinGB=12, DefaultMinGB=8, SmallerMinGB=6, SmallestMinGB=0)
[2020.08.23-00.47.05:155][  0]LogInit: Going up to parent DeviceProfile []
[2020.08.23-00.47.05:155][  0]LogConfig: Applying CVar settings from Section [ViewDistanceQuality@3] File [F:/TC-RFAS/TCRFAS/Saved/Config/Windows/Scalability.ini]
[2020.08.23-00.47.05:155][  0]LogConfig: Setting CVar [[r.SkeletalMeshLODBias:0]]
[2020.08.23-00.47.05:155][  0]LogConfig: Setting CVar [[r.ViewDistanceScale:1.0]]
[2020.08.23-00.47.05:155][  0]LogConfig: Applying CVar settings from Section [AntiAliasingQuality@3] File [F:/TC-RFAS/TCRFAS/Saved/Config/Windows/Scalability.ini]
[2020.08.23-00.47.05:155][  0]LogConfig: Setting CVar [[r.PostProcessAAQuality:4]]
[2020.08.23-00.47.05:155][  0]LogConfig: Applying CVar settings from Section [ShadowQuality@3] File [F:/TC-RFAS/TCRFAS/Saved/Config/Windows/Scalability.ini]
[2020.08.23-00.47.05:155][  0]LogConfig: Setting CVar [[r.LightFunctionQuality:1]]
[2020.08.23-00.47.05:155][  0]LogConfig: Setting CVar [[r.ShadowQuality:5]]
[2020.08.23-00.47.05:155][  0]LogConfig: Setting CVar [[r.Shadow.CSM.MaxCascades:10]]
[2020.08.23-00.47.05:155][  0]LogConfig: Setting CVar [[r.Shadow.MaxResolution:2048]]
[2020.08.23-00.47.05:156][  0]LogConfig: Setting CVar [[r.Shadow.MaxCSMResolution:2048]]
[2020.08.23-00.47.05:156][  0]LogConfig: Setting CVar [[r.Shadow.RadiusThreshold:0.01]]
[2020.08.23-00.47.05:156][  0]LogConfig: Setting CVar [[r.Shadow.DistanceScale:1.0]]
[2020.08.23-00.47.05:156][  0]LogConfig: Setting CVar [[r.Shadow.CSM.TransitionScale:1.0]]
[2020.08.23-00.47.05:156][  0]LogConfig: Setting CVar [[r.Shadow.PreShadowResolutionFactor:1.0]]
[2020.08.23-00.47.05:156][  0]LogConfig: Setting CVar [[r.DistanceFieldShadowing:1]]
[2020.08.23-00.47.05:156][  0]LogConfig: Setting CVar [[r.DistanceFieldAO:1]]
[2020.08.23-00.47.05:156][  0]LogConfig: Setting CVar [[r.AOQuality:2]]
[2020.08.23-00.47.05:156][  0]LogConfig: Setting CVar [[r.VolumetricFog:1]]
[2020.08.23-00.47.05:156][  0]LogConfig: Setting CVar [[r.VolumetricFog.GridPixelSize:8]]
[2020.08.23-00.47.05:156][  0]LogConfig: Setting CVar [[r.VolumetricFog.GridSizeZ:128]]
[2020.08.23-00.47.05:156][  0]LogConfig: Setting CVar [[r.VolumetricFog.HistoryMissSupersampleCount:4]]
[2020.08.23-00.47.05:156][  0]LogConfig: Setting CVar [[r.LightMaxDrawDistanceScale:1]]
[2020.08.23-00.47.05:156][  0]LogConfig: Setting CVar [[r.CapsuleShadows:1]]
[2020.08.23-00.47.05:156][  0]LogConfig: Applying CVar settings from Section [PostProcessQuality@3] File [F:/TC-RFAS/TCRFAS/Saved/Config/Windows/Scalability.ini]
[2020.08.23-00.47.05:156][  0]LogConfig: Setting CVar [[r.MotionBlurQuality:4]]
[2020.08.23-00.47.05:156][  0]LogConfig: Setting CVar [[r.AmbientOcclusionMipLevelFactor:0.4]]
[2020.08.23-00.47.05:156][  0]LogConfig: Setting CVar [[r.AmbientOcclusionMaxQuality:100]]
[2020.08.23-00.47.05:156][  0]LogConfig: Setting CVar [[r.AmbientOcclusionLevels:-1]]
[2020.08.23-00.47.05:157][  0]LogConfig: Setting CVar [[r.AmbientOcclusionRadiusScale:1.0]]
[2020.08.23-00.47.05:157][  0]LogConfig: Setting CVar [[r.DepthOfFieldQuality:2]]
[2020.08.23-00.47.05:157][  0]LogConfig: Setting CVar [[r.RenderTargetPoolMin:400]]
[2020.08.23-00.47.05:157][  0]LogConfig: Setting CVar [[r.LensFlareQuality:2]]
[2020.08.23-00.47.05:157][  0]LogConfig: Setting CVar [[r.SceneColorFringeQuality:1]]
[2020.08.23-00.47.05:157][  0]LogConfig: Setting CVar [[r.EyeAdaptationQuality:2]]
[2020.08.23-00.47.05:157][  0]LogConfig: Setting CVar [[r.BloomQuality:5]]
[2020.08.23-00.47.05:157][  0]LogConfig: Setting CVar [[r.FastBlurThreshold:100]]
[2020.08.23-00.47.05:157][  0]LogConfig: Setting CVar [[r.Upscale.Quality:3]]
[2020.08.23-00.47.05:157][  0]LogConfig: Setting CVar [[r.Tonemapper.GrainQuantization:1]]
[2020.08.23-00.47.05:157][  0]LogConfig: Setting CVar [[r.LightShaftQuality:1]]
[2020.08.23-00.47.05:157][  0]LogConfig: Setting CVar [[r.Filter.SizeScale:1]]
[2020.08.23-00.47.05:157][  0]LogConfig: Setting CVar [[r.Tonemapper.Quality:5]]
[2020.08.23-00.47.05:157][  0]LogConfig: Setting CVar [[r.DOF.Gather.AccumulatorQuality:1        ; higher gathering accumulator quality]]
[2020.08.23-00.47.05:157][  0]LogConfig: Setting CVar [[r.DOF.Gather.PostfilterMethod:1          ; Median3x3 postfilering method]]
[2020.08.23-00.47.05:157][  0]LogConfig: Setting CVar [[r.DOF.Gather.EnableBokehSettings:0       ; no bokeh simulation when gathering]]
[2020.08.23-00.47.05:158][  0]LogConfig: Setting CVar [[r.DOF.Gather.RingCount:4                 ; medium number of samples when gathering]]
[2020.08.23-00.47.05:158][  0]LogConfig: Setting CVar [[r.DOF.Scatter.ForegroundCompositing:1    ; additive foreground scattering]]
[2020.08.23-00.47.05:158][  0]LogConfig: Setting CVar [[r.DOF.Scatter.BackgroundCompositing:2    ; additive background scattering]]
[2020.08.23-00.47.05:158][  0]LogConfig: Setting CVar [[r.DOF.Scatter.EnableBokehSettings:1      ; bokeh simulation when scattering]]
[2020.08.23-00.47.05:158][  0]LogConfig: Setting CVar [[r.DOF.Scatter.MaxSpriteRatio:0.1         ; only a maximum of 10% of scattered bokeh]]
[2020.08.23-00.47.05:158][  0]LogConfig: Setting CVar [[r.DOF.Recombine.Quality:1                ; cheap slight out of focus]]
[2020.08.23-00.47.05:158][  0]LogConfig: Setting CVar [[r.DOF.Recombine.EnableBokehSettings:0    ; no bokeh simulation on slight out of focus]]
[2020.08.23-00.47.05:158][  0]LogConfig: Setting CVar [[r.DOF.TemporalAAQuality:1                ; more stable temporal accumulation]]
[2020.08.23-00.47.05:158][  0]LogConfig: Setting CVar [[r.DOF.Kernel.MaxForegroundRadius:0.025]]
[2020.08.23-00.47.05:158][  0]LogConfig: Setting CVar [[r.DOF.Kernel.MaxBackgroundRadius:0.025]]
[2020.08.23-00.47.05:158][  0]LogConfig: Applying CVar settings from Section [TextureQuality@3] File [F:/TC-RFAS/TCRFAS/Saved/Config/Windows/Scalability.ini]
[2020.08.23-00.47.05:158][  0]LogConfig: Setting CVar [[r.Streaming.MipBias:0]]
[2020.08.23-00.47.05:158][  0]LogConfig: Setting CVar [[r.Streaming.AmortizeCPUToGPUCopy:0]]
[2020.08.23-00.47.05:158][  0]LogConfig: Setting CVar [[r.Streaming.MaxNumTexturesToStreamPerFrame:0]]
[2020.08.23-00.47.05:158][  0]LogConfig: Setting CVar [[r.Streaming.Boost:1]]
[2020.08.23-00.47.05:158][  0]LogConfig: Setting CVar [[r.MaxAnisotropy:8]]
[2020.08.23-00.47.05:158][  0]LogConfig: Setting CVar [[r.VT.MaxAnisotropy:8]]
[2020.08.23-00.47.05:158][  0]LogConfig: Setting CVar [[r.Streaming.LimitPoolSizeToVRAM:0]]
[2020.08.23-00.47.05:159][  0]LogConfig: Setting CVar [[r.Streaming.PoolSize:1000]]
[2020.08.23-00.47.05:159][  0]LogConfig: Setting CVar [[r.Streaming.MaxEffectiveScreenSize:0]]
[2020.08.23-00.47.05:159][  0]LogConfig: Applying CVar settings from Section [EffectsQuality@3] File [F:/TC-RFAS/TCRFAS/Saved/Config/Windows/Scalability.ini]
[2020.08.23-00.47.05:159][  0]LogConfig: Setting CVar [[r.TranslucencyLightingVolumeDim:64]]
[2020.08.23-00.47.05:159][  0]LogConfig: Setting CVar [[r.RefractionQuality:2]]
[2020.08.23-00.47.05:159][  0]LogConfig: Setting CVar [[r.SSR.Quality:3]]
[2020.08.23-00.47.05:159][  0]LogConfig: Setting CVar [[r.SSR.HalfResSceneColor:0]]
[2020.08.23-00.47.05:159][  0]LogConfig: Setting CVar [[r.SceneColorFormat:4]]
[2020.08.23-00.47.05:159][  0]LogConfig: Setting CVar [[r.DetailMode:2]]
[2020.08.23-00.47.05:159][  0]LogConfig: Setting CVar [[r.TranslucencyVolumeBlur:1]]
[2020.08.23-00.47.05:159][  0]LogConfig: Setting CVar [[r.MaterialQualityLevel:1 ; High quality]]
[2020.08.23-00.47.05:159][  0]LogConfig: Setting CVar [[r.SSS.Scale:1]]
[2020.08.23-00.47.05:159][  0]LogConfig: Setting CVar [[r.SSS.SampleSet:2]]
[2020.08.23-00.47.05:159][  0]LogConfig: Setting CVar [[r.SSS.Quality:1]]
[2020.08.23-00.47.05:159][  0]LogConfig: Setting CVar [[r.SSS.HalfRes:0]]
[2020.08.23-00.47.05:159][  0]LogConfig: Setting CVar [[r.SSGI.Quality:3]]
[2020.08.23-00.47.05:159][  0]LogConfig: Setting CVar [[r.EmitterSpawnRateScale:1.0]]
[2020.08.23-00.47.05:159][  0]LogConfig: Setting CVar [[r.ParticleLightQuality:2]]
[2020.08.23-00.47.05:159][  0]LogConfig: Setting CVar [[r.SkyAtmosphere.AerialPerspectiveLUT.FastApplyOnOpaque:1 ; Always have FastSkyLUT 1 in this case to avoid wrong sky]]
[2020.08.23-00.47.05:160][  0]LogConfig: Setting CVar [[r.SkyAtmosphere.AerialPerspectiveLUT.SampleCountPerSlice:1]]
[2020.08.23-00.47.05:160][  0]LogConfig: Setting CVar [[r.SkyAtmosphere.AerialPerspectiveLUT.DepthResolution:16.0]]
[2020.08.23-00.47.05:160][  0]LogConfig: Setting CVar [[r.SkyAtmosphere.FastSkyLUT:1]]
[2020.08.23-00.47.05:160][  0]LogConfig: Setting CVar [[r.SkyAtmosphere.FastSkyLUT.SampleCountMin:4.0]]
[2020.08.23-00.47.05:160][  0]LogConfig: Setting CVar [[r.SkyAtmosphere.FastSkyLUT.SampleCountMax:32.0]]
[2020.08.23-00.47.05:160][  0]LogConfig: Setting CVar [[r.SkyAtmosphere.SampleCountMin:4.0]]
[2020.08.23-00.47.05:160][  0]LogConfig: Setting CVar [[r.SkyAtmosphere.SampleCountMax:32.0]]
[2020.08.23-00.47.05:160][  0]LogConfig: Setting CVar [[r.SkyAtmosphere.TransmittanceLUT.UseSmallFormat:0]]
[2020.08.23-00.47.05:160][  0]LogConfig: Setting CVar [[r.SkyAtmosphere.TransmittanceLUT.SampleCount:10.0]]
[2020.08.23-00.47.05:160][  0]LogConfig: Setting CVar [[r.SkyAtmosphere.MultiScatteringLUT.SampleCount:15.0]]
[2020.08.23-00.47.05:160][  0]LogConfig: Applying CVar settings from Section [FoliageQuality@3] File [F:/TC-RFAS/TCRFAS/Saved/Config/Windows/Scalability.ini]
[2020.08.23-00.47.05:160][  0]LogConfig: Setting CVar [[foliage.DensityScale:1.0]]
[2020.08.23-00.47.05:160][  0]LogConfig: Setting CVar [[grass.DensityScale:1.0]]
[2020.08.23-00.47.05:160][  0]LogConfig: Applying CVar settings from Section [ShadingQuality@3] File [F:/TC-RFAS/TCRFAS/Saved/Config/Windows/Scalability.ini]
[2020.08.23-00.47.05:160][  0]LogConfig: Setting CVar [[r.HairStrands.SkyLighting.SampleCount:16]]
[2020.08.23-00.47.05:160][  0]LogConfig: Setting CVar [[r.HairStrands.SkyLighting.JitterIntegration:0]]
[2020.08.23-00.47.05:160][  0]LogConfig: Setting CVar [[r.HairStrands.SkyAO.SampleCount:16]]
[2020.08.23-00.47.05:160][  0]LogConfig: Setting CVar [[r.HairStrands.DeepShadow.SuperSampling:0]]
[2020.08.23-00.47.05:160][  0]LogConfig: Setting CVar [[r.HairStrands.VisibilityPPLL:0]]
[2020.08.23-00.47.05:160][  0]LogConfig: Setting CVar [[r.HairStrands.RasterizationScale:0.5]]
[2020.08.23-00.47.05:161][  0]LogConfig: Setting CVar [[r.HairStrands.VelocityRasterizationScale:1]]
[2020.08.23-00.47.05:161][  0]LogConfig: Applying CVar settings from Section [Startup] File [../../../Engine/Config/ConsoleVariables.ini]
[2020.08.23-00.47.05:161][  0]LogConfig: Setting CVar [[net.UseAdaptiveNetUpdateFrequency:0]]
[2020.08.23-00.47.05:161][  0]LogConfig: Setting CVar [[p.chaos.AllowCreatePhysxBodies:1]]
[2020.08.23-00.47.05:161][  0]LogConfig: Setting CVar [[fx.SkipVectorVMBackendOptimizations:1]]
[2020.08.23-00.47.05:161][  0]LogConfig: Applying CVar settings from Section [ConsoleVariables] File [F:/TC-RFAS/TCRFAS/Saved/Config/Windows/Engine.ini]
[2020.08.23-00.47.05:161][  0]LogInit: Computer: DESKTOP-4CJ4ISN
[2020.08.23-00.47.05:161][  0]LogInit: User: kylej
[2020.08.23-00.47.05:161][  0]LogInit: CPU Page size=4096, Cores=8
[2020.08.23-00.47.05:161][  0]LogInit: High frequency timer resolution =10.000000 MHz
[2020.08.23-00.47.05:162][  0]LogMemory: Memory total: Physical=32.0GB (32GB approx)
[2020.08.23-00.47.05:162][  0]LogMemory: Platform Memory Stats for Windows
[2020.08.23-00.47.05:162][  0]LogMemory: Process Physical Memory: 121.81 MB used, 121.82 MB peak
[2020.08.23-00.47.05:162][  0]LogMemory: Process Virtual Memory: 107.64 MB used, 107.64 MB peak
[2020.08.23-00.47.05:162][  0]LogMemory: Physical Memory: 14412.59 MB used,  18304.68 MB free, 32717.27 MB total
[2020.08.23-00.47.05:162][  0]LogMemory: Virtual Memory: 5193.18 MB used,  134212536.00 MB free, 134217728.00 MB total
[2020.08.23-00.47.05:171][  0]LogWindows: WindowsPlatformFeatures enabled
[2020.08.23-00.47.05:597][  0]LogInit: Physics initialised using underlying interface: PhysX
[2020.08.23-00.47.05:598][  0]LogInit: Using OS detected language (en-US).
[2020.08.23-00.47.05:598][  0]LogInit: Using OS detected locale (en-US).
[2020.08.23-00.47.05:600][  0]LogTextLocalizationManager: No specific localization for 'en-US' exists, so the 'en' localization will be used.
[2020.08.23-00.47.05:738][  0]LogInit: Setting process to per monitor DPI aware
[2020.08.23-00.47.05:793][  0]LogSlate: New Slate User Created.  User Index 0, Is Virtual User: 0
[2020.08.23-00.47.05:793][  0]LogSlate: Slate User Registered.  User Index 0, Is Virtual User: 0
[2020.08.23-00.47.05:895][  0]LogHMD: Failed to initialize OpenVR with code 110
[2020.08.23-00.47.05:895][  0]LogD3D11RHI: D3D11 min allowed feature level: 11_0
[2020.08.23-00.47.05:895][  0]LogD3D11RHI: D3D11 max allowed feature level: 11_0
[2020.08.23-00.47.05:895][  0]LogD3D11RHI: D3D11 adapters:
[2020.08.23-00.47.06:287][  0]LogD3D11RHI:    0. 'NVIDIA GeForce GTX 1660 Ti' (Feature Level 11_0)
[2020.08.23-00.47.06:287][  0]LogD3D11RHI:       5991/0/16358 MB DedicatedVideo/DedicatedSystem/SharedSystem, Outputs:2, VendorId:0x10de
[2020.08.23-00.47.06:293][  0]LogD3D11RHI:    1. 'Microsoft Basic Render Driver' (Feature Level 11_0)
[2020.08.23-00.47.06:293][  0]LogD3D11RHI:       0/0/16358 MB DedicatedVideo/DedicatedSystem/SharedSystem, Outputs:0, VendorId:0x1414
[2020.08.23-00.47.06:293][  0]LogD3D11RHI: Chosen D3D11 Adapter: 0
[2020.08.23-00.47.06:302][  0]LogD3D11RHI: Creating new Direct3DDevice
[2020.08.23-00.47.06:303][  0]LogD3D11RHI:     GPU DeviceId: 0x2182 (for the marketing name, search the web for "GPU Device Id")
[2020.08.23-00.47.06:303][  0]LogWindows: EnumDisplayDevices:
[2020.08.23-00.47.06:303][  0]LogWindows:    0. 'NVIDIA GeForce GTX 1660 Ti' (P:0 D:1)
[2020.08.23-00.47.06:303][  0]LogWindows:    1. 'NVIDIA GeForce GTX 1660 Ti' (P:1 D:1)
[2020.08.23-00.47.06:304][  0]LogWindows:    2. 'NVIDIA GeForce GTX 1660 Ti' (P:0 D:0)
[2020.08.23-00.47.06:304][  0]LogWindows:    3. 'NVIDIA GeForce GTX 1660 Ti' (P:0 D:0)
[2020.08.23-00.47.06:304][  0]LogWindows: DebugString: FoundDriverCount:4 
[2020.08.23-00.47.06:304][  0]LogD3D11RHI:     Adapter Name: NVIDIA GeForce GTX 1660 Ti
[2020.08.23-00.47.06:304][  0]LogD3D11RHI:   Driver Version: 445.87 (internal:26.21.14.4587, unified:445.87)
[2020.08.23-00.47.06:304][  0]LogD3D11RHI:      Driver Date: 4-3-2020
[2020.08.23-00.47.06:304][  0]LogRHI: Texture pool is 4193 MB (70% of 5991 MB)
[2020.08.23-00.47.06:492][  0]LogD3D11RHI: RHI has support for 64 bit atomics
[2020.08.23-00.47.06:501][  0]LogD3D11RHI: [Aftermath] Enabled and primed
[2020.08.23-00.47.06:501][  0]LogD3D11RHI: Async texture creation enabled
[2020.08.23-00.47.06:501][  0]LogD3D11RHI: Array index from any shader is supported
[2020.08.23-00.47.06:503][  0]LogD3D11RHI: HDR output is supported on display 0 (NvId: 0x80061087).
[2020.08.23-00.47.06:542][  0]LogD3D11RHI: GPU Timing Frequency: 1000.000000 (Debug: 2 2)
[2020.08.23-00.47.10:840][  0]LogTargetPlatformManager: Display: Loaded TargetPlatform 'AllDesktop'
[2020.08.23-00.47.10:862][  0]LogTargetPlatformManager: Display: Loaded TargetPlatform 'Android'
[2020.08.23-00.47.10:862][  0]LogTargetPlatformManager: Display: Loaded TargetPlatform 'Android_ASTC'
[2020.08.23-00.47.10:862][  0]LogTargetPlatformManager: Display: Loaded TargetPlatform 'Android_DXT'
[2020.08.23-00.47.10:862][  0]LogTargetPlatformManager: Display: Loaded TargetPlatform 'Android_ETC2'
[2020.08.23-00.47.10:862][  0]LogTargetPlatformManager: Display: Loaded TargetPlatform 'AndroidClient'
[2020.08.23-00.47.10:862][  0]LogTargetPlatformManager: Display: Loaded TargetPlatform 'Android_ASTCClient'
[2020.08.23-00.47.10:862][  0]LogTargetPlatformManager: Display: Loaded TargetPlatform 'Android_DXTClient'
[2020.08.23-00.47.10:863][  0]LogTargetPlatformManager: Display: Loaded TargetPlatform 'Android_ETC2Client'
[2020.08.23-00.47.10:863][  0]LogTargetPlatformManager: Display: Loaded TargetPlatform 'Android_Multi'
[2020.08.23-00.47.10:863][  0]LogTargetPlatformManager: Display: Loaded TargetPlatform 'Android_MultiClient'
[2020.08.23-00.47.10:891][  0]LogTargetPlatformManager: Display: Loaded TargetPlatform 'IOSClient'
[2020.08.23-00.47.10:891][  0]LogTargetPlatformManager: Display: Loaded TargetPlatform 'IOS'
[2020.08.23-00.47.10:902][  0]LogTargetPlatformManager: Display: Loaded TargetPlatform 'Linux'
[2020.08.23-00.47.10:913][  0]LogTargetPlatformManager: Display: Loaded TargetPlatform 'LinuxNoEditor'
[2020.08.23-00.47.10:923][  0]LogTargetPlatformManager: Display: Loaded TargetPlatform 'LinuxClient'
[2020.08.23-00.47.10:934][  0]LogTargetPlatformManager: Display: Loaded TargetPlatform 'LinuxServer'
[2020.08.23-00.47.10:944][  0]LogTargetPlatformManager: Display: Loaded TargetPlatform 'LinuxAArch64NoEditor'
[2020.08.23-00.47.10:954][  0]LogTargetPlatformManager: Display: Loaded TargetPlatform 'LinuxAArch64Client'
[2020.08.23-00.47.10:965][  0]LogTargetPlatformManager: Display: Loaded TargetPlatform 'LinuxAArch64Server'
[2020.08.23-00.47.10:990][  0]LogTargetPlatformManager: Display: Loaded TargetPlatform 'Lumin'
[2020.08.23-00.47.10:990][  0]LogTargetPlatformManager: Display: Loaded TargetPlatform 'LuminClient'
[2020.08.23-00.47.11:006][  0]LogTargetPlatformManager: Display: Loaded TargetPlatform 'TVOSClient'
[2020.08.23-00.47.11:006][  0]LogTargetPlatformManager: Display: Loaded TargetPlatform 'TVOS'
[2020.08.23-00.47.11:016][  0]LogTargetPlatformManager: Display: Loaded TargetPlatform 'WindowsNoEditor'
[2020.08.23-00.47.11:027][  0]LogTargetPlatformManager: Display: Loaded TargetPlatform 'Windows'
[2020.08.23-00.47.11:038][  0]LogTargetPlatformManager: Display: Loaded TargetPlatform 'WindowsClient'
[2020.08.23-00.47.11:048][  0]LogTargetPlatformManager: Display: Loaded TargetPlatform 'WindowsServer'
[2020.08.23-00.47.11:048][  0]LogTargetPlatformManager: Display: Building Assets For Windows
[2020.08.23-00.47.11:068][  0]LogAudioDebug: Display: Lib vorbis DLL was dynamically loaded.
[2020.08.23-00.47.11:174][  0]LogShaderCompilers: Guid format shader working directory is 20 characters bigger than the processId version (../../../../TC-RFAS/TCRFAS/Intermediate/Shaders/WorkingDirectory/3288/).
[2020.08.23-00.47.11:174][  0]LogShaderCompilers: Cleaned the shader compiler working directory 'C:/Users/kylej/AppData/Local/Temp/UnrealShaderWorkingDir/4A8FF2D64B9C63DB696D098C06D89373/'.
[2020.08.23-00.47.11:175][  0]LogXGEController: Cannot use XGE Controller as Incredibuild is not installed on this machine.
[2020.08.23-00.47.11:175][  0]LogShaderCompilers: Cannot use XGE Shader Compiler as Incredibuild is not installed on this machine.
[2020.08.23-00.47.11:175][  0]LogShaderCompilers: Display: Using Local Shader Compiler.
[2020.08.23-00.47.11:799][  0]LogDerivedDataCache: Display: Max Cache Size: 512 MB
[2020.08.23-00.47.11:836][  0]LogDerivedDataCache: Loaded boot cache 0.04s 75MB C:/Users/kylej/AppData/Local/UnrealEngine/4.25/DerivedDataCache/Boot.ddc.
[2020.08.23-00.47.11:836][  0]LogDerivedDataCache: Display: Loaded Boot cache: C:/Users/kylej/AppData/Local/UnrealEngine/4.25/DerivedDataCache/Boot.ddc
[2020.08.23-00.47.11:836][  0]LogDerivedDataCache: FDerivedDataBackendGraph:  Pak pak cache file ../../../../TC-RFAS/TCRFAS/DerivedDataCache/DDC.ddp not found, will not use a pak cache.
[2020.08.23-00.47.11:836][  0]LogDerivedDataCache: Unable to find inner node Pak for hierarchical cache Hierarchy.
[2020.08.23-00.47.11:837][  0]LogDerivedDataCache: FDerivedDataBackendGraph:  CompressedPak pak cache file ../../../../TC-RFAS/TCRFAS/DerivedDataCache/Compressed.ddp not found, will not use a pak cache.
[2020.08.23-00.47.11:837][  0]LogDerivedDataCache: Unable to find inner node CompressedPak for hierarchical cache Hierarchy.
[2020.08.23-00.47.11:846][  0]LogDerivedDataCache: Display: Pak cache opened for reading ../../../Engine/DerivedDataCache/Compressed.ddp.
[2020.08.23-00.47.11:846][  0]LogDerivedDataCache: FDerivedDataBackendGraph:  EnterprisePak pak cache file ../../../Enterprise/DerivedDataCache/Compressed.ddp not found, will not use a pak cache.
[2020.08.23-00.47.11:846][  0]LogDerivedDataCache: Unable to find inner node EnterprisePak for hierarchical cache Hierarchy.
[2020.08.23-00.47.11:848][  0]LogDerivedDataCache: Using Local data cache path C:/Users/kylej/AppData/Local/UnrealEngine/Common/DerivedDataCache: Writable
[2020.08.23-00.47.11:848][  0]LogDerivedDataCache: Shared data cache path not found in *engine.ini, will not use an Shared cache.
[2020.08.23-00.47.11:848][  0]LogDerivedDataCache: Unable to find inner node Shared for hierarchical cache Hierarchy.
[2020.08.23-00.47.11:889][  0]LogSlate: Using FreeType 2.10.0
[2020.08.23-00.47.11:890][  0]LogSlate: SlateFontServices - WITH_FREETYPE: 1, WITH_HARFBUZZ: 1
[2020.08.23-00.47.11:911][  0]LogAssetRegistry: FAssetRegistry took 0.0026 seconds to start up
[2020.08.23-00.47.12:106][  0]LogInit: Selected Device Profile: [Windows]
[2020.08.23-00.47.12:224][  0]LogMeshReduction: Using QuadricMeshReduction for automatic static mesh reduction
[2020.08.23-00.47.12:225][  0]LogMeshReduction: Using SimplygonMeshReduction for automatic skeletal mesh reduction
[2020.08.23-00.47.12:225][  0]LogMeshReduction: Using ProxyLODMeshReduction for automatic mesh merging
[2020.08.23-00.47.12:225][  0]LogMeshReduction: No distributed automatic mesh merging module available
[2020.08.23-00.47.12:225][  0]LogMeshMerging: No distributed automatic mesh merging module available
[2020.08.23-00.47.12:242][  0]LogNetVersion: TCRFAS 1.0.0, NetCL: 13144385, EngineNetVer: 14, GameNetVer: 0 (Checksum: 1694999402)
[2020.08.23-00.47.12:545][  0]LogAISub: UAISubsystem::UAISubsystem AISubsystem (000002499066DBC0), frame # 0
[2020.08.23-00.47.12:546][  0]LogAISub: UAISubsystem::UAISubsystem AIPerceptionSystem (00000249905CAAC0), frame # 0
[2020.08.23-00.47.12:547][  0]LogAISub: UAISubsystem::UAISubsystem EnvQueryManager (0000024990621E00), frame # 0
[2020.08.23-00.47.12:576][  0]LogPackageLocalizationCache: Processed 19 localized package path(s) for 1 prioritized culture(s) in 0.023153 seconds
[2020.08.23-00.47.12:580][  0]LogUObjectArray: 15917 objects as part of root set at end of initial load.
[2020.08.23-00.47.12:581][  0]LogUObjectAllocator: 3965568 out of 0 bytes used by permanent object pool.
[2020.08.23-00.47.12:581][  0]LogUObjectArray: CloseDisregardForGC: 0/0 objects in disregard for GC pool
[2020.08.23-00.47.13:099][  0]LogTcpMessaging: Initializing TcpMessaging bridge
[2020.08.23-00.47.13:106][  0]LogUdpMessaging: Initializing bridge on interface 0.0.0.0:0 to multicast group 230.0.0.1:6666.
[2020.08.23-00.47.13:395][  0]SourceControl: Source control is disabled
[2020.08.23-00.47.13:395][  0]SourceControl: Source control is disabled
[2020.08.23-00.47.13:401][  0]SourceControl: Source control is disabled
[2020.08.23-00.47.13:407][  0]SourceControl: Source control is disabled
[2020.08.23-00.47.13:418][  0]SourceControl: Source control is disabled
[2020.08.23-00.47.13:840][  0]LogAndroidPermission: UAndroidPermissionCallbackProxy::GetInstance
[2020.08.23-00.47.13:876][  0]LogAudioCaptureCore: Display: No Audio Capture implementations found. Audio input will be silent.
[2020.08.23-00.47.13:876][  0]LogAudioCaptureCore: Display: No Audio Capture implementations found. Audio input will be silent.
[2020.08.23-00.47.13:947][  0]LogOcInput: OculusInput pre-init called
[2020.08.23-00.47.13:962][  0]LogWindows: Failed to load 'OVRPlugin.dll' (GetLastError=126)
[2020.08.23-00.47.13:962][  0]LogWindows: File 'OVRPlugin.dll' does not exist
[2020.08.23-00.47.14:046][  0]LogEngine: Initializing Engine...
[2020.08.23-00.47.14:048][  0]LogHMD: Failed to initialize OpenVR with code 110
[2020.08.23-00.47.14:048][  0]LogMagicLeap: Warning: VR disabled because ZI is not enabled.  To enable, in the editor, Edit -> Project Settings -> Plugins -> Magic Leap Plugin -> Enable Zero Iteration
[2020.08.23-00.47.14:049][  0]LogStats: UGameplayTagsManager::InitializeManager -  0.000 s
[2020.08.23-00.47.14:134][  0]LogInit: Initializing FReadOnlyCVARCache
[2020.08.23-00.47.14:143][  0]LogAIModule: Creating AISystem for world Untitled
[2020.08.23-00.47.14:143][  0]LogAISub: UAISubsystem::UAISubsystem EnvQueryManager (00000249930D7C00), frame # 0
[2020.08.23-00.47.14:143][  0]LogAISub: UAISubsystem::UAISubsystem AIPerceptionSystem (0000024993190A40), frame # 0
[2020.08.23-00.47.14:156][  0]LogAudioMixer: Display: Audio Mixer Platform Settings:
[2020.08.23-00.47.14:156][  0]LogAudioMixer: Display: 	Sample Rate:						  48000
[2020.08.23-00.47.14:156][  0]LogAudioMixer: Display: 	Callback Buffer Frame Size Requested: 1024
[2020.08.23-00.47.14:156][  0]LogAudioMixer: Display: 	Callback Buffer Frame Size To Use:	  1024
[2020.08.23-00.47.14:156][  0]LogAudioMixer: Display: 	Number of buffers to queue:			  2
[2020.08.23-00.47.14:156][  0]LogAudioMixer: Display: 	Max Channels (voices):				  32
[2020.08.23-00.47.14:156][  0]LogAudioMixer: Display: 	Number of Async Source Workers:		  0
[2020.08.23-00.47.14:156][  0]LogAudio: Display: AudioDevice MaxSources: 32
[2020.08.23-00.47.14:157][  0]LogAudio: Display: Using built-in audio occlusion.
[2020.08.23-00.47.14:157][  0]LogAudioMixer: Display: Initializing audio mixer.
[2020.08.23-00.47.14:178][  0]LogAudioMixer: Display: 0: FrontLeft
[2020.08.23-00.47.14:179][  0]LogAudioMixer: Display: 1: FrontRight
[2020.08.23-00.47.14:214][  0]LogAudioMixer: Display: Using Audio Device Headset Earphone (Razer Audio Controller - Chat)
[2020.08.23-00.47.14:217][  0]LogAudioMixer: Display: Initializing Sound Submixes...
[2020.08.23-00.47.14:226][  0]LogAudioMixer: Display: Creating Master Submix 'MasterSubmixDefault'
[2020.08.23-00.47.14:227][  0]LogAudioMixer: Display: Creating Master Submix 'MasterReverbSubmixDefault'
[2020.08.23-00.47.14:228][  0]LogAudioMixer: Display: Creating Master Submix 'MasterEQSubmixDefault'
[2020.08.23-00.47.14:242][  0]LogInit: FAudioDevice initialized.
[2020.08.23-00.47.14:242][  0]LogNetVersion: Set ProjectVersion to 1.0.0.0. Version Checksum will be recalculated on next use.
[2020.08.23-00.47.14:313][  0]LogDerivedDataCache: Saved boot cache 0.07s 75MB C:/Users/kylej/AppData/Local/UnrealEngine/4.25/DerivedDataCache/Boot.ddc.
[2020.08.23-00.47.14:317][  0]LogInit: Texture streaming: Enabled
[2020.08.23-00.47.14:342][  0]LogEngineSessionManager: EngineSessionManager initialized
[2020.08.23-00.47.14:342][  0]LogEditorSessionSummary: Verbose: Initializing EditorSessionSummaryWriter for editor session tracking
[2020.08.23-00.47.14:343][  0]LogEditorSessionSummary: EditorSessionSummaryWriter initialized
[2020.08.23-00.47.14:383][  0]LogInit: Transaction tracking system initialized
[2020.08.23-00.47.14:416][  0]BlueprintLog: New page: Editor Load
[2020.08.23-00.47.14:519][  0]LocalizationService: Localization service is disabled
[2020.08.23-00.47.14:682][  0]LogCook: Display: Max memory allowance for cook 16384mb min free memory 0mb
[2020.08.23-00.47.14:682][  0]LogCook: Display: Mobile HDR setting 1
[2020.08.23-00.47.14:880][  0]LogFileCache: Scanning file cache for directory 'F:/TC-RFAS/TCRFAS/Content/' took 0.00s
[2020.08.23-00.47.15:023][  0]SourceControl: Source control is disabled
[2020.08.23-00.47.15:023][  0]LogUnrealEdMisc: Loading editor; pre map load, took 12.611
[2020.08.23-00.47.15:023][  0]Cmd: MAP LOAD FILE="../../../../TC-RFAS/TCRFAS/Content/Level/Forest1.umap" TEMPLATE=0 SHOWPROGRESS=1 FEATURELEVEL=3
[2020.08.23-00.47.15:023][  0]LogEditorServer: Warning: Can't find file '../../../../TC-RFAS/TCRFAS/Content/Level/Forest1.umap'
[2020.08.23-00.47.15:024][  0]Cmd: MAP CHECKDEP NOCLEARLOG
[2020.08.23-00.47.15:024][  0]MapCheck: Map check complete: 0 Error(s), 0 Warning(s), took 0.08ms to complete.
[2020.08.23-00.47.15:024][  0]LogFileHelpers: Loading map 'Forest1' took 0.001
[2020.08.23-00.47.15:025][  0]LogUnrealEdMisc: Total Editor Startup Time, took 12.613
[2020.08.23-00.47.15:203][  0]LogSlate: Updating window title bar state: overlay mode, drag disabled, window buttons hidden, title bar hidden
[2020.08.23-00.47.15:209][  0]LogSlate: Updating window title bar state: overlay mode, drag disabled, window buttons hidden, title bar hidden
[2020.08.23-00.47.15:215][  0]LogSlate: Updating window title bar state: overlay mode, drag disabled, window buttons hidden, title bar hidden
[2020.08.23-00.47.15:220][  0]LogSlate: Updating window title bar state: overlay mode, drag disabled, window buttons hidden, title bar hidden
[2020.08.23-00.47.15:228][  0]LogCollectionManager: Loaded 0 collections in 0.000728 seconds
[2020.08.23-00.47.15:249][  0]LogFileCache: Scanning file cache for directory 'F:/TC-RFAS/TCRFAS/Saved/Collections/' took 0.00s
[2020.08.23-00.47.15:249][  0]LogFileCache: Scanning file cache for directory 'F:/TC-RFAS/TCRFAS/Content/Developers/kylej/Collections/' took 0.00s
[2020.08.23-00.47.15:249][  0]LogFileCache: Scanning file cache for directory 'F:/TC-RFAS/TCRFAS/Content/Collections/' took 0.00s
[2020.08.23-00.47.15:249][  0]LogContentBrowser: Native class hierarchy populated in 0.0093 seconds. Added 3441 classes and 823 folders.
[2020.08.23-00.47.15:252][  0]LogContentBrowser: Native class hierarchy updated for 'WidgetCarousel' in 0.0003 seconds. Added 0 classes and 0 folders.
[2020.08.23-00.47.15:302][  0]LogContentBrowser: Native class hierarchy updated for 'AddContentDialog' in 0.0004 seconds. Added 0 classes and 0 folders.
[2020.08.23-00.47.15:362][  0]LogSlate: Took 0.000167 seconds to synchronously load lazily loaded font '../../../Engine/Content/Slate/Fonts/Roboto-Regular.ttf' (155K)
[2020.08.23-00.47.15:365][  0]LogSlate: Took 0.000097 seconds to synchronously load lazily loaded font '../../../Engine/Content/Slate/Fonts/Roboto-Bold.ttf' (160K)
[2020.08.23-00.47.15:367][  0]LogSlate: Took 0.000148 seconds to synchronously load lazily loaded font '../../../Engine/Content/Editor/Slate/Fonts/FontAwesome.ttf' (139K)
[2020.08.23-00.47.15:417][  0]LogRenderer: Reallocating scene render targets to support 808x268 Format 10 NumSamples 1 (Frame:1).
[2020.08.23-00.47.15:705][  0]LogContentBrowser: Native class hierarchy updated for 'HierarchicalLODOutliner' in 0.0003 seconds. Added 0 classes and 0 folders.
[2020.08.23-00.47.15:705][  0]LogLoad: (Engine Initialization) Total time: 13.29 seconds
[2020.08.23-00.47.15:705][  0]LogLoad: (Engine Initialization) Total Blueprint compile time: 0.00 seconds
[2020.08.23-00.47.15:737][  0]LogAssetRegistry: Asset discovery search completed in 3.8269 seconds
[2020.08.23-00.47.15:739][  0]LogCollectionManager: Fixed up redirectors for 0 collections in 0.000002 seconds (updated 0 objects)
[2020.08.23-00.47.15:740][  0]LogContentStreaming: Texture pool size now 1000 MB
[2020.08.23-00.47.24:086][935]LogSlate: Took 0.000131 seconds to synchronously load lazily loaded font '../../../Engine/Content/Slate/Fonts/Roboto-Light.ttf' (167K)
[2020.08.23-00.47.24:212][935]LogAssetEditorSubsystem: Opening Asset editor for World /Game/Forest1.Forest1
[2020.08.23-00.47.24:307][935]LogUObjectHash: Compacting FUObjectHashTables data took   0.77ms
[2020.08.23-00.47.24:309][935]Cmd: MAP LOAD FILE="../../../../TC-RFAS/TCRFAS/Content/Forest1.umap" TEMPLATE=0 SHOWPROGRESS=1 FEATURELEVEL=3
[2020.08.23-00.47.24:311][935]LightingResults: New page: Lighting Build
[2020.08.23-00.47.24:312][935]LogContentBrowser: Native class hierarchy updated for 'StatsViewer' in 0.0006 seconds. Added 6 classes and 0 folders.
[2020.08.23-00.47.24:313][935]LoadErrors: New page: Loading map: Forest1.umap
[2020.08.23-00.47.24:357][935]LogWorld: UWorld::CleanupWorld for Untitled, bSessionEnded=true, bCleanupResources=true
[2020.08.23-00.47.24:357][935]LogSlate: InvalidateAllWidgets triggered.  All widgets were invalidated
[2020.08.23-00.47.24:358][935]MapCheck: New page: Map Check
[2020.08.23-00.47.24:358][935]LightingResults: New page: Lighting Build
[2020.08.23-00.47.24:372][935]LogAISub: UAISubsystem::~UAISubsystem EnvQueryManager (00000249930D7C00), frame # 935
[2020.08.23-00.47.24:372][935]LogAISub: UAISubsystem::~UAISubsystem AIPerceptionSystem (0000024993190A40), frame # 935
[2020.08.23-00.47.24:373][935]LogUObjectHash: Compacting FUObjectHashTables data took   0.61ms
[2020.08.23-00.47.24:376][935]LogEditorServer: Finished looking for orphan Actors (0.000 secs)
[2020.08.23-00.47.24:377][935]LogAIModule: Creating AISystem for world Forest1
[2020.08.23-00.47.24:377][935]LogAISub: UAISubsystem::UAISubsystem EnvQueryManager (0000024993175A00), frame # 935
[2020.08.23-00.47.24:377][935]LogAISub: UAISubsystem::UAISubsystem AIPerceptionSystem (00000249B38C0A40), frame # 935
[2020.08.23-00.47.24:388][935]LogUObjectHash: Compacting FUObjectHashTables data took   0.58ms
[2020.08.23-00.47.24:405][935]Cmd: MAP CHECKDEP NOCLEARLOG
[2020.08.23-00.47.24:406][935]MapCheck: Map check complete: 0 Error(s), 0 Warning(s), took 0.074ms to complete.
[2020.08.23-00.47.24:406][935]LogFileHelpers: Loading map 'Forest1' took 0.096
[2020.08.23-00.47.27:840][286]LogTemp: Repeating last play command: Selected Viewport
[2020.08.23-00.47.27:851][286]LogPlayLevel: PlayLevel: No blueprints needed recompiling
[2020.08.23-00.47.27:852][286]PIE: New page: PIE session: Forest1 (Aug 22, 2020, 4:47:27 PM)
[2020.08.23-00.47.27:854][286]LogOnline: OSS: Creating online subsystem instance for: NULL
[2020.08.23-00.47.27:855][286]LogOnline: OSS: TryLoadSubsystemAndSetDefault: Loaded subsystem for module [NULL]
[2020.08.23-00.47.27:855][286]LogPlayLevel: Creating play world package: /Game/UEDPIE_0_Forest1
[2020.08.23-00.47.27:857][286]LogPlayLevel: PIE: StaticDuplicateObject took: (0.002310s)
[2020.08.23-00.47.27:858][286]LogAIModule: Creating AISystem for world Forest1
[2020.08.23-00.47.27:858][286]LogAISub: UAISubsystem::UAISubsystem EnvQueryManager (00000249B13B8C00), frame # 1286
[2020.08.23-00.47.27:858][286]LogAISub: UAISubsystem::UAISubsystem AIPerceptionSystem (00000249B38C8E00), frame # 1286
[2020.08.23-00.47.27:859][286]LogPlayLevel: PIE: World Init took: (0.001160s)
[2020.08.23-00.47.27:859][286]LogPlayLevel: PIE: Created PIE world by copying editor world from /Game/Forest1.Forest1 to /Game/UEDPIE_0_Forest1.Forest1 (0.003746s)
[2020.08.23-00.47.27:869][286]LogUObjectHash: Compacting FUObjectHashTables data took   0.58ms
[2020.08.23-00.47.27:870][286]LogAudioMixer: Display: Audio Mixer Platform Settings:
[2020.08.23-00.47.27:870][286]LogAudioMixer: Display: 	Sample Rate:						  48000
[2020.08.23-00.47.27:870][286]LogAudioMixer: Display: 	Callback Buffer Frame Size Requested: 1024
[2020.08.23-00.47.27:870][286]LogAudioMixer: Display: 	Callback Buffer Frame Size To Use:	  1024
[2020.08.23-00.47.27:870][286]LogAudioMixer: Display: 	Number of buffers to queue:			  2
[2020.08.23-00.47.27:870][286]LogAudioMixer: Display: 	Max Channels (voices):				  32
[2020.08.23-00.47.27:870][286]LogAudioMixer: Display: 	Number of Async Source Workers:		  0
[2020.08.23-00.47.27:870][286]LogAudio: Display: AudioDevice MaxSources: 32
[2020.08.23-00.47.27:871][286]LogAudio: Display: Using built-in audio occlusion.
[2020.08.23-00.47.27:871][286]LogAudioMixer: Display: Initializing audio mixer.
[2020.08.23-00.47.27:875][286]LogAudioMixer: Display: 0: FrontLeft
[2020.08.23-00.47.27:876][286]LogAudioMixer: Display: 1: FrontRight
[2020.08.23-00.47.27:896][286]LogAudioMixer: Display: Using Audio Device Headset Earphone (Razer Audio Controller - Chat)
[2020.08.23-00.47.27:896][286]LogAudioMixer: Display: Initializing Sound Submixes...
[2020.08.23-00.47.27:897][286]LogAudioMixer: Display: Creating Master Submix 'MasterSubmixDefault'
[2020.08.23-00.47.27:897][286]LogAudioMixer: Display: Creating Master Submix 'MasterReverbSubmixDefault'
[2020.08.23-00.47.27:898][286]LogAudioMixer: Display: Creating Master Submix 'MasterEQSubmixDefault'
[2020.08.23-00.47.27:928][286]LogInit: FAudioDevice initialized.
[2020.08.23-00.47.27:933][286]LogLoad: Game class is 'GameModeBase'
[2020.08.23-00.47.27:934][286]LogWorld: Bringing World /Game/UEDPIE_0_Forest1.Forest1 up for play (max tick rate 0) at 2020.08.22-20.47.27
[2020.08.23-00.47.27:934][286]LogWorld: Bringing up level for play took: 0.000787
[2020.08.23-00.47.27:935][286]LogOnline: OSS: Creating online subsystem instance for: :Context_1
[2020.08.23-00.47.27:938][286]LogContentBrowser: Native class hierarchy updated for 'MovieSceneCapture' in 0.0004 seconds. Added 20 classes and 0 folders.
[2020.08.23-00.47.27:938][286]PIE: Server logged in
[2020.08.23-00.47.27:939][286]PIE: Play in editor total start time 0.088 seconds.
[2020.08.23-00.47.39:597][925]LogSlate: Updating window title bar state: overlay mode, drag disabled, window buttons hidden, title bar hidden
[2020.08.23-00.47.39:597][925]LogWorld: BeginTearingDown for /Game/UEDPIE_0_Forest1
[2020.08.23-00.47.39:598][925]LogWorld: UWorld::CleanupWorld for Forest1, bSessionEnded=true, bCleanupResources=true
[2020.08.23-00.47.39:598][925]LogSlate: InvalidateAllWidgets triggered.  All widgets were invalidated
[2020.08.23-00.47.39:605][925]LogPlayLevel: Display: Shutting down PIE online subsystems
[2020.08.23-00.47.39:606][925]LogSlate: InvalidateAllWidgets triggered.  All widgets were invalidated
[2020.08.23-00.47.39:638][925]LogSlate: Updating window title bar state: overlay mode, drag disabled, window buttons hidden, title bar hidden
[2020.08.23-00.47.39:639][925]LogAISub: UAISubsystem::~UAISubsystem AIPerceptionSystem (00000249B38C8E00), frame # 1925
[2020.08.23-00.47.39:639][925]LogAISub: UAISubsystem::~UAISubsystem EnvQueryManager (00000249B13B8C00), frame # 1925
[2020.08.23-00.47.39:640][925]LogUObjectHash: Compacting FUObjectHashTables data took   0.57ms
[2020.08.23-00.47.39:666][927]LogPlayLevel: Display: Destroying online subsystem :Context_1
[2020.08.23-00.47.41:611][136]LogTemp: Repeating last play command: Selected Viewport
[2020.08.23-00.47.41:622][136]LogPlayLevel: PlayLevel: No blueprints needed recompiling
[2020.08.23-00.47.41:622][136]PIE: New page: PIE session: Forest1 (Aug 22, 2020, 4:47:41 PM)
[2020.08.23-00.47.41:622][136]LogPlayLevel: Creating play world package: /Game/UEDPIE_0_Forest1
[2020.08.23-00.47.41:624][136]LogPlayLevel: PIE: StaticDuplicateObject took: (0.001922s)
[2020.08.23-00.47.41:625][136]LogAIModule: Creating AISystem for world Forest1
[2020.08.23-00.47.41:625][136]LogAISub: UAISubsystem::UAISubsystem EnvQueryManager (00000249B2AC7C00), frame # 2136
[2020.08.23-00.47.41:626][136]LogAISub: UAISubsystem::UAISubsystem AIPerceptionSystem (00000249B38B02C0), frame # 2136
[2020.08.23-00.47.41:626][136]LogPlayLevel: PIE: World Init took: (0.001302s)
[2020.08.23-00.47.41:626][136]LogPlayLevel: PIE: Created PIE world by copying editor world from /Game/Forest1.Forest1 to /Game/UEDPIE_0_Forest1.Forest1 (0.003486s)
[2020.08.23-00.47.41:636][136]LogUObjectHash: Compacting FUObjectHashTables data took   0.58ms
[2020.08.23-00.47.41:637][136]LogAudioMixer: Display: Audio Mixer Platform Settings:
[2020.08.23-00.47.41:637][136]LogAudioMixer: Display: 	Sample Rate:						  48000
[2020.08.23-00.47.41:637][136]LogAudioMixer: Display: 	Callback Buffer Frame Size Requested: 1024
[2020.08.23-00.47.41:637][136]LogAudioMixer: Display: 	Callback Buffer Frame Size To Use:	  1024
[2020.08.23-00.47.41:637][136]LogAudioMixer: Display: 	Number of buffers to queue:			  2
[2020.08.23-00.47.41:637][136]LogAudioMixer: Display: 	Max Channels (voices):				  32
[2020.08.23-00.47.41:637][136]LogAudioMixer: Display: 	Number of Async Source Workers:		  0
[2020.08.23-00.47.41:638][136]LogAudio: Display: AudioDevice MaxSources: 32
[2020.08.23-00.47.41:638][136]LogAudio: Display: Using built-in audio occlusion.
[2020.08.23-00.47.41:638][136]LogAudioMixer: Display: Initializing audio mixer.
[2020.08.23-00.47.41:643][136]LogAudioMixer: Display: 0: FrontLeft
[2020.08.23-00.47.41:643][136]LogAudioMixer: Display: 1: FrontRight
[2020.08.23-00.47.41:663][136]LogAudioMixer: Display: Using Audio Device Headset Earphone (Razer Audio Controller - Chat)
[2020.08.23-00.47.41:664][136]LogAudioMixer: Display: Initializing Sound Submixes...
[2020.08.23-00.47.41:664][136]LogAudioMixer: Display: Creating Master Submix 'MasterSubmixDefault'
[2020.08.23-00.47.41:664][136]LogAudioMixer: Display: Creating Master Submix 'MasterReverbSubmixDefault'
[2020.08.23-00.47.41:665][136]LogAudioMixer: Display: Creating Master Submix 'MasterEQSubmixDefault'
[2020.08.23-00.47.41:694][136]LogInit: FAudioDevice initialized.
[2020.08.23-00.47.41:704][136]LogLoad: Game class is 'GameModeBase'
[2020.08.23-00.47.41:705][136]LogWorld: Bringing World /Game/UEDPIE_0_Forest1.Forest1 up for play (max tick rate 0) at 2020.08.22-20.47.41
[2020.08.23-00.47.41:705][136]LogWorld: Bringing up level for play took: 0.000663
[2020.08.23-00.47.41:706][136]LogOnline: OSS: Creating online subsystem instance for: :Context_2
[2020.08.23-00.47.41:708][136]PIE: Server logged in
[2020.08.23-00.47.41:708][136]PIE: Play in editor total start time 0.087 seconds.
[2020.08.23-00.47.46:108][659]LogSlate: Updating window title bar state: overlay mode, drag disabled, window buttons hidden, title bar hidden
[2020.08.23-00.47.46:108][659]LogWorld: BeginTearingDown for /Game/UEDPIE_0_Forest1
[2020.08.23-00.47.46:108][659]LogWorld: UWorld::CleanupWorld for Forest1, bSessionEnded=true, bCleanupResources=true
[2020.08.23-00.47.46:108][659]LogSlate: InvalidateAllWidgets triggered.  All widgets were invalidated
[2020.08.23-00.47.46:121][659]LogPlayLevel: Display: Shutting down PIE online subsystems
[2020.08.23-00.47.46:122][659]LogSlate: InvalidateAllWidgets triggered.  All widgets were invalidated
[2020.08.23-00.47.46:147][659]LogSlate: Updating window title bar state: overlay mode, drag disabled, window buttons hidden, title bar hidden
[2020.08.23-00.47.46:170][659]LogAISub: UAISubsystem::~UAISubsystem AIPerceptionSystem (00000249B38B02C0), frame # 2659
[2020.08.23-00.47.46:170][659]LogAISub: UAISubsystem::~UAISubsystem EnvQueryManager (00000249B2AC7C00), frame # 2659
[2020.08.23-00.47.46:171][659]LogUObjectHash: Compacting FUObjectHashTables data took   0.57ms
[2020.08.23-00.47.46:196][660]LogPlayLevel: Display: Destroying online subsystem :Context_2
[2020.08.23-00.48.23:065][719]LogSlate: Window 'Editor Preferences' being destroyed
[2020.08.23-00.48.23:068][719]LogSlate: Window 'Editor Preferences' being destroyed
[2020.08.23-00.48.25:537][964]LogTemp: Repeating last play command: Selected Viewport
[2020.08.23-00.48.25:549][964]LogPlayLevel: PlayLevel: No blueprints needed recompiling
[2020.08.23-00.48.25:549][964]PIE: New page: PIE session: Forest1 (Aug 22, 2020, 4:48:25 PM)
[2020.08.23-00.48.25:577][964]LogPlayLevel: Creating play world package: /Game/UEDPIE_0_Forest1
[2020.08.23-00.48.25:579][964]LogPlayLevel: PIE: StaticDuplicateObject took: (0.002134s)
[2020.08.23-00.48.25:580][964]LogAIModule: Creating AISystem for world Forest1
[2020.08.23-00.48.25:580][964]LogAISub: UAISubsystem::UAISubsystem EnvQueryManager (00000249B1424600), frame # 6964
[2020.08.23-00.48.25:580][964]LogAISub: UAISubsystem::UAISubsystem AIPerceptionSystem (00000249B38C0540), frame # 6964
[2020.08.23-00.48.25:580][964]LogPlayLevel: PIE: World Init took: (0.001339s)
[2020.08.23-00.48.25:580][964]LogPlayLevel: PIE: Created PIE world by copying editor world from /Game/Forest1.Forest1 to /Game/UEDPIE_0_Forest1.Forest1 (0.003854s)
[2020.08.23-00.48.25:590][964]LogUObjectHash: Compacting FUObjectHashTables data took   0.57ms
[2020.08.23-00.48.25:607][964]LogAudioMixer: Display: Audio Mixer Platform Settings:
[2020.08.23-00.48.25:607][964]LogAudioMixer: Display: 	Sample Rate:						  48000
[2020.08.23-00.48.25:607][964]LogAudioMixer: Display: 	Callback Buffer Frame Size Requested: 1024
[2020.08.23-00.48.25:607][964]LogAudioMixer: Display: 	Callback Buffer Frame Size To Use:	  1024
[2020.08.23-00.48.25:607][964]LogAudioMixer: Display: 	Number of buffers to queue:			  2
[2020.08.23-00.48.25:607][964]LogAudioMixer: Display: 	Max Channels (voices):				  32
[2020.08.23-00.48.25:607][964]LogAudioMixer: Display: 	Number of Async Source Workers:		  0
[2020.08.23-00.48.25:607][964]LogAudio: Display: AudioDevice MaxSources: 32
[2020.08.23-00.48.25:608][964]LogAudio: Display: Using built-in audio occlusion.
[2020.08.23-00.48.25:608][964]LogAudioMixer: Display: Initializing audio mixer.
[2020.08.23-00.48.25:613][964]LogAudioMixer: Display: 0: FrontLeft
[2020.08.23-00.48.25:613][964]LogAudioMixer: Display: 1: FrontRight
[2020.08.23-00.48.25:634][964]LogAudioMixer: Display: Using Audio Device Headset Earphone (Razer Audio Controller - Chat)
[2020.08.23-00.48.25:635][964]LogAudioMixer: Display: Initializing Sound Submixes...
[2020.08.23-00.48.25:635][964]LogAudioMixer: Display: Creating Master Submix 'MasterSubmixDefault'
[2020.08.23-00.48.25:635][964]LogAudioMixer: Display: Creating Master Submix 'MasterReverbSubmixDefault'
[2020.08.23-00.48.25:636][964]LogAudioMixer: Display: Creating Master Submix 'MasterEQSubmixDefault'
[2020.08.23-00.48.25:665][964]LogInit: FAudioDevice initialized.
[2020.08.23-00.48.25:676][964]LogLoad: Game class is 'GameModeBase'
[2020.08.23-00.48.25:677][964]LogWorld: Bringing World /Game/UEDPIE_0_Forest1.Forest1 up for play (max tick rate 0) at 2020.08.22-20.48.25
[2020.08.23-00.48.25:677][964]LogWorld: Bringing up level for play took: 0.000676
[2020.08.23-00.48.25:678][964]LogOnline: OSS: Creating online subsystem instance for: :Context_3
[2020.08.23-00.48.25:680][964]PIE: Server logged in
[2020.08.23-00.48.25:681][964]PIE: Play in editor total start time 0.133 seconds.
[2020.08.23-00.48.31:207][599]LogSlate: Updating window title bar state: overlay mode, drag disabled, window buttons hidden, title bar hidden
[2020.08.23-00.48.31:207][599]LogWorld: BeginTearingDown for /Game/UEDPIE_0_Forest1
[2020.08.23-00.48.31:208][599]LogWorld: UWorld::CleanupWorld for Forest1, bSessionEnded=true, bCleanupResources=true
[2020.08.23-00.48.31:208][599]LogSlate: InvalidateAllWidgets triggered.  All widgets were invalidated
[2020.08.23-00.48.31:219][599]LogPlayLevel: Display: Shutting down PIE online subsystems
[2020.08.23-00.48.31:221][599]LogSlate: InvalidateAllWidgets triggered.  All widgets were invalidated
[2020.08.23-00.48.31:251][599]LogSlate: Updating window title bar state: overlay mode, drag disabled, window buttons hidden, title bar hidden
[2020.08.23-00.48.31:252][599]LogAISub: UAISubsystem::~UAISubsystem AIPerceptionSystem (00000249B38C0540), frame # 7599
[2020.08.23-00.48.31:252][599]LogAISub: UAISubsystem::~UAISubsystem EnvQueryManager (00000249B1424600), frame # 7599
[2020.08.23-00.48.31:253][599]LogUObjectHash: Compacting FUObjectHashTables data took   0.57ms
[2020.08.23-00.48.31:271][600]LogPlayLevel: Display: Destroying online subsystem :Context_3
[2020.08.23-00.49.01:876][ 31]LogSlate: Window 'Editor Preferences' being destroyed
[2020.08.23-00.49.01:879][ 31]LogSlate: Window 'Editor Preferences' being destroyed
[2020.08.23-00.49.05:811][364]LogSlate: Window 'Editor Preferences' being destroyed
[2020.08.23-00.49.05:814][364]LogSlate: Window 'Editor Preferences' being destroyed
[2020.08.23-00.49.44:378][345]LogSlate: Window 'Project Settings' being destroyed
[2020.08.23-00.49.44:382][345]LogSlate: Window 'Project Settings' being destroyed
[2020.08.23-00.49.46:925][570]Cmd: OBJ SAVEPACKAGE PACKAGE="/Game/Forest1" FILE="../../../../TC-RFAS/TCRFAS/Content/Forest1.umap" SILENT=true AUTOSAVING=false KEEPDIRTY=false
[2020.08.23-00.49.46:961][570]LogUObjectHash: Compacting FUObjectHashTables data took   0.58ms
[2020.08.23-00.49.47:063][570]LogSavePackage: Moving '../../../../TC-RFAS/TCRFAS/Saved/Forest17DF9DC994F5C4E563EB850AAABC008C9.tmp' to '../../../../TC-RFAS/TCRFAS/Content/Forest1.umap'
[2020.08.23-00.49.47:063][570]LogFileManager: Warning: DeleteFile was unable to delete '../../../../TC-RFAS/TCRFAS/Content/Forest1.umap', retrying in .5s...
[2020.08.23-00.49.47:564][570]LogFileManager: Error: Error deleting file '../../../../TC-RFAS/TCRFAS/Content/Forest1.umap'.
[2020.08.23-00.49.47:564][570]LogSavePackage: Error: Error saving '../../../../TC-RFAS/TCRFAS/Content/Forest1.umap'
[2020.08.23-00.49.47:603][570]EditorErrors: New page: Save Output
[2020.08.23-00.49.47:603][570]EditorErrors: Warning: Error saving '../../../../TC-RFAS/TCRFAS/Content/Forest1.umap'
[2020.08.23-00.49.47:842][570]LogSlate: Took 0.000131 seconds to synchronously load lazily loaded font '../../../Engine/Content/Slate/Fonts/DroidSansMono.ttf' (77K)
[2020.08.23-00.49.50:106][838]LogSlate: Window 'Message Log' being destroyed
[2020.08.23-00.49.50:109][838]LogSlate: Window 'Message Log' being destroyed
[2020.08.23-00.49.52:195][ 40]LogUObjectHash: Compacting FUObjectHashTables data took   0.55ms
[2020.08.23-00.49.57:541][553]LogRenderer: Reallocating scene render targets to support 2420x268 Format 10 NumSamples 1 (Frame:10017).
[2020.08.23-00.50.03:384][163]LogRenderer: Reallocating scene render targets to support 2420x404 Format 10 NumSamples 1 (Frame:10609).
[2020.08.23-00.50.03:428][164]LogRenderer: Reallocating scene render targets to support 2420x440 Format 10 NumSamples 1 (Frame:10611).
[2020.08.23-00.50.03:475][165]LogRenderer: Reallocating scene render targets to support 2420x468 Format 10 NumSamples 1 (Frame:10613).
[2020.08.23-00.50.03:543][166]LogRenderer: Reallocating scene render targets to support 2420x492 Format 10 NumSamples 1 (Frame:10615).
[2020.08.23-00.50.03:592][167]LogRenderer: Reallocating scene render targets to support 2420x536 Format 10 NumSamples 1 (Frame:10617).
[2020.08.23-00.50.03:652][168]LogRenderer: Reallocating scene render targets to support 2420x576 Format 10 NumSamples 1 (Frame:10619).
[2020.08.23-00.50.03:716][169]LogRenderer: Reallocating scene render targets to support 2420x628 Format 10 NumSamples 1 (Frame:10621).
[2020.08.23-00.50.03:757][170]LogRenderer: Reallocating scene render targets to support 2420x676 Format 10 NumSamples 1 (Frame:10623).
[2020.08.23-00.50.03:799][171]LogRenderer: Reallocating scene render targets to support 2420x712 Format 10 NumSamples 1 (Frame:10625).
[2020.08.23-00.50.03:835][172]LogRenderer: Reallocating scene render targets to support 2420x736 Format 10 NumSamples 1 (Frame:10627).
[2020.08.23-00.50.03:873][173]LogRenderer: Reallocating scene render targets to support 2420x756 Format 10 NumSamples 1 (Frame:10629).
[2020.08.23-00.50.03:914][174]LogRenderer: Reallocating scene render targets to support 2420x776 Format 10 NumSamples 1 (Frame:10631).
[2020.08.23-00.50.03:950][175]LogRenderer: Reallocating scene render targets to support 2420x796 Format 10 NumSamples 1 (Frame:10633).
[2020.08.23-00.50.03:988][176]LogRenderer: Reallocating scene render targets to support 2420x804 Format 10 NumSamples 1 (Frame:10635).
[2020.08.23-00.50.04:024][177]LogRenderer: Reallocating scene render targets to support 2420x808 Format 10 NumSamples 1 (Frame:10637).
[2020.08.23-00.50.10:901][875]Cmd: DELETE
[2020.08.23-00.50.10:901][875]Cmd: ACTOR DELETE
[2020.08.23-00.50.10:987][875]LogEditorActor: Deleted Actor: Pawn
[2020.08.23-00.50.11:004][875]LogUObjectHash: Compacting FUObjectHashTables data took   0.24ms
[2020.08.23-00.50.11:016][875]LogEditorActor: Deleted 1 Actors (0.090 secs)
[2020.08.23-00.50.15:028][303]Cmd: DELETE
[2020.08.23-00.50.15:028][303]Cmd: ACTOR DELETE
[2020.08.23-00.50.15:030][303]LogEditorActor: Deleted Actor: MySigma_C
[2020.08.23-00.50.15:039][303]LogUObjectHash: Compacting FUObjectHashTables data took   0.57ms
[2020.08.23-00.50.15:042][303]LogEditorActor: Deleted 1 Actors (0.014 secs)
